<html>
<head>
<title>TestNG:  Default test</title>
<link href="../testng.css" rel="stylesheet" type="text/css" />
<link href="../my-testng.css" rel="stylesheet" type="text/css" />

<style type="text/css">
.log { display: none;} 
.stack-trace { display: none;} 
</style>
<script type="text/javascript">
<!--
function flip(e) {
  current = e.style.display;
  if (current == 'block') {
    e.style.display = 'none';
    return 0;
  }
  else {
    e.style.display = 'block';
    return 1;
  }
}

function toggleBox(szDivId, elem, msg1, msg2)
{
  var res = -1;  if (document.getElementById) {
    res = flip(document.getElementById(szDivId));
  }
  else if (document.all) {
    // this is the way old msie versions work
    res = flip(document.all[szDivId]);
  }
  if(elem) {
    if(res == 0) elem.innerHTML = msg1; else elem.innerHTML = msg2;
  }

}

function toggleAllBoxes() {
  if (document.getElementsByTagName) {
    d = document.getElementsByTagName('div');
    for (i = 0; i < d.length; i++) {
      if (d[i].className == 'log') {
        flip(d[i]);
      }
    }
  }
}

// -->
</script>

</head>
<body>
<h2 align='center'>Default test</h2><table border='1' align="center">
<tr>
<td>Tests passed/Failed/Skipped:</td><td>145/0/0</td>
</tr><tr>
<td>Started on:</td><td>Wed Nov 04 15:34:07 CET 2015</td>
</tr>
<tr><td>Total time:</td><td>1 seconds (1174 ms)</td>
</tr><tr>
<td>Included groups:</td><td></td>
</tr><tr>
<td>Excluded groups:</td><td></td>
</tr>
</table><p/>
<small><i>(Hover the method name to see the test class name)</i></small><p/>
<table width='100%' border='1' class='invocation-passed'>
<tr><td colspan='4' align='center'><b>PASSED TESTS</b></td></tr>
<tr><td><b>Test method</b></td>
<td width="30%"><b>Exception</b></td>
<td width="10%"><b>Time (seconds)</b></td>
<td><b>Instance</b></td>
</tr>
<tr>
<td title='NotationTest.Polymer.MonomerNotationGroupTest.MonomerNotationGroupTestAND()'><b>MonomerNotationGroupTestAND</b><br>Test class: NotationTest.Polymer.MonomerNotationGroupTest</td>
<td></td>
<td>0</td>
<td>NotationTest.Polymer.MonomerNotationGroupTest@1dc03ce</td></tr>
<tr>
<td title='NotationTest.Polymer.MonomerNotationGroupTest.MonomerNotationGroupTestOr()'><b>MonomerNotationGroupTestOr</b><br>Test class: NotationTest.Polymer.MonomerNotationGroupTest</td>
<td></td>
<td>0</td>
<td>NotationTest.Polymer.MonomerNotationGroupTest@1dc03ce</td></tr>
<tr>
<td title='parsertest.ConnectionSectionTest.BetweenInlineConnectionParserTest.Reading$WithException()'><b>Reading$WithException</b><br>Test class: parsertest.ConnectionSectionTest.BetweenInlineConnectionParserTest</td>
<td><div><pre>parsertest.ExceptionParser.ConnectionSectionException: Invalid character after inline annotation in connection section: h
	at parsertest.ConnectionSection.BetweenInlineConnectionParser.doAction(BetweenInlineConnectionParser.java:76)
	at parsertest.StateMachineParser.doAction(StateMachineParser.java:85)
	at parsertest.ConnectionSectionTest.BetweenInlineConnectionParserTest.Reading$WithException(BetweenInlineConnectionParserTest.java:67)
	at sun.reflect.NativeMethodAccessorImpl.invoke0(Native Method)
	at sun.reflect.NativeMethodAccessorImpl.invoke(Unknown Source)
	at sun.reflect.DelegatingMethodAccessorImpl.invoke(Unknown Source)
	at java.lang.reflect.Method.invoke(Unknown Source)
	at org.testng.internal.MethodInvocationHelper.invokeMethod(MethodInvocationHelper.java:85)
	at org.testng.internal.Invoker.invokeMethod(Invoker.java:639)
	at org.testng.internal.Invoker.invokeTestMethod(Invoker.java:816)
	at org.testng.internal.Invoker.invokeTestMethods(Invoker.java:1124)
	at org.testng.internal.TestMethodWorker.invokeTestMethods(TestMethodWorker.java:125)
	at org.testng.internal.TestMethodWorker.run(TestMethodWorker.java:108)
	at org.testng.TestRunner.privateRun(TestRunner.java:774)
	at org.testng.TestRunner.run(TestRunner.java:624)
	at org.testng.SuiteRunner.runTest(SuiteRunner.java:359)
	at org.testng.SuiteRunner.runSequentially(SuiteRunner.java:354)
	at org.testng.SuiteRunner.privateRun(SuiteRunner.java:312)
	at org.testng.SuiteRunner.run(SuiteRunner.java:261)
	at org.testng.SuiteRunnerWorker.runSuite(SuiteRunnerWorker.java:52)
	at org.testng.SuiteRunnerWorker.run(SuiteRunnerWorker.java:86)
	at org.testng.TestNG.runSuitesSequentially(TestNG.java:1191)
	at org.testng.TestNG.runSuitesLocally(TestNG.java:1116)
	at org.testng.TestNG.run(TestNG.java:1024)
	at org.testng.remote.RemoteTestNG.run(RemoteTestNG.java:112)
	at org.testng.remote.RemoteTestNG.initAndRun(RemoteTestNG.java:205)
	at org.testng.remote.RemoteTestNG.main(RemoteTestNG.java:176)
</pre></div><a href='#' onClick='toggleBox("stack-trace3960685", this, "Click to show all stack frames", "Click to hide stack frames")'>Click to show all stack frames</a>
<div class='stack-trace' id='stack-trace3960685'><pre>parsertest.ExceptionParser.ConnectionSectionException: Invalid character after inline annotation in connection section: h
	at parsertest.ConnectionSection.BetweenInlineConnectionParser.doAction(BetweenInlineConnectionParser.java:76)
	at parsertest.StateMachineParser.doAction(StateMachineParser.java:85)
	at parsertest.ConnectionSectionTest.BetweenInlineConnectionParserTest.Reading$WithException(BetweenInlineConnectionParserTest.java:67)
	at sun.reflect.NativeMethodAccessorImpl.invoke0(Native Method)
	at sun.reflect.NativeMethodAccessorImpl.invoke(Unknown Source)
	at sun.reflect.DelegatingMethodAccessorImpl.invoke(Unknown Source)
	at java.lang.reflect.Method.invoke(Unknown Source)
	at org.testng.internal.MethodInvocationHelper.invokeMethod(MethodInvocationHelper.java:85)
	at org.testng.internal.Invoker.invokeMethod(Invoker.java:639)
	at org.testng.internal.Invoker.invokeTestMethod(Invoker.java:816)
	at org.testng.internal.Invoker.invokeTestMethods(Invoker.java:1124)
	at org.testng.internal.TestMethodWorker.invokeTestMethods(TestMethodWorker.java:125)
	at org.testng.internal.TestMethodWorker.run(TestMethodWorker.java:108)
	at org.testng.TestRunner.privateRun(TestRunner.java:774)
	at org.testng.TestRunner.run(TestRunner.java:624)
	at org.testng.SuiteRunner.runTest(SuiteRunner.java:359)
	at org.testng.SuiteRunner.runSequentially(SuiteRunner.java:354)
	at org.testng.SuiteRunner.privateRun(SuiteRunner.java:312)
	at org.testng.SuiteRunner.run(SuiteRunner.java:261)
	at org.testng.SuiteRunnerWorker.runSuite(SuiteRunnerWorker.java:52)
	at org.testng.SuiteRunnerWorker.run(SuiteRunnerWorker.java:86)
	at org.testng.TestNG.runSuitesSequentially(TestNG.java:1191)
	at org.testng.TestNG.runSuitesLocally(TestNG.java:1116)
	at org.testng.TestNG.run(TestNG.java:1024)
	at org.testng.remote.RemoteTestNG.run(RemoteTestNG.java:112)
	at org.testng.remote.RemoteTestNG.initAndRun(RemoteTestNG.java:205)
	at org.testng.remote.RemoteTestNG.main(RemoteTestNG.java:176)
</pre></div></td>
<td>0</td>
<td>parsertest.ConnectionSectionTest.BetweenInlineConnectionParserTest@17e1986</td></tr>
<tr>
<td title='parsertest.SimplePolymersSectionTest.BetweenParserTest.Reading$WithException()'><b>Reading$WithException</b><br>Test class: parsertest.SimplePolymersSectionTest.BetweenParserTest</td>
<td><div><pre>parsertest.ExceptionParser.SimplePolymerSectionException: Invalid syntax in simple polymer section: h
	at parsertest.SimplePolymersSection.BetweenParser.doAction(BetweenParser.java:85)
	at parsertest.StateMachineParser.doAction(StateMachineParser.java:85)
	at parsertest.SimplePolymersSectionTest.BetweenParserTest.Reading$WithException(BetweenParserTest.java:78)
	at sun.reflect.NativeMethodAccessorImpl.invoke0(Native Method)
	at sun.reflect.NativeMethodAccessorImpl.invoke(Unknown Source)
	at sun.reflect.DelegatingMethodAccessorImpl.invoke(Unknown Source)
	at java.lang.reflect.Method.invoke(Unknown Source)
	at org.testng.internal.MethodInvocationHelper.invokeMethod(MethodInvocationHelper.java:85)
	at org.testng.internal.Invoker.invokeMethod(Invoker.java:639)
	at org.testng.internal.Invoker.invokeTestMethod(Invoker.java:816)
	at org.testng.internal.Invoker.invokeTestMethods(Invoker.java:1124)
	at org.testng.internal.TestMethodWorker.invokeTestMethods(TestMethodWorker.java:125)
	at org.testng.internal.TestMethodWorker.run(TestMethodWorker.java:108)
	at org.testng.TestRunner.privateRun(TestRunner.java:774)
	at org.testng.TestRunner.run(TestRunner.java:624)
	at org.testng.SuiteRunner.runTest(SuiteRunner.java:359)
	at org.testng.SuiteRunner.runSequentially(SuiteRunner.java:354)
	at org.testng.SuiteRunner.privateRun(SuiteRunner.java:312)
	at org.testng.SuiteRunner.run(SuiteRunner.java:261)
	at org.testng.SuiteRunnerWorker.runSuite(SuiteRunnerWorker.java:52)
	at org.testng.SuiteRunnerWorker.run(SuiteRunnerWorker.java:86)
	at org.testng.TestNG.runSuitesSequentially(TestNG.java:1191)
	at org.testng.TestNG.runSuitesLocally(TestNG.java:1116)
	at org.testng.TestNG.run(TestNG.java:1024)
	at org.testng.remote.RemoteTestNG.run(RemoteTestNG.java:112)
	at org.testng.remote.RemoteTestNG.initAndRun(RemoteTestNG.java:205)
	at org.testng.remote.RemoteTestNG.main(RemoteTestNG.java:176)
</pre></div><a href='#' onClick='toggleBox("stack-trace16287990", this, "Click to show all stack frames", "Click to hide stack frames")'>Click to show all stack frames</a>
<div class='stack-trace' id='stack-trace16287990'><pre>parsertest.ExceptionParser.SimplePolymerSectionException: Invalid syntax in simple polymer section: h
	at parsertest.SimplePolymersSection.BetweenParser.doAction(BetweenParser.java:85)
	at parsertest.StateMachineParser.doAction(StateMachineParser.java:85)
	at parsertest.SimplePolymersSectionTest.BetweenParserTest.Reading$WithException(BetweenParserTest.java:78)
	at sun.reflect.NativeMethodAccessorImpl.invoke0(Native Method)
	at sun.reflect.NativeMethodAccessorImpl.invoke(Unknown Source)
	at sun.reflect.DelegatingMethodAccessorImpl.invoke(Unknown Source)
	at java.lang.reflect.Method.invoke(Unknown Source)
	at org.testng.internal.MethodInvocationHelper.invokeMethod(MethodInvocationHelper.java:85)
	at org.testng.internal.Invoker.invokeMethod(Invoker.java:639)
	at org.testng.internal.Invoker.invokeTestMethod(Invoker.java:816)
	at org.testng.internal.Invoker.invokeTestMethods(Invoker.java:1124)
	at org.testng.internal.TestMethodWorker.invokeTestMethods(TestMethodWorker.java:125)
	at org.testng.internal.TestMethodWorker.run(TestMethodWorker.java:108)
	at org.testng.TestRunner.privateRun(TestRunner.java:774)
	at org.testng.TestRunner.run(TestRunner.java:624)
	at org.testng.SuiteRunner.runTest(SuiteRunner.java:359)
	at org.testng.SuiteRunner.runSequentially(SuiteRunner.java:354)
	at org.testng.SuiteRunner.privateRun(SuiteRunner.java:312)
	at org.testng.SuiteRunner.run(SuiteRunner.java:261)
	at org.testng.SuiteRunnerWorker.runSuite(SuiteRunnerWorker.java:52)
	at org.testng.SuiteRunnerWorker.run(SuiteRunnerWorker.java:86)
	at org.testng.TestNG.runSuitesSequentially(TestNG.java:1191)
	at org.testng.TestNG.runSuitesLocally(TestNG.java:1116)
	at org.testng.TestNG.run(TestNG.java:1024)
	at org.testng.remote.RemoteTestNG.run(RemoteTestNG.java:112)
	at org.testng.remote.RemoteTestNG.initAndRun(RemoteTestNG.java:205)
	at org.testng.remote.RemoteTestNG.main(RemoteTestNG.java:176)
</pre></div></td>
<td>0</td>
<td>parsertest.SimplePolymersSectionTest.BetweenParserTest@56dfcb</td></tr>
<tr>
<td title='parsertest.GroupingSectionTest.BetweenGroupingParserTest.ReadingWithException()'><b>ReadingWithException</b><br>Test class: parsertest.GroupingSectionTest.BetweenGroupingParserTest</td>
<td><div><pre>parsertest.ExceptionParser.GroupingSectionException: Group section is not valid: a
	at parsertest.GroupingSection.BetweenGroupingParser.doAction(BetweenGroupingParser.java:75)
	at parsertest.StateMachineParser.doAction(StateMachineParser.java:85)
	at parsertest.GroupingSectionTest.BetweenGroupingParserTest.ReadingWithException(BetweenGroupingParserTest.java:67)
	at sun.reflect.NativeMethodAccessorImpl.invoke0(Native Method)
	at sun.reflect.NativeMethodAccessorImpl.invoke(Unknown Source)
	at sun.reflect.DelegatingMethodAccessorImpl.invoke(Unknown Source)
	at java.lang.reflect.Method.invoke(Unknown Source)
	at org.testng.internal.MethodInvocationHelper.invokeMethod(MethodInvocationHelper.java:85)
	at org.testng.internal.Invoker.invokeMethod(Invoker.java:639)
	at org.testng.internal.Invoker.invokeTestMethod(Invoker.java:816)
	at org.testng.internal.Invoker.invokeTestMethods(Invoker.java:1124)
	at org.testng.internal.TestMethodWorker.invokeTestMethods(TestMethodWorker.java:125)
	at org.testng.internal.TestMethodWorker.run(TestMethodWorker.java:108)
	at org.testng.TestRunner.privateRun(TestRunner.java:774)
	at org.testng.TestRunner.run(TestRunner.java:624)
	at org.testng.SuiteRunner.runTest(SuiteRunner.java:359)
	at org.testng.SuiteRunner.runSequentially(SuiteRunner.java:354)
	at org.testng.SuiteRunner.privateRun(SuiteRunner.java:312)
	at org.testng.SuiteRunner.run(SuiteRunner.java:261)
	at org.testng.SuiteRunnerWorker.runSuite(SuiteRunnerWorker.java:52)
	at org.testng.SuiteRunnerWorker.run(SuiteRunnerWorker.java:86)
	at org.testng.TestNG.runSuitesSequentially(TestNG.java:1191)
	at org.testng.TestNG.runSuitesLocally(TestNG.java:1116)
	at org.testng.TestNG.run(TestNG.java:1024)
	at org.testng.remote.RemoteTestNG.run(RemoteTestNG.java:112)
	at org.testng.remote.RemoteTestNG.initAndRun(RemoteTestNG.java:205)
	at org.testng.remote.RemoteTestNG.main(RemoteTestNG.java:176)
</pre></div><a href='#' onClick='toggleBox("stack-trace10443789", this, "Click to show all stack frames", "Click to hide stack frames")'>Click to show all stack frames</a>
<div class='stack-trace' id='stack-trace10443789'><pre>parsertest.ExceptionParser.GroupingSectionException: Group section is not valid: a
	at parsertest.GroupingSection.BetweenGroupingParser.doAction(BetweenGroupingParser.java:75)
	at parsertest.StateMachineParser.doAction(StateMachineParser.java:85)
	at parsertest.GroupingSectionTest.BetweenGroupingParserTest.ReadingWithException(BetweenGroupingParserTest.java:67)
	at sun.reflect.NativeMethodAccessorImpl.invoke0(Native Method)
	at sun.reflect.NativeMethodAccessorImpl.invoke(Unknown Source)
	at sun.reflect.DelegatingMethodAccessorImpl.invoke(Unknown Source)
	at java.lang.reflect.Method.invoke(Unknown Source)
	at org.testng.internal.MethodInvocationHelper.invokeMethod(MethodInvocationHelper.java:85)
	at org.testng.internal.Invoker.invokeMethod(Invoker.java:639)
	at org.testng.internal.Invoker.invokeTestMethod(Invoker.java:816)
	at org.testng.internal.Invoker.invokeTestMethods(Invoker.java:1124)
	at org.testng.internal.TestMethodWorker.invokeTestMethods(TestMethodWorker.java:125)
	at org.testng.internal.TestMethodWorker.run(TestMethodWorker.java:108)
	at org.testng.TestRunner.privateRun(TestRunner.java:774)
	at org.testng.TestRunner.run(TestRunner.java:624)
	at org.testng.SuiteRunner.runTest(SuiteRunner.java:359)
	at org.testng.SuiteRunner.runSequentially(SuiteRunner.java:354)
	at org.testng.SuiteRunner.privateRun(SuiteRunner.java:312)
	at org.testng.SuiteRunner.run(SuiteRunner.java:261)
	at org.testng.SuiteRunnerWorker.runSuite(SuiteRunnerWorker.java:52)
	at org.testng.SuiteRunnerWorker.run(SuiteRunnerWorker.java:86)
	at org.testng.TestNG.runSuitesSequentially(TestNG.java:1191)
	at org.testng.TestNG.runSuitesLocally(TestNG.java:1116)
	at org.testng.TestNG.run(TestNG.java:1024)
	at org.testng.remote.RemoteTestNG.run(RemoteTestNG.java:112)
	at org.testng.remote.RemoteTestNG.initAndRun(RemoteTestNG.java:205)
	at org.testng.remote.RemoteTestNG.main(RemoteTestNG.java:176)
</pre></div></td>
<td>0</td>
<td>parsertest.GroupingSectionTest.BetweenGroupingParserTest@9d9c55</td></tr>
<tr>
<td title='parsertest.ConverterHELM1ToHELM2Test.SMILESTest()'><b>SMILESTest</b><br>Test class: parsertest.ConverterHELM1ToHELM2Test</td>
<td></td>
<td>0</td>
<td>parsertest.ConverterHELM1ToHELM2Test@af6cff</td></tr>
<tr>
<td title='parsertest.GroupingSectionTest.GroupingParserTest.goToAnnotaitonsParserWithException()'><b>goToAnnotaitonsParserWithException</b><br>Test class: parsertest.GroupingSectionTest.GroupingParserTest</td>
<td><div><pre>parsertest.ExceptionParser.GroupingSectionException: Missing details about the group: hallo
	at parsertest.GroupingSection.GroupingParser.doAction(GroupingParser.java:72)
	at parsertest.StateMachineParser.doAction(StateMachineParser.java:85)
	at parsertest.GroupingSectionTest.GroupingParserTest.goToAnnotaitonsParserWithException(GroupingParserTest.java:93)
	at sun.reflect.NativeMethodAccessorImpl.invoke0(Native Method)
	at sun.reflect.NativeMethodAccessorImpl.invoke(Unknown Source)
	at sun.reflect.DelegatingMethodAccessorImpl.invoke(Unknown Source)
	at java.lang.reflect.Method.invoke(Unknown Source)
	at org.testng.internal.MethodInvocationHelper.invokeMethod(MethodInvocationHelper.java:85)
	at org.testng.internal.Invoker.invokeMethod(Invoker.java:639)
	at org.testng.internal.Invoker.invokeTestMethod(Invoker.java:816)
	at org.testng.internal.Invoker.invokeTestMethods(Invoker.java:1124)
	at org.testng.internal.TestMethodWorker.invokeTestMethods(TestMethodWorker.java:125)
	at org.testng.internal.TestMethodWorker.run(TestMethodWorker.java:108)
	at org.testng.TestRunner.privateRun(TestRunner.java:774)
	at org.testng.TestRunner.run(TestRunner.java:624)
	at org.testng.SuiteRunner.runTest(SuiteRunner.java:359)
	at org.testng.SuiteRunner.runSequentially(SuiteRunner.java:354)
	at org.testng.SuiteRunner.privateRun(SuiteRunner.java:312)
	at org.testng.SuiteRunner.run(SuiteRunner.java:261)
	at org.testng.SuiteRunnerWorker.runSuite(SuiteRunnerWorker.java:52)
	at org.testng.SuiteRunnerWorker.run(SuiteRunnerWorker.java:86)
	at org.testng.TestNG.runSuitesSequentially(TestNG.java:1191)
	at org.testng.TestNG.runSuitesLocally(TestNG.java:1116)
	at org.testng.TestNG.run(TestNG.java:1024)
	at org.testng.remote.RemoteTestNG.run(RemoteTestNG.java:112)
	at org.testng.remote.RemoteTestNG.initAndRun(RemoteTestNG.java:205)
	at org.testng.remote.RemoteTestNG.main(RemoteTestNG.java:176)
</pre></div><a href='#' onClick='toggleBox("stack-trace21885266", this, "Click to show all stack frames", "Click to hide stack frames")'>Click to show all stack frames</a>
<div class='stack-trace' id='stack-trace21885266'><pre>parsertest.ExceptionParser.GroupingSectionException: Missing details about the group: hallo
	at parsertest.GroupingSection.GroupingParser.doAction(GroupingParser.java:72)
	at parsertest.StateMachineParser.doAction(StateMachineParser.java:85)
	at parsertest.GroupingSectionTest.GroupingParserTest.goToAnnotaitonsParserWithException(GroupingParserTest.java:93)
	at sun.reflect.NativeMethodAccessorImpl.invoke0(Native Method)
	at sun.reflect.NativeMethodAccessorImpl.invoke(Unknown Source)
	at sun.reflect.DelegatingMethodAccessorImpl.invoke(Unknown Source)
	at java.lang.reflect.Method.invoke(Unknown Source)
	at org.testng.internal.MethodInvocationHelper.invokeMethod(MethodInvocationHelper.java:85)
	at org.testng.internal.Invoker.invokeMethod(Invoker.java:639)
	at org.testng.internal.Invoker.invokeTestMethod(Invoker.java:816)
	at org.testng.internal.Invoker.invokeTestMethods(Invoker.java:1124)
	at org.testng.internal.TestMethodWorker.invokeTestMethods(TestMethodWorker.java:125)
	at org.testng.internal.TestMethodWorker.run(TestMethodWorker.java:108)
	at org.testng.TestRunner.privateRun(TestRunner.java:774)
	at org.testng.TestRunner.run(TestRunner.java:624)
	at org.testng.SuiteRunner.runTest(SuiteRunner.java:359)
	at org.testng.SuiteRunner.runSequentially(SuiteRunner.java:354)
	at org.testng.SuiteRunner.privateRun(SuiteRunner.java:312)
	at org.testng.SuiteRunner.run(SuiteRunner.java:261)
	at org.testng.SuiteRunnerWorker.runSuite(SuiteRunnerWorker.java:52)
	at org.testng.SuiteRunnerWorker.run(SuiteRunnerWorker.java:86)
	at org.testng.TestNG.runSuitesSequentially(TestNG.java:1191)
	at org.testng.TestNG.runSuitesLocally(TestNG.java:1116)
	at org.testng.TestNG.run(TestNG.java:1024)
	at org.testng.remote.RemoteTestNG.run(RemoteTestNG.java:112)
	at org.testng.remote.RemoteTestNG.initAndRun(RemoteTestNG.java:205)
	at org.testng.remote.RemoteTestNG.main(RemoteTestNG.java:176)
</pre></div></td>
<td>0</td>
<td>parsertest.GroupingSectionTest.GroupingParserTest@76ae34</td></tr>
<tr>
<td title='parsertest.GroupingSectionTest.BetweenGroupingParserTest.goToAnnotationsParser()'><b>goToAnnotationsParser</b><br>Test class: parsertest.GroupingSectionTest.BetweenGroupingParserTest</td>
<td></td>
<td>0</td>
<td>parsertest.GroupingSectionTest.BetweenGroupingParserTest@9d9c55</td></tr>
<tr>
<td title='parsertest.GroupingSectionTest.GroupingParserTest.goToAnnotationsParser()'><b>goToAnnotationsParser</b><br>Test class: parsertest.GroupingSectionTest.GroupingParserTest</td>
<td></td>
<td>0</td>
<td>parsertest.GroupingSectionTest.GroupingParserTest@76ae34</td></tr>
<tr>
<td title='parsertest.GroupingSectionTest.GroupingDetailedInformationParserTest.goToBetweenGroupingParser()'><b>goToBetweenGroupingParser</b><br>Test class: parsertest.GroupingSectionTest.GroupingDetailedInformationParserTest</td>
<td></td>
<td>0</td>
<td>parsertest.GroupingSectionTest.GroupingDetailedInformationParserTest@1a57a3b</td></tr>
<tr>
<td title='parsertest.GroupingSectionTest.GroupingDetailedInformationParserTest.goToBetweenGroupingParserWithException()'><b>goToBetweenGroupingParserWithException</b><br>Test class: parsertest.GroupingSectionTest.GroupingDetailedInformationParserTest</td>
<td><div><pre>parsertest.ExceptionParser.GroupingSectionException: Group information is wrong: h
	at parsertest.GroupingSection.GroupingDetailedInformationParser.doAction(GroupingDetailedInformationParser.java:73)
	at parsertest.StateMachineParser.doAction(StateMachineParser.java:85)
	at parsertest.GroupingSectionTest.GroupingDetailedInformationParserTest.goToBetweenGroupingParserWithException(GroupingDetailedInformationParserTest.java:71)
	at sun.reflect.NativeMethodAccessorImpl.invoke0(Native Method)
	at sun.reflect.NativeMethodAccessorImpl.invoke(Unknown Source)
	at sun.reflect.DelegatingMethodAccessorImpl.invoke(Unknown Source)
	at java.lang.reflect.Method.invoke(Unknown Source)
	at org.testng.internal.MethodInvocationHelper.invokeMethod(MethodInvocationHelper.java:85)
	at org.testng.internal.Invoker.invokeMethod(Invoker.java:639)
	at org.testng.internal.Invoker.invokeTestMethod(Invoker.java:816)
	at org.testng.internal.Invoker.invokeTestMethods(Invoker.java:1124)
	at org.testng.internal.TestMethodWorker.invokeTestMethods(TestMethodWorker.java:125)
	at org.testng.internal.TestMethodWorker.run(TestMethodWorker.java:108)
	at org.testng.TestRunner.privateRun(TestRunner.java:774)
	at org.testng.TestRunner.run(TestRunner.java:624)
	at org.testng.SuiteRunner.runTest(SuiteRunner.java:359)
	at org.testng.SuiteRunner.runSequentially(SuiteRunner.java:354)
	at org.testng.SuiteRunner.privateRun(SuiteRunner.java:312)
	at org.testng.SuiteRunner.run(SuiteRunner.java:261)
	at org.testng.SuiteRunnerWorker.runSuite(SuiteRunnerWorker.java:52)
	at org.testng.SuiteRunnerWorker.run(SuiteRunnerWorker.java:86)
	at org.testng.TestNG.runSuitesSequentially(TestNG.java:1191)
	at org.testng.TestNG.runSuitesLocally(TestNG.java:1116)
	at org.testng.TestNG.run(TestNG.java:1024)
	at org.testng.remote.RemoteTestNG.run(RemoteTestNG.java:112)
	at org.testng.remote.RemoteTestNG.initAndRun(RemoteTestNG.java:205)
	at org.testng.remote.RemoteTestNG.main(RemoteTestNG.java:176)
</pre></div><a href='#' onClick='toggleBox("stack-trace13584567", this, "Click to show all stack frames", "Click to hide stack frames")'>Click to show all stack frames</a>
<div class='stack-trace' id='stack-trace13584567'><pre>parsertest.ExceptionParser.GroupingSectionException: Group information is wrong: h
	at parsertest.GroupingSection.GroupingDetailedInformationParser.doAction(GroupingDetailedInformationParser.java:73)
	at parsertest.StateMachineParser.doAction(StateMachineParser.java:85)
	at parsertest.GroupingSectionTest.GroupingDetailedInformationParserTest.goToBetweenGroupingParserWithException(GroupingDetailedInformationParserTest.java:71)
	at sun.reflect.NativeMethodAccessorImpl.invoke0(Native Method)
	at sun.reflect.NativeMethodAccessorImpl.invoke(Unknown Source)
	at sun.reflect.DelegatingMethodAccessorImpl.invoke(Unknown Source)
	at java.lang.reflect.Method.invoke(Unknown Source)
	at org.testng.internal.MethodInvocationHelper.invokeMethod(MethodInvocationHelper.java:85)
	at org.testng.internal.Invoker.invokeMethod(Invoker.java:639)
	at org.testng.internal.Invoker.invokeTestMethod(Invoker.java:816)
	at org.testng.internal.Invoker.invokeTestMethods(Invoker.java:1124)
	at org.testng.internal.TestMethodWorker.invokeTestMethods(TestMethodWorker.java:125)
	at org.testng.internal.TestMethodWorker.run(TestMethodWorker.java:108)
	at org.testng.TestRunner.privateRun(TestRunner.java:774)
	at org.testng.TestRunner.run(TestRunner.java:624)
	at org.testng.SuiteRunner.runTest(SuiteRunner.java:359)
	at org.testng.SuiteRunner.runSequentially(SuiteRunner.java:354)
	at org.testng.SuiteRunner.privateRun(SuiteRunner.java:312)
	at org.testng.SuiteRunner.run(SuiteRunner.java:261)
	at org.testng.SuiteRunnerWorker.runSuite(SuiteRunnerWorker.java:52)
	at org.testng.SuiteRunnerWorker.run(SuiteRunnerWorker.java:86)
	at org.testng.TestNG.runSuitesSequentially(TestNG.java:1191)
	at org.testng.TestNG.runSuitesLocally(TestNG.java:1116)
	at org.testng.TestNG.run(TestNG.java:1024)
	at org.testng.remote.RemoteTestNG.run(RemoteTestNG.java:112)
	at org.testng.remote.RemoteTestNG.initAndRun(RemoteTestNG.java:205)
	at org.testng.remote.RemoteTestNG.main(RemoteTestNG.java:176)
</pre></div></td>
<td>0</td>
<td>parsertest.GroupingSectionTest.GroupingDetailedInformationParserTest@1a57a3b</td></tr>
<tr>
<td title='parsertest.InlineAnnotationsParserTest.goToBetweenInlineConnectionParser()'><b>goToBetweenInlineConnectionParser</b><br>Test class: parsertest.InlineAnnotationsParserTest</td>
<td></td>
<td>0</td>
<td>parsertest.InlineAnnotationsParserTest@b4c3ab</td></tr>
<tr>
<td title='parsertest.SimplePolymersSectionTest.RepeatingMonomerParserTest.goToBetweenParser()'><b>goToBetweenParser</b><br>Test class: parsertest.SimplePolymersSectionTest.RepeatingMonomerParserTest</td>
<td></td>
<td>0</td>
<td>parsertest.SimplePolymersSectionTest.RepeatingMonomerParserTest@61f5df</td></tr>
<tr>
<td title='parsertest.InlineAnnotationsParserTest.goToBetweenParser()'><b>goToBetweenParser</b><br>Test class: parsertest.InlineAnnotationsParserTest</td>
<td></td>
<td>0</td>
<td>parsertest.InlineAnnotationsParserTest@b4c3ab</td></tr>
<tr>
<td title='parsertest.SimplePolymersSectionTest.SimplePolymersNotationParserTest.goToBetweenParser()'><b>goToBetweenParser</b><br>Test class: parsertest.SimplePolymersSectionTest.SimplePolymersNotationParserTest</td>
<td></td>
<td>0</td>
<td>parsertest.SimplePolymersSectionTest.SimplePolymersNotationParserTest@13f5a29</td></tr>
<tr>
<td title='parsertest.SimplePolymersSectionTest.BetweenMonomerParserTest.goToBetweenParser()'><b>goToBetweenParser</b><br>Test class: parsertest.SimplePolymersSectionTest.BetweenMonomerParserTest</td>
<td></td>
<td>0</td>
<td>parsertest.SimplePolymersSectionTest.BetweenMonomerParserTest@1afa04c</td></tr>
<tr>
<td title='parsertest.SimplePolymersSectionTest.RepeatingMonomerParserTest.goToBetweenParserRange()'><b>goToBetweenParserRange</b><br>Test class: parsertest.SimplePolymersSectionTest.RepeatingMonomerParserTest</td>
<td></td>
<td>0</td>
<td>parsertest.SimplePolymersSectionTest.RepeatingMonomerParserTest@61f5df</td></tr>
<tr>
<td title='parsertest.SimplePolymersSectionTest.RepeatingMonomerParserTest.goToBetweenParserRangeWithException()'><b>goToBetweenParserRangeWithException</b><br>Test class: parsertest.SimplePolymersSectionTest.RepeatingMonomerParserTest</td>
<td><div><pre>parsertest.ExceptionParser.SimplePolymerSectionException: Information about repeating is wrong: 3-d
	at parsertest.SimplePolymersSection.RepeatingMonomerParser.doAction(RepeatingMonomerParser.java:88)
	at parsertest.StateMachineParser.doAction(StateMachineParser.java:85)
	at parsertest.SimplePolymersSectionTest.RepeatingMonomerParserTest.goToBetweenParserRangeWithException(RepeatingMonomerParserTest.java:90)
	at sun.reflect.NativeMethodAccessorImpl.invoke0(Native Method)
	at sun.reflect.NativeMethodAccessorImpl.invoke(Unknown Source)
	at sun.reflect.DelegatingMethodAccessorImpl.invoke(Unknown Source)
	at java.lang.reflect.Method.invoke(Unknown Source)
	at org.testng.internal.MethodInvocationHelper.invokeMethod(MethodInvocationHelper.java:85)
	at org.testng.internal.Invoker.invokeMethod(Invoker.java:639)
	at org.testng.internal.Invoker.invokeTestMethod(Invoker.java:816)
	at org.testng.internal.Invoker.invokeTestMethods(Invoker.java:1124)
	at org.testng.internal.TestMethodWorker.invokeTestMethods(TestMethodWorker.java:125)
	at org.testng.internal.TestMethodWorker.run(TestMethodWorker.java:108)
	at org.testng.TestRunner.privateRun(TestRunner.java:774)
	at org.testng.TestRunner.run(TestRunner.java:624)
	at org.testng.SuiteRunner.runTest(SuiteRunner.java:359)
	at org.testng.SuiteRunner.runSequentially(SuiteRunner.java:354)
	at org.testng.SuiteRunner.privateRun(SuiteRunner.java:312)
	at org.testng.SuiteRunner.run(SuiteRunner.java:261)
	at org.testng.SuiteRunnerWorker.runSuite(SuiteRunnerWorker.java:52)
	at org.testng.SuiteRunnerWorker.run(SuiteRunnerWorker.java:86)
	at org.testng.TestNG.runSuitesSequentially(TestNG.java:1191)
	at org.testng.TestNG.runSuitesLocally(TestNG.java:1116)
	at org.testng.TestNG.run(TestNG.java:1024)
	at org.testng.remote.RemoteTestNG.run(RemoteTestNG.java:112)
	at org.testng.remote.RemoteTestNG.initAndRun(RemoteTestNG.java:205)
	at org.testng.remote.RemoteTestNG.main(RemoteTestNG.java:176)
</pre></div><a href='#' onClick='toggleBox("stack-trace16832177", this, "Click to show all stack frames", "Click to hide stack frames")'>Click to show all stack frames</a>
<div class='stack-trace' id='stack-trace16832177'><pre>parsertest.ExceptionParser.SimplePolymerSectionException: Information about repeating is wrong: 3-d
	at parsertest.SimplePolymersSection.RepeatingMonomerParser.doAction(RepeatingMonomerParser.java:88)
	at parsertest.StateMachineParser.doAction(StateMachineParser.java:85)
	at parsertest.SimplePolymersSectionTest.RepeatingMonomerParserTest.goToBetweenParserRangeWithException(RepeatingMonomerParserTest.java:90)
	at sun.reflect.NativeMethodAccessorImpl.invoke0(Native Method)
	at sun.reflect.NativeMethodAccessorImpl.invoke(Unknown Source)
	at sun.reflect.DelegatingMethodAccessorImpl.invoke(Unknown Source)
	at java.lang.reflect.Method.invoke(Unknown Source)
	at org.testng.internal.MethodInvocationHelper.invokeMethod(MethodInvocationHelper.java:85)
	at org.testng.internal.Invoker.invokeMethod(Invoker.java:639)
	at org.testng.internal.Invoker.invokeTestMethod(Invoker.java:816)
	at org.testng.internal.Invoker.invokeTestMethods(Invoker.java:1124)
	at org.testng.internal.TestMethodWorker.invokeTestMethods(TestMethodWorker.java:125)
	at org.testng.internal.TestMethodWorker.run(TestMethodWorker.java:108)
	at org.testng.TestRunner.privateRun(TestRunner.java:774)
	at org.testng.TestRunner.run(TestRunner.java:624)
	at org.testng.SuiteRunner.runTest(SuiteRunner.java:359)
	at org.testng.SuiteRunner.runSequentially(SuiteRunner.java:354)
	at org.testng.SuiteRunner.privateRun(SuiteRunner.java:312)
	at org.testng.SuiteRunner.run(SuiteRunner.java:261)
	at org.testng.SuiteRunnerWorker.runSuite(SuiteRunnerWorker.java:52)
	at org.testng.SuiteRunnerWorker.run(SuiteRunnerWorker.java:86)
	at org.testng.TestNG.runSuitesSequentially(TestNG.java:1191)
	at org.testng.TestNG.runSuitesLocally(TestNG.java:1116)
	at org.testng.TestNG.run(TestNG.java:1024)
	at org.testng.remote.RemoteTestNG.run(RemoteTestNG.java:112)
	at org.testng.remote.RemoteTestNG.initAndRun(RemoteTestNG.java:205)
	at org.testng.remote.RemoteTestNG.main(RemoteTestNG.java:176)
</pre></div></td>
<td>0</td>
<td>parsertest.SimplePolymersSectionTest.RepeatingMonomerParserTest@61f5df</td></tr>
<tr>
<td title='parsertest.SimplePolymersSectionTest.RepeatingMonomerParserTest.goToBetweenParserWithException()'><b>goToBetweenParserWithException</b><br>Test class: parsertest.SimplePolymersSectionTest.RepeatingMonomerParserTest</td>
<td><div><pre>parsertest.ExceptionParser.SimplePolymerSectionException: Information about repeating is wrong: PEPTIDE1{A
	at parsertest.SimplePolymersSection.RepeatingMonomerParser.doAction(RepeatingMonomerParser.java:88)
	at parsertest.StateMachineParser.doAction(StateMachineParser.java:85)
	at parsertest.SimplePolymersSectionTest.RepeatingMonomerParserTest.goToBetweenParserWithException(RepeatingMonomerParserTest.java:67)
	at sun.reflect.NativeMethodAccessorImpl.invoke0(Native Method)
	at sun.reflect.NativeMethodAccessorImpl.invoke(Unknown Source)
	at sun.reflect.DelegatingMethodAccessorImpl.invoke(Unknown Source)
	at java.lang.reflect.Method.invoke(Unknown Source)
	at org.testng.internal.MethodInvocationHelper.invokeMethod(MethodInvocationHelper.java:85)
	at org.testng.internal.Invoker.invokeMethod(Invoker.java:639)
	at org.testng.internal.Invoker.invokeTestMethod(Invoker.java:816)
	at org.testng.internal.Invoker.invokeTestMethods(Invoker.java:1124)
	at org.testng.internal.TestMethodWorker.invokeTestMethods(TestMethodWorker.java:125)
	at org.testng.internal.TestMethodWorker.run(TestMethodWorker.java:108)
	at org.testng.TestRunner.privateRun(TestRunner.java:774)
	at org.testng.TestRunner.run(TestRunner.java:624)
	at org.testng.SuiteRunner.runTest(SuiteRunner.java:359)
	at org.testng.SuiteRunner.runSequentially(SuiteRunner.java:354)
	at org.testng.SuiteRunner.privateRun(SuiteRunner.java:312)
	at org.testng.SuiteRunner.run(SuiteRunner.java:261)
	at org.testng.SuiteRunnerWorker.runSuite(SuiteRunnerWorker.java:52)
	at org.testng.SuiteRunnerWorker.run(SuiteRunnerWorker.java:86)
	at org.testng.TestNG.runSuitesSequentially(TestNG.java:1191)
	at org.testng.TestNG.runSuitesLocally(TestNG.java:1116)
	at org.testng.TestNG.run(TestNG.java:1024)
	at org.testng.remote.RemoteTestNG.run(RemoteTestNG.java:112)
	at org.testng.remote.RemoteTestNG.initAndRun(RemoteTestNG.java:205)
	at org.testng.remote.RemoteTestNG.main(RemoteTestNG.java:176)
</pre></div><a href='#' onClick='toggleBox("stack-trace29492536", this, "Click to show all stack frames", "Click to hide stack frames")'>Click to show all stack frames</a>
<div class='stack-trace' id='stack-trace29492536'><pre>parsertest.ExceptionParser.SimplePolymerSectionException: Information about repeating is wrong: PEPTIDE1{A
	at parsertest.SimplePolymersSection.RepeatingMonomerParser.doAction(RepeatingMonomerParser.java:88)
	at parsertest.StateMachineParser.doAction(StateMachineParser.java:85)
	at parsertest.SimplePolymersSectionTest.RepeatingMonomerParserTest.goToBetweenParserWithException(RepeatingMonomerParserTest.java:67)
	at sun.reflect.NativeMethodAccessorImpl.invoke0(Native Method)
	at sun.reflect.NativeMethodAccessorImpl.invoke(Unknown Source)
	at sun.reflect.DelegatingMethodAccessorImpl.invoke(Unknown Source)
	at java.lang.reflect.Method.invoke(Unknown Source)
	at org.testng.internal.MethodInvocationHelper.invokeMethod(MethodInvocationHelper.java:85)
	at org.testng.internal.Invoker.invokeMethod(Invoker.java:639)
	at org.testng.internal.Invoker.invokeTestMethod(Invoker.java:816)
	at org.testng.internal.Invoker.invokeTestMethods(Invoker.java:1124)
	at org.testng.internal.TestMethodWorker.invokeTestMethods(TestMethodWorker.java:125)
	at org.testng.internal.TestMethodWorker.run(TestMethodWorker.java:108)
	at org.testng.TestRunner.privateRun(TestRunner.java:774)
	at org.testng.TestRunner.run(TestRunner.java:624)
	at org.testng.SuiteRunner.runTest(SuiteRunner.java:359)
	at org.testng.SuiteRunner.runSequentially(SuiteRunner.java:354)
	at org.testng.SuiteRunner.privateRun(SuiteRunner.java:312)
	at org.testng.SuiteRunner.run(SuiteRunner.java:261)
	at org.testng.SuiteRunnerWorker.runSuite(SuiteRunnerWorker.java:52)
	at org.testng.SuiteRunnerWorker.run(SuiteRunnerWorker.java:86)
	at org.testng.TestNG.runSuitesSequentially(TestNG.java:1191)
	at org.testng.TestNG.runSuitesLocally(TestNG.java:1116)
	at org.testng.TestNG.run(TestNG.java:1024)
	at org.testng.remote.RemoteTestNG.run(RemoteTestNG.java:112)
	at org.testng.remote.RemoteTestNG.initAndRun(RemoteTestNG.java:205)
	at org.testng.remote.RemoteTestNG.main(RemoteTestNG.java:176)
</pre></div></td>
<td>0</td>
<td>parsertest.SimplePolymersSectionTest.RepeatingMonomerParserTest@61f5df</td></tr>
<tr>
<td title='parsertest.SimplePolymersSectionTest.BetweenInlineMonomerParser.goToConnection()'><b>goToConnection</b><br>Test class: parsertest.SimplePolymersSectionTest.BetweenInlineMonomerParser</td>
<td></td>
<td>0</td>
<td>parsertest.SimplePolymersSectionTest.BetweenInlineMonomerParser@1fb3ab6</td></tr>
<tr>
<td title='parsertest.SimplePolymersSectionTest.SimplePolymersParserTest.goToConnectionSectionTest()'><b>goToConnectionSectionTest</b><br>Test class: parsertest.SimplePolymersSectionTest.SimplePolymersParserTest</td>
<td></td>
<td>0</td>
<td>parsertest.SimplePolymersSectionTest.SimplePolymersParserTest@f67b76</td></tr>
<tr>
<td title='parsertest.ConnectionSectionTest.ConnectionsReadSecondIDParserTest.goToConnectionsDetailsParser()'><b>goToConnectionsDetailsParser</b><br>Test class: parsertest.ConnectionSectionTest.ConnectionsReadSecondIDParserTest</td>
<td></td>
<td>0</td>
<td>parsertest.ConnectionSectionTest.ConnectionsReadSecondIDParserTest@96442d</td></tr>
<tr>
<td title='parsertest.ConnectionSectionTest.ConnectionsReadSecondIDParserTest.goToConnectionsDetailsParserWithException()'><b>goToConnectionsDetailsParserWithException</b><br>Test class: parsertest.ConnectionSectionTest.ConnectionsReadSecondIDParserTest</td>
<td><div><pre>parsertest.ExceptionParser.ConnectionSectionException: Target polymer ID is not correct in the connection section: P
	at parsertest.ConnectionSection.ConnectionsReadSecondIDParser.doAction(ConnectionsReadSecondIDParser.java:74)
	at parsertest.StateMachineParser.doAction(StateMachineParser.java:85)
	at parsertest.ConnectionSectionTest.ConnectionsReadSecondIDParserTest.goToConnectionsDetailsParserWithException(ConnectionsReadSecondIDParserTest.java:58)
	at sun.reflect.NativeMethodAccessorImpl.invoke0(Native Method)
	at sun.reflect.NativeMethodAccessorImpl.invoke(Unknown Source)
	at sun.reflect.DelegatingMethodAccessorImpl.invoke(Unknown Source)
	at java.lang.reflect.Method.invoke(Unknown Source)
	at org.testng.internal.MethodInvocationHelper.invokeMethod(MethodInvocationHelper.java:85)
	at org.testng.internal.Invoker.invokeMethod(Invoker.java:639)
	at org.testng.internal.Invoker.invokeTestMethod(Invoker.java:816)
	at org.testng.internal.Invoker.invokeTestMethods(Invoker.java:1124)
	at org.testng.internal.TestMethodWorker.invokeTestMethods(TestMethodWorker.java:125)
	at org.testng.internal.TestMethodWorker.run(TestMethodWorker.java:108)
	at org.testng.TestRunner.privateRun(TestRunner.java:774)
	at org.testng.TestRunner.run(TestRunner.java:624)
	at org.testng.SuiteRunner.runTest(SuiteRunner.java:359)
	at org.testng.SuiteRunner.runSequentially(SuiteRunner.java:354)
	at org.testng.SuiteRunner.privateRun(SuiteRunner.java:312)
	at org.testng.SuiteRunner.run(SuiteRunner.java:261)
	at org.testng.SuiteRunnerWorker.runSuite(SuiteRunnerWorker.java:52)
	at org.testng.SuiteRunnerWorker.run(SuiteRunnerWorker.java:86)
	at org.testng.TestNG.runSuitesSequentially(TestNG.java:1191)
	at org.testng.TestNG.runSuitesLocally(TestNG.java:1116)
	at org.testng.TestNG.run(TestNG.java:1024)
	at org.testng.remote.RemoteTestNG.run(RemoteTestNG.java:112)
	at org.testng.remote.RemoteTestNG.initAndRun(RemoteTestNG.java:205)
	at org.testng.remote.RemoteTestNG.main(RemoteTestNG.java:176)
</pre></div><a href='#' onClick='toggleBox("stack-trace10199960", this, "Click to show all stack frames", "Click to hide stack frames")'>Click to show all stack frames</a>
<div class='stack-trace' id='stack-trace10199960'><pre>parsertest.ExceptionParser.ConnectionSectionException: Target polymer ID is not correct in the connection section: P
	at parsertest.ConnectionSection.ConnectionsReadSecondIDParser.doAction(ConnectionsReadSecondIDParser.java:74)
	at parsertest.StateMachineParser.doAction(StateMachineParser.java:85)
	at parsertest.ConnectionSectionTest.ConnectionsReadSecondIDParserTest.goToConnectionsDetailsParserWithException(ConnectionsReadSecondIDParserTest.java:58)
	at sun.reflect.NativeMethodAccessorImpl.invoke0(Native Method)
	at sun.reflect.NativeMethodAccessorImpl.invoke(Unknown Source)
	at sun.reflect.DelegatingMethodAccessorImpl.invoke(Unknown Source)
	at java.lang.reflect.Method.invoke(Unknown Source)
	at org.testng.internal.MethodInvocationHelper.invokeMethod(MethodInvocationHelper.java:85)
	at org.testng.internal.Invoker.invokeMethod(Invoker.java:639)
	at org.testng.internal.Invoker.invokeTestMethod(Invoker.java:816)
	at org.testng.internal.Invoker.invokeTestMethods(Invoker.java:1124)
	at org.testng.internal.TestMethodWorker.invokeTestMethods(TestMethodWorker.java:125)
	at org.testng.internal.TestMethodWorker.run(TestMethodWorker.java:108)
	at org.testng.TestRunner.privateRun(TestRunner.java:774)
	at org.testng.TestRunner.run(TestRunner.java:624)
	at org.testng.SuiteRunner.runTest(SuiteRunner.java:359)
	at org.testng.SuiteRunner.runSequentially(SuiteRunner.java:354)
	at org.testng.SuiteRunner.privateRun(SuiteRunner.java:312)
	at org.testng.SuiteRunner.run(SuiteRunner.java:261)
	at org.testng.SuiteRunnerWorker.runSuite(SuiteRunnerWorker.java:52)
	at org.testng.SuiteRunnerWorker.run(SuiteRunnerWorker.java:86)
	at org.testng.TestNG.runSuitesSequentially(TestNG.java:1191)
	at org.testng.TestNG.runSuitesLocally(TestNG.java:1116)
	at org.testng.TestNG.run(TestNG.java:1024)
	at org.testng.remote.RemoteTestNG.run(RemoteTestNG.java:112)
	at org.testng.remote.RemoteTestNG.initAndRun(RemoteTestNG.java:205)
	at org.testng.remote.RemoteTestNG.main(RemoteTestNG.java:176)
</pre></div></td>
<td>0</td>
<td>parsertest.ConnectionSectionTest.ConnectionsReadSecondIDParserTest@96442d</td></tr>
<tr>
<td title='parsertest.ConnectionSectionTest.BetweenInlineConnectionParserTest.goToConnectionsParser()'><b>goToConnectionsParser</b><br>Test class: parsertest.ConnectionSectionTest.BetweenInlineConnectionParserTest</td>
<td></td>
<td>0</td>
<td>parsertest.ConnectionSectionTest.BetweenInlineConnectionParserTest@17e1986</td></tr>
<tr>
<td title='parsertest.SimplePolymersSectionTest.BetweenParserTest.goToConnectionsParser()'><b>goToConnectionsParser</b><br>Test class: parsertest.SimplePolymersSectionTest.BetweenParserTest</td>
<td></td>
<td>0</td>
<td>parsertest.SimplePolymersSectionTest.BetweenParserTest@56dfcb</td></tr>
<tr>
<td title='parsertest.ConnectionSectionTest.ConnectionsParserTest.goToConnectionsReadSecondIDParser()'><b>goToConnectionsReadSecondIDParser</b><br>Test class: parsertest.ConnectionSectionTest.ConnectionsParserTest</td>
<td></td>
<td>0</td>
<td>parsertest.ConnectionSectionTest.ConnectionsParserTest@1a485d2</td></tr>
<tr>
<td title='parsertest.ConnectionSectionTest.ConnectionsParserTest.goToConnectionsReadSecondIDParserWithException()'><b>goToConnectionsReadSecondIDParserWithException</b><br>Test class: parsertest.ConnectionSectionTest.ConnectionsParserTest</td>
<td><div><pre>parsertest.ExceptionParser.ConnectionSectionException: Source polymer id is not correct in the connection section: PEPTID
	at parsertest.ConnectionSection.ConnectionsParser.doAction(ConnectionsParser.java:89)
	at parsertest.StateMachineParser.doAction(StateMachineParser.java:85)
	at parsertest.ConnectionSectionTest.ConnectionsParserTest.goToConnectionsReadSecondIDParserWithException(ConnectionsParserTest.java:93)
	at sun.reflect.NativeMethodAccessorImpl.invoke0(Native Method)
	at sun.reflect.NativeMethodAccessorImpl.invoke(Unknown Source)
	at sun.reflect.DelegatingMethodAccessorImpl.invoke(Unknown Source)
	at java.lang.reflect.Method.invoke(Unknown Source)
	at org.testng.internal.MethodInvocationHelper.invokeMethod(MethodInvocationHelper.java:85)
	at org.testng.internal.Invoker.invokeMethod(Invoker.java:639)
	at org.testng.internal.Invoker.invokeTestMethod(Invoker.java:816)
	at org.testng.internal.Invoker.invokeTestMethods(Invoker.java:1124)
	at org.testng.internal.TestMethodWorker.invokeTestMethods(TestMethodWorker.java:125)
	at org.testng.internal.TestMethodWorker.run(TestMethodWorker.java:108)
	at org.testng.TestRunner.privateRun(TestRunner.java:774)
	at org.testng.TestRunner.run(TestRunner.java:624)
	at org.testng.SuiteRunner.runTest(SuiteRunner.java:359)
	at org.testng.SuiteRunner.runSequentially(SuiteRunner.java:354)
	at org.testng.SuiteRunner.privateRun(SuiteRunner.java:312)
	at org.testng.SuiteRunner.run(SuiteRunner.java:261)
	at org.testng.SuiteRunnerWorker.runSuite(SuiteRunnerWorker.java:52)
	at org.testng.SuiteRunnerWorker.run(SuiteRunnerWorker.java:86)
	at org.testng.TestNG.runSuitesSequentially(TestNG.java:1191)
	at org.testng.TestNG.runSuitesLocally(TestNG.java:1116)
	at org.testng.TestNG.run(TestNG.java:1024)
	at org.testng.remote.RemoteTestNG.run(RemoteTestNG.java:112)
	at org.testng.remote.RemoteTestNG.initAndRun(RemoteTestNG.java:205)
	at org.testng.remote.RemoteTestNG.main(RemoteTestNG.java:176)
</pre></div><a href='#' onClick='toggleBox("stack-trace19690178", this, "Click to show all stack frames", "Click to hide stack frames")'>Click to show all stack frames</a>
<div class='stack-trace' id='stack-trace19690178'><pre>parsertest.ExceptionParser.ConnectionSectionException: Source polymer id is not correct in the connection section: PEPTID
	at parsertest.ConnectionSection.ConnectionsParser.doAction(ConnectionsParser.java:89)
	at parsertest.StateMachineParser.doAction(StateMachineParser.java:85)
	at parsertest.ConnectionSectionTest.ConnectionsParserTest.goToConnectionsReadSecondIDParserWithException(ConnectionsParserTest.java:93)
	at sun.reflect.NativeMethodAccessorImpl.invoke0(Native Method)
	at sun.reflect.NativeMethodAccessorImpl.invoke(Unknown Source)
	at sun.reflect.DelegatingMethodAccessorImpl.invoke(Unknown Source)
	at java.lang.reflect.Method.invoke(Unknown Source)
	at org.testng.internal.MethodInvocationHelper.invokeMethod(MethodInvocationHelper.java:85)
	at org.testng.internal.Invoker.invokeMethod(Invoker.java:639)
	at org.testng.internal.Invoker.invokeTestMethod(Invoker.java:816)
	at org.testng.internal.Invoker.invokeTestMethods(Invoker.java:1124)
	at org.testng.internal.TestMethodWorker.invokeTestMethods(TestMethodWorker.java:125)
	at org.testng.internal.TestMethodWorker.run(TestMethodWorker.java:108)
	at org.testng.TestRunner.privateRun(TestRunner.java:774)
	at org.testng.TestRunner.run(TestRunner.java:624)
	at org.testng.SuiteRunner.runTest(SuiteRunner.java:359)
	at org.testng.SuiteRunner.runSequentially(SuiteRunner.java:354)
	at org.testng.SuiteRunner.privateRun(SuiteRunner.java:312)
	at org.testng.SuiteRunner.run(SuiteRunner.java:261)
	at org.testng.SuiteRunnerWorker.runSuite(SuiteRunnerWorker.java:52)
	at org.testng.SuiteRunnerWorker.run(SuiteRunnerWorker.java:86)
	at org.testng.TestNG.runSuitesSequentially(TestNG.java:1191)
	at org.testng.TestNG.runSuitesLocally(TestNG.java:1116)
	at org.testng.TestNG.run(TestNG.java:1024)
	at org.testng.remote.RemoteTestNG.run(RemoteTestNG.java:112)
	at org.testng.remote.RemoteTestNG.initAndRun(RemoteTestNG.java:205)
	at org.testng.remote.RemoteTestNG.main(RemoteTestNG.java:176)
</pre></div></td>
<td>0</td>
<td>parsertest.ConnectionSectionTest.ConnectionsParserTest@1a485d2</td></tr>
<tr>
<td title='parsertest.AnnotationSectionTest.AnnotationParserTest.goToFinalState()'><b>goToFinalState</b><br>Test class: parsertest.AnnotationSectionTest.AnnotationParserTest</td>
<td></td>
<td>0</td>
<td>parsertest.AnnotationSectionTest.AnnotationParserTest@14bef66</td></tr>
<tr>
<td title='parsertest.FinalStateTest.goToFinalStateWithException()'><b>goToFinalStateWithException</b><br>Test class: parsertest.FinalStateTest</td>
<td><div><pre>parsertest.ExceptionParser.FinalStateException: Additional characters after the final $
	at parsertest.FinalState.doAction(FinalState.java:58)
	at parsertest.StateMachineParser.doAction(StateMachineParser.java:85)
	at parsertest.FinalStateTest.goToFinalStateWithException(FinalStateTest.java:47)
	at sun.reflect.NativeMethodAccessorImpl.invoke0(Native Method)
	at sun.reflect.NativeMethodAccessorImpl.invoke(Unknown Source)
	at sun.reflect.DelegatingMethodAccessorImpl.invoke(Unknown Source)
	at java.lang.reflect.Method.invoke(Unknown Source)
	at org.testng.internal.MethodInvocationHelper.invokeMethod(MethodInvocationHelper.java:85)
	at org.testng.internal.Invoker.invokeMethod(Invoker.java:639)
	at org.testng.internal.Invoker.invokeTestMethod(Invoker.java:816)
	at org.testng.internal.Invoker.invokeTestMethods(Invoker.java:1124)
	at org.testng.internal.TestMethodWorker.invokeTestMethods(TestMethodWorker.java:125)
	at org.testng.internal.TestMethodWorker.run(TestMethodWorker.java:108)
	at org.testng.TestRunner.privateRun(TestRunner.java:774)
	at org.testng.TestRunner.run(TestRunner.java:624)
	at org.testng.SuiteRunner.runTest(SuiteRunner.java:359)
	at org.testng.SuiteRunner.runSequentially(SuiteRunner.java:354)
	at org.testng.SuiteRunner.privateRun(SuiteRunner.java:312)
	at org.testng.SuiteRunner.run(SuiteRunner.java:261)
	at org.testng.SuiteRunnerWorker.runSuite(SuiteRunnerWorker.java:52)
	at org.testng.SuiteRunnerWorker.run(SuiteRunnerWorker.java:86)
	at org.testng.TestNG.runSuitesSequentially(TestNG.java:1191)
	at org.testng.TestNG.runSuitesLocally(TestNG.java:1116)
	at org.testng.TestNG.run(TestNG.java:1024)
	at org.testng.remote.RemoteTestNG.run(RemoteTestNG.java:112)
	at org.testng.remote.RemoteTestNG.initAndRun(RemoteTestNG.java:205)
	at org.testng.remote.RemoteTestNG.main(RemoteTestNG.java:176)
</pre></div><a href='#' onClick='toggleBox("stack-trace20594056", this, "Click to show all stack frames", "Click to hide stack frames")'>Click to show all stack frames</a>
<div class='stack-trace' id='stack-trace20594056'><pre>parsertest.ExceptionParser.FinalStateException: Additional characters after the final $
	at parsertest.FinalState.doAction(FinalState.java:58)
	at parsertest.StateMachineParser.doAction(StateMachineParser.java:85)
	at parsertest.FinalStateTest.goToFinalStateWithException(FinalStateTest.java:47)
	at sun.reflect.NativeMethodAccessorImpl.invoke0(Native Method)
	at sun.reflect.NativeMethodAccessorImpl.invoke(Unknown Source)
	at sun.reflect.DelegatingMethodAccessorImpl.invoke(Unknown Source)
	at java.lang.reflect.Method.invoke(Unknown Source)
	at org.testng.internal.MethodInvocationHelper.invokeMethod(MethodInvocationHelper.java:85)
	at org.testng.internal.Invoker.invokeMethod(Invoker.java:639)
	at org.testng.internal.Invoker.invokeTestMethod(Invoker.java:816)
	at org.testng.internal.Invoker.invokeTestMethods(Invoker.java:1124)
	at org.testng.internal.TestMethodWorker.invokeTestMethods(TestMethodWorker.java:125)
	at org.testng.internal.TestMethodWorker.run(TestMethodWorker.java:108)
	at org.testng.TestRunner.privateRun(TestRunner.java:774)
	at org.testng.TestRunner.run(TestRunner.java:624)
	at org.testng.SuiteRunner.runTest(SuiteRunner.java:359)
	at org.testng.SuiteRunner.runSequentially(SuiteRunner.java:354)
	at org.testng.SuiteRunner.privateRun(SuiteRunner.java:312)
	at org.testng.SuiteRunner.run(SuiteRunner.java:261)
	at org.testng.SuiteRunnerWorker.runSuite(SuiteRunnerWorker.java:52)
	at org.testng.SuiteRunnerWorker.run(SuiteRunnerWorker.java:86)
	at org.testng.TestNG.runSuitesSequentially(TestNG.java:1191)
	at org.testng.TestNG.runSuitesLocally(TestNG.java:1116)
	at org.testng.TestNG.run(TestNG.java:1024)
	at org.testng.remote.RemoteTestNG.run(RemoteTestNG.java:112)
	at org.testng.remote.RemoteTestNG.initAndRun(RemoteTestNG.java:205)
	at org.testng.remote.RemoteTestNG.main(RemoteTestNG.java:176)
</pre></div></td>
<td>0</td>
<td>parsertest.FinalStateTest@1dd3bcd</td></tr>
<tr>
<td title='parsertest.GroupingSectionTest.GroupingParserTest.goToGroupingDetailedInformationParser()'><b>goToGroupingDetailedInformationParser</b><br>Test class: parsertest.GroupingSectionTest.GroupingParserTest</td>
<td></td>
<td>0</td>
<td>parsertest.GroupingSectionTest.GroupingParserTest@76ae34</td></tr>
<tr>
<td title='parsertest.GroupingSectionTest.GroupingParserTest.goToGroupingDetailedInformationWithException()'><b>goToGroupingDetailedInformationWithException</b><br>Test class: parsertest.GroupingSectionTest.GroupingParserTest</td>
<td><div><pre>parsertest.ExceptionParser.GroupingSectionException: Missing details about the group: hallo
	at parsertest.GroupingSection.GroupingParser.doAction(GroupingParser.java:72)
	at parsertest.StateMachineParser.doAction(StateMachineParser.java:85)
	at parsertest.GroupingSectionTest.GroupingParserTest.goToGroupingDetailedInformationWithException(GroupingParserTest.java:69)
	at sun.reflect.NativeMethodAccessorImpl.invoke0(Native Method)
	at sun.reflect.NativeMethodAccessorImpl.invoke(Unknown Source)
	at sun.reflect.DelegatingMethodAccessorImpl.invoke(Unknown Source)
	at java.lang.reflect.Method.invoke(Unknown Source)
	at org.testng.internal.MethodInvocationHelper.invokeMethod(MethodInvocationHelper.java:85)
	at org.testng.internal.Invoker.invokeMethod(Invoker.java:639)
	at org.testng.internal.Invoker.invokeTestMethod(Invoker.java:816)
	at org.testng.internal.Invoker.invokeTestMethods(Invoker.java:1124)
	at org.testng.internal.TestMethodWorker.invokeTestMethods(TestMethodWorker.java:125)
	at org.testng.internal.TestMethodWorker.run(TestMethodWorker.java:108)
	at org.testng.TestRunner.privateRun(TestRunner.java:774)
	at org.testng.TestRunner.run(TestRunner.java:624)
	at org.testng.SuiteRunner.runTest(SuiteRunner.java:359)
	at org.testng.SuiteRunner.runSequentially(SuiteRunner.java:354)
	at org.testng.SuiteRunner.privateRun(SuiteRunner.java:312)
	at org.testng.SuiteRunner.run(SuiteRunner.java:261)
	at org.testng.SuiteRunnerWorker.runSuite(SuiteRunnerWorker.java:52)
	at org.testng.SuiteRunnerWorker.run(SuiteRunnerWorker.java:86)
	at org.testng.TestNG.runSuitesSequentially(TestNG.java:1191)
	at org.testng.TestNG.runSuitesLocally(TestNG.java:1116)
	at org.testng.TestNG.run(TestNG.java:1024)
	at org.testng.remote.RemoteTestNG.run(RemoteTestNG.java:112)
	at org.testng.remote.RemoteTestNG.initAndRun(RemoteTestNG.java:205)
	at org.testng.remote.RemoteTestNG.main(RemoteTestNG.java:176)
</pre></div><a href='#' onClick='toggleBox("stack-trace3471668", this, "Click to show all stack frames", "Click to hide stack frames")'>Click to show all stack frames</a>
<div class='stack-trace' id='stack-trace3471668'><pre>parsertest.ExceptionParser.GroupingSectionException: Missing details about the group: hallo
	at parsertest.GroupingSection.GroupingParser.doAction(GroupingParser.java:72)
	at parsertest.StateMachineParser.doAction(StateMachineParser.java:85)
	at parsertest.GroupingSectionTest.GroupingParserTest.goToGroupingDetailedInformationWithException(GroupingParserTest.java:69)
	at sun.reflect.NativeMethodAccessorImpl.invoke0(Native Method)
	at sun.reflect.NativeMethodAccessorImpl.invoke(Unknown Source)
	at sun.reflect.DelegatingMethodAccessorImpl.invoke(Unknown Source)
	at java.lang.reflect.Method.invoke(Unknown Source)
	at org.testng.internal.MethodInvocationHelper.invokeMethod(MethodInvocationHelper.java:85)
	at org.testng.internal.Invoker.invokeMethod(Invoker.java:639)
	at org.testng.internal.Invoker.invokeTestMethod(Invoker.java:816)
	at org.testng.internal.Invoker.invokeTestMethods(Invoker.java:1124)
	at org.testng.internal.TestMethodWorker.invokeTestMethods(TestMethodWorker.java:125)
	at org.testng.internal.TestMethodWorker.run(TestMethodWorker.java:108)
	at org.testng.TestRunner.privateRun(TestRunner.java:774)
	at org.testng.TestRunner.run(TestRunner.java:624)
	at org.testng.SuiteRunner.runTest(SuiteRunner.java:359)
	at org.testng.SuiteRunner.runSequentially(SuiteRunner.java:354)
	at org.testng.SuiteRunner.privateRun(SuiteRunner.java:312)
	at org.testng.SuiteRunner.run(SuiteRunner.java:261)
	at org.testng.SuiteRunnerWorker.runSuite(SuiteRunnerWorker.java:52)
	at org.testng.SuiteRunnerWorker.run(SuiteRunnerWorker.java:86)
	at org.testng.TestNG.runSuitesSequentially(TestNG.java:1191)
	at org.testng.TestNG.runSuitesLocally(TestNG.java:1116)
	at org.testng.TestNG.run(TestNG.java:1024)
	at org.testng.remote.RemoteTestNG.run(RemoteTestNG.java:112)
	at org.testng.remote.RemoteTestNG.initAndRun(RemoteTestNG.java:205)
	at org.testng.remote.RemoteTestNG.main(RemoteTestNG.java:176)
</pre></div></td>
<td>0</td>
<td>parsertest.GroupingSectionTest.GroupingParserTest@76ae34</td></tr>
<tr>
<td title='parsertest.ConnectionSectionTest.ConnectionsDetailsParserTest.goToGroupingParser()'><b>goToGroupingParser</b><br>Test class: parsertest.ConnectionSectionTest.ConnectionsDetailsParserTest</td>
<td></td>
<td>0</td>
<td>parsertest.ConnectionSectionTest.ConnectionsDetailsParserTest@1c78c0b</td></tr>
<tr>
<td title='parsertest.GroupingSectionTest.BetweenGroupingParserTest.goToGroupingParser()'><b>goToGroupingParser</b><br>Test class: parsertest.GroupingSectionTest.BetweenGroupingParserTest</td>
<td></td>
<td>0</td>
<td>parsertest.GroupingSectionTest.BetweenGroupingParserTest@9d9c55</td></tr>
<tr>
<td title='parsertest.ConnectionSectionTest.ConnectionsParserTest.goToGroupingParser()'><b>goToGroupingParser</b><br>Test class: parsertest.ConnectionSectionTest.ConnectionsParserTest</td>
<td></td>
<td>0</td>
<td>parsertest.ConnectionSectionTest.ConnectionsParserTest@1a485d2</td></tr>
<tr>
<td title='parsertest.ConnectionSectionTest.ConnectionsDetailsParserTest.goToGroupingParserWithException()'><b>goToGroupingParserWithException</b><br>Test class: parsertest.ConnectionSectionTest.ConnectionsDetailsParserTest</td>
<td><div><pre>parsertest.ExceptionParser.ConnectionSectionException: Details about the connection are not correct: hallo
	at parsertest.ConnectionSection.ConnectionsDetailsParser.doAction(ConnectionsDetailsParser.java:93)
	at parsertest.StateMachineParser.doAction(StateMachineParser.java:85)
	at parsertest.ConnectionSectionTest.ConnectionsDetailsParserTest.goToGroupingParserWithException(ConnectionsDetailsParserTest.java:69)
	at sun.reflect.NativeMethodAccessorImpl.invoke0(Native Method)
	at sun.reflect.NativeMethodAccessorImpl.invoke(Unknown Source)
	at sun.reflect.DelegatingMethodAccessorImpl.invoke(Unknown Source)
	at java.lang.reflect.Method.invoke(Unknown Source)
	at org.testng.internal.MethodInvocationHelper.invokeMethod(MethodInvocationHelper.java:85)
	at org.testng.internal.Invoker.invokeMethod(Invoker.java:639)
	at org.testng.internal.Invoker.invokeTestMethod(Invoker.java:816)
	at org.testng.internal.Invoker.invokeTestMethods(Invoker.java:1124)
	at org.testng.internal.TestMethodWorker.invokeTestMethods(TestMethodWorker.java:125)
	at org.testng.internal.TestMethodWorker.run(TestMethodWorker.java:108)
	at org.testng.TestRunner.privateRun(TestRunner.java:774)
	at org.testng.TestRunner.run(TestRunner.java:624)
	at org.testng.SuiteRunner.runTest(SuiteRunner.java:359)
	at org.testng.SuiteRunner.runSequentially(SuiteRunner.java:354)
	at org.testng.SuiteRunner.privateRun(SuiteRunner.java:312)
	at org.testng.SuiteRunner.run(SuiteRunner.java:261)
	at org.testng.SuiteRunnerWorker.runSuite(SuiteRunnerWorker.java:52)
	at org.testng.SuiteRunnerWorker.run(SuiteRunnerWorker.java:86)
	at org.testng.TestNG.runSuitesSequentially(TestNG.java:1191)
	at org.testng.TestNG.runSuitesLocally(TestNG.java:1116)
	at org.testng.TestNG.run(TestNG.java:1024)
	at org.testng.remote.RemoteTestNG.run(RemoteTestNG.java:112)
	at org.testng.remote.RemoteTestNG.initAndRun(RemoteTestNG.java:205)
	at org.testng.remote.RemoteTestNG.main(RemoteTestNG.java:176)
</pre></div><a href='#' onClick='toggleBox("stack-trace33288559", this, "Click to show all stack frames", "Click to hide stack frames")'>Click to show all stack frames</a>
<div class='stack-trace' id='stack-trace33288559'><pre>parsertest.ExceptionParser.ConnectionSectionException: Details about the connection are not correct: hallo
	at parsertest.ConnectionSection.ConnectionsDetailsParser.doAction(ConnectionsDetailsParser.java:93)
	at parsertest.StateMachineParser.doAction(StateMachineParser.java:85)
	at parsertest.ConnectionSectionTest.ConnectionsDetailsParserTest.goToGroupingParserWithException(ConnectionsDetailsParserTest.java:69)
	at sun.reflect.NativeMethodAccessorImpl.invoke0(Native Method)
	at sun.reflect.NativeMethodAccessorImpl.invoke(Unknown Source)
	at sun.reflect.DelegatingMethodAccessorImpl.invoke(Unknown Source)
	at java.lang.reflect.Method.invoke(Unknown Source)
	at org.testng.internal.MethodInvocationHelper.invokeMethod(MethodInvocationHelper.java:85)
	at org.testng.internal.Invoker.invokeMethod(Invoker.java:639)
	at org.testng.internal.Invoker.invokeTestMethod(Invoker.java:816)
	at org.testng.internal.Invoker.invokeTestMethods(Invoker.java:1124)
	at org.testng.internal.TestMethodWorker.invokeTestMethods(TestMethodWorker.java:125)
	at org.testng.internal.TestMethodWorker.run(TestMethodWorker.java:108)
	at org.testng.TestRunner.privateRun(TestRunner.java:774)
	at org.testng.TestRunner.run(TestRunner.java:624)
	at org.testng.SuiteRunner.runTest(SuiteRunner.java:359)
	at org.testng.SuiteRunner.runSequentially(SuiteRunner.java:354)
	at org.testng.SuiteRunner.privateRun(SuiteRunner.java:312)
	at org.testng.SuiteRunner.run(SuiteRunner.java:261)
	at org.testng.SuiteRunnerWorker.runSuite(SuiteRunnerWorker.java:52)
	at org.testng.SuiteRunnerWorker.run(SuiteRunnerWorker.java:86)
	at org.testng.TestNG.runSuitesSequentially(TestNG.java:1191)
	at org.testng.TestNG.runSuitesLocally(TestNG.java:1116)
	at org.testng.TestNG.run(TestNG.java:1024)
	at org.testng.remote.RemoteTestNG.run(RemoteTestNG.java:112)
	at org.testng.remote.RemoteTestNG.initAndRun(RemoteTestNG.java:205)
	at org.testng.remote.RemoteTestNG.main(RemoteTestNG.java:176)
</pre></div></td>
<td>0</td>
<td>parsertest.ConnectionSectionTest.ConnectionsDetailsParserTest@1c78c0b</td></tr>
<tr>
<td title='parsertest.ConnectionSectionTest.ConnectionsParserTest.goToGroupingParserWithException()'><b>goToGroupingParserWithException</b><br>Test class: parsertest.ConnectionSectionTest.ConnectionsParserTest</td>
<td><div><pre>parsertest.ExceptionParser.ConnectionSectionException: Missing target polymer id: 
	at parsertest.ConnectionSection.ConnectionsParser.doAction(ConnectionsParser.java:78)
	at parsertest.StateMachineParser.doAction(StateMachineParser.java:85)
	at parsertest.ConnectionSectionTest.ConnectionsParserTest.goToGroupingParserWithException(ConnectionsParserTest.java:68)
	at sun.reflect.NativeMethodAccessorImpl.invoke0(Native Method)
	at sun.reflect.NativeMethodAccessorImpl.invoke(Unknown Source)
	at sun.reflect.DelegatingMethodAccessorImpl.invoke(Unknown Source)
	at java.lang.reflect.Method.invoke(Unknown Source)
	at org.testng.internal.MethodInvocationHelper.invokeMethod(MethodInvocationHelper.java:85)
	at org.testng.internal.Invoker.invokeMethod(Invoker.java:639)
	at org.testng.internal.Invoker.invokeTestMethod(Invoker.java:816)
	at org.testng.internal.Invoker.invokeTestMethods(Invoker.java:1124)
	at org.testng.internal.TestMethodWorker.invokeTestMethods(TestMethodWorker.java:125)
	at org.testng.internal.TestMethodWorker.run(TestMethodWorker.java:108)
	at org.testng.TestRunner.privateRun(TestRunner.java:774)
	at org.testng.TestRunner.run(TestRunner.java:624)
	at org.testng.SuiteRunner.runTest(SuiteRunner.java:359)
	at org.testng.SuiteRunner.runSequentially(SuiteRunner.java:354)
	at org.testng.SuiteRunner.privateRun(SuiteRunner.java:312)
	at org.testng.SuiteRunner.run(SuiteRunner.java:261)
	at org.testng.SuiteRunnerWorker.runSuite(SuiteRunnerWorker.java:52)
	at org.testng.SuiteRunnerWorker.run(SuiteRunnerWorker.java:86)
	at org.testng.TestNG.runSuitesSequentially(TestNG.java:1191)
	at org.testng.TestNG.runSuitesLocally(TestNG.java:1116)
	at org.testng.TestNG.run(TestNG.java:1024)
	at org.testng.remote.RemoteTestNG.run(RemoteTestNG.java:112)
	at org.testng.remote.RemoteTestNG.initAndRun(RemoteTestNG.java:205)
	at org.testng.remote.RemoteTestNG.main(RemoteTestNG.java:176)
</pre></div><a href='#' onClick='toggleBox("stack-trace5508954", this, "Click to show all stack frames", "Click to hide stack frames")'>Click to show all stack frames</a>
<div class='stack-trace' id='stack-trace5508954'><pre>parsertest.ExceptionParser.ConnectionSectionException: Missing target polymer id: 
	at parsertest.ConnectionSection.ConnectionsParser.doAction(ConnectionsParser.java:78)
	at parsertest.StateMachineParser.doAction(StateMachineParser.java:85)
	at parsertest.ConnectionSectionTest.ConnectionsParserTest.goToGroupingParserWithException(ConnectionsParserTest.java:68)
	at sun.reflect.NativeMethodAccessorImpl.invoke0(Native Method)
	at sun.reflect.NativeMethodAccessorImpl.invoke(Unknown Source)
	at sun.reflect.DelegatingMethodAccessorImpl.invoke(Unknown Source)
	at java.lang.reflect.Method.invoke(Unknown Source)
	at org.testng.internal.MethodInvocationHelper.invokeMethod(MethodInvocationHelper.java:85)
	at org.testng.internal.Invoker.invokeMethod(Invoker.java:639)
	at org.testng.internal.Invoker.invokeTestMethod(Invoker.java:816)
	at org.testng.internal.Invoker.invokeTestMethods(Invoker.java:1124)
	at org.testng.internal.TestMethodWorker.invokeTestMethods(TestMethodWorker.java:125)
	at org.testng.internal.TestMethodWorker.run(TestMethodWorker.java:108)
	at org.testng.TestRunner.privateRun(TestRunner.java:774)
	at org.testng.TestRunner.run(TestRunner.java:624)
	at org.testng.SuiteRunner.runTest(SuiteRunner.java:359)
	at org.testng.SuiteRunner.runSequentially(SuiteRunner.java:354)
	at org.testng.SuiteRunner.privateRun(SuiteRunner.java:312)
	at org.testng.SuiteRunner.run(SuiteRunner.java:261)
	at org.testng.SuiteRunnerWorker.runSuite(SuiteRunnerWorker.java:52)
	at org.testng.SuiteRunnerWorker.run(SuiteRunnerWorker.java:86)
	at org.testng.TestNG.runSuitesSequentially(TestNG.java:1191)
	at org.testng.TestNG.runSuitesLocally(TestNG.java:1116)
	at org.testng.TestNG.run(TestNG.java:1024)
	at org.testng.remote.RemoteTestNG.run(RemoteTestNG.java:112)
	at org.testng.remote.RemoteTestNG.initAndRun(RemoteTestNG.java:205)
	at org.testng.remote.RemoteTestNG.main(RemoteTestNG.java:176)
</pre></div></td>
<td>0</td>
<td>parsertest.ConnectionSectionTest.ConnectionsParserTest@1a485d2</td></tr>
<tr>
<td title='parsertest.ConnectionSectionTest.BetweenInlineConnectionParserTest.goToGroupingSection()'><b>goToGroupingSection</b><br>Test class: parsertest.ConnectionSectionTest.BetweenInlineConnectionParserTest</td>
<td></td>
<td>0</td>
<td>parsertest.ConnectionSectionTest.BetweenInlineConnectionParserTest@17e1986</td></tr>
<tr>
<td title='parsertest.SimplePolymersSectionTest.SimplePolymersNotationParserTest.goToInlineAnnotaitonsParser()'><b>goToInlineAnnotaitonsParser</b><br>Test class: parsertest.SimplePolymersSectionTest.SimplePolymersNotationParserTest</td>
<td></td>
<td>0</td>
<td>parsertest.SimplePolymersSectionTest.SimplePolymersNotationParserTest@13f5a29</td></tr>
<tr>
<td title='parsertest.SimplePolymersSectionTest.SimplePolymersNotationParserTest.goToInlineAnnotaitonsParserWithException()'><b>goToInlineAnnotaitonsParserWithException</b><br>Test class: parsertest.SimplePolymersSectionTest.SimplePolymersNotationParserTest</td>
<td><div><pre>parsertest.ExceptionParser.SimplePolymerSectionException: Polymer ID is not correct: PEPTIDE
	at parsertest.SimplePolymersSection.SimplePolymersParser.doAction(SimplePolymersParser.java:99)
	at parsertest.StateMachineParser.doAction(StateMachineParser.java:85)
	at parsertest.SimplePolymersSectionTest.SimplePolymersNotationParserTest.goToInlineAnnotaitonsParserWithException(SimplePolymersNotationParserTest.java:130)
	at sun.reflect.NativeMethodAccessorImpl.invoke0(Native Method)
	at sun.reflect.NativeMethodAccessorImpl.invoke(Unknown Source)
	at sun.reflect.DelegatingMethodAccessorImpl.invoke(Unknown Source)
	at java.lang.reflect.Method.invoke(Unknown Source)
	at org.testng.internal.MethodInvocationHelper.invokeMethod(MethodInvocationHelper.java:85)
	at org.testng.internal.Invoker.invokeMethod(Invoker.java:639)
	at org.testng.internal.Invoker.invokeTestMethod(Invoker.java:816)
	at org.testng.internal.Invoker.invokeTestMethods(Invoker.java:1124)
	at org.testng.internal.TestMethodWorker.invokeTestMethods(TestMethodWorker.java:125)
	at org.testng.internal.TestMethodWorker.run(TestMethodWorker.java:108)
	at org.testng.TestRunner.privateRun(TestRunner.java:774)
	at org.testng.TestRunner.run(TestRunner.java:624)
	at org.testng.SuiteRunner.runTest(SuiteRunner.java:359)
	at org.testng.SuiteRunner.runSequentially(SuiteRunner.java:354)
	at org.testng.SuiteRunner.privateRun(SuiteRunner.java:312)
	at org.testng.SuiteRunner.run(SuiteRunner.java:261)
	at org.testng.SuiteRunnerWorker.runSuite(SuiteRunnerWorker.java:52)
	at org.testng.SuiteRunnerWorker.run(SuiteRunnerWorker.java:86)
	at org.testng.TestNG.runSuitesSequentially(TestNG.java:1191)
	at org.testng.TestNG.runSuitesLocally(TestNG.java:1116)
	at org.testng.TestNG.run(TestNG.java:1024)
	at org.testng.remote.RemoteTestNG.run(RemoteTestNG.java:112)
	at org.testng.remote.RemoteTestNG.initAndRun(RemoteTestNG.java:205)
	at org.testng.remote.RemoteTestNG.main(RemoteTestNG.java:176)
</pre></div><a href='#' onClick='toggleBox("stack-trace30829267", this, "Click to show all stack frames", "Click to hide stack frames")'>Click to show all stack frames</a>
<div class='stack-trace' id='stack-trace30829267'><pre>parsertest.ExceptionParser.SimplePolymerSectionException: Polymer ID is not correct: PEPTIDE
	at parsertest.SimplePolymersSection.SimplePolymersParser.doAction(SimplePolymersParser.java:99)
	at parsertest.StateMachineParser.doAction(StateMachineParser.java:85)
	at parsertest.SimplePolymersSectionTest.SimplePolymersNotationParserTest.goToInlineAnnotaitonsParserWithException(SimplePolymersNotationParserTest.java:130)
	at sun.reflect.NativeMethodAccessorImpl.invoke0(Native Method)
	at sun.reflect.NativeMethodAccessorImpl.invoke(Unknown Source)
	at sun.reflect.DelegatingMethodAccessorImpl.invoke(Unknown Source)
	at java.lang.reflect.Method.invoke(Unknown Source)
	at org.testng.internal.MethodInvocationHelper.invokeMethod(MethodInvocationHelper.java:85)
	at org.testng.internal.Invoker.invokeMethod(Invoker.java:639)
	at org.testng.internal.Invoker.invokeTestMethod(Invoker.java:816)
	at org.testng.internal.Invoker.invokeTestMethods(Invoker.java:1124)
	at org.testng.internal.TestMethodWorker.invokeTestMethods(TestMethodWorker.java:125)
	at org.testng.internal.TestMethodWorker.run(TestMethodWorker.java:108)
	at org.testng.TestRunner.privateRun(TestRunner.java:774)
	at org.testng.TestRunner.run(TestRunner.java:624)
	at org.testng.SuiteRunner.runTest(SuiteRunner.java:359)
	at org.testng.SuiteRunner.runSequentially(SuiteRunner.java:354)
	at org.testng.SuiteRunner.privateRun(SuiteRunner.java:312)
	at org.testng.SuiteRunner.run(SuiteRunner.java:261)
	at org.testng.SuiteRunnerWorker.runSuite(SuiteRunnerWorker.java:52)
	at org.testng.SuiteRunnerWorker.run(SuiteRunnerWorker.java:86)
	at org.testng.TestNG.runSuitesSequentially(TestNG.java:1191)
	at org.testng.TestNG.runSuitesLocally(TestNG.java:1116)
	at org.testng.TestNG.run(TestNG.java:1024)
	at org.testng.remote.RemoteTestNG.run(RemoteTestNG.java:112)
	at org.testng.remote.RemoteTestNG.initAndRun(RemoteTestNG.java:205)
	at org.testng.remote.RemoteTestNG.main(RemoteTestNG.java:176)
</pre></div></td>
<td>0</td>
<td>parsertest.SimplePolymersSectionTest.SimplePolymersNotationParserTest@13f5a29</td></tr>
<tr>
<td title='parsertest.SimplePolymersSectionTest.BetweenMonomerParserTest.goToInlineAnnotationParser()'><b>goToInlineAnnotationParser</b><br>Test class: parsertest.SimplePolymersSectionTest.BetweenMonomerParserTest</td>
<td></td>
<td>0</td>
<td>parsertest.SimplePolymersSectionTest.BetweenMonomerParserTest@1afa04c</td></tr>
<tr>
<td title='parsertest.ConnectionSectionTest.ConnectionsDetailsParserTest.goToInlineAnnotationsParser()'><b>goToInlineAnnotationsParser</b><br>Test class: parsertest.ConnectionSectionTest.ConnectionsDetailsParserTest</td>
<td></td>
<td>0</td>
<td>parsertest.ConnectionSectionTest.ConnectionsDetailsParserTest@1c78c0b</td></tr>
<tr>
<td title='parsertest.SimplePolymersSectionTest.BetweenParserTest.goToInlineAnnotationsParser()'><b>goToInlineAnnotationsParser</b><br>Test class: parsertest.SimplePolymersSectionTest.BetweenParserTest</td>
<td></td>
<td>0</td>
<td>parsertest.SimplePolymersSectionTest.BetweenParserTest@56dfcb</td></tr>
<tr>
<td title='parsertest.ConnectionSectionTest.ConnectionsDetailsParserTest.goToInlineAnnotationsParserWithException()'><b>goToInlineAnnotationsParserWithException</b><br>Test class: parsertest.ConnectionSectionTest.ConnectionsDetailsParserTest</td>
<td><div><pre>parsertest.ExceptionParser.ConnectionSectionException: Details about the connection are not correct: hallo
	at parsertest.ConnectionSection.ConnectionsDetailsParser.doAction(ConnectionsDetailsParser.java:110)
	at parsertest.StateMachineParser.doAction(StateMachineParser.java:85)
	at parsertest.ConnectionSectionTest.ConnectionsDetailsParserTest.goToInlineAnnotationsParserWithException(ConnectionsDetailsParserTest.java:93)
	at sun.reflect.NativeMethodAccessorImpl.invoke0(Native Method)
	at sun.reflect.NativeMethodAccessorImpl.invoke(Unknown Source)
	at sun.reflect.DelegatingMethodAccessorImpl.invoke(Unknown Source)
	at java.lang.reflect.Method.invoke(Unknown Source)
	at org.testng.internal.MethodInvocationHelper.invokeMethod(MethodInvocationHelper.java:85)
	at org.testng.internal.Invoker.invokeMethod(Invoker.java:639)
	at org.testng.internal.Invoker.invokeTestMethod(Invoker.java:816)
	at org.testng.internal.Invoker.invokeTestMethods(Invoker.java:1124)
	at org.testng.internal.TestMethodWorker.invokeTestMethods(TestMethodWorker.java:125)
	at org.testng.internal.TestMethodWorker.run(TestMethodWorker.java:108)
	at org.testng.TestRunner.privateRun(TestRunner.java:774)
	at org.testng.TestRunner.run(TestRunner.java:624)
	at org.testng.SuiteRunner.runTest(SuiteRunner.java:359)
	at org.testng.SuiteRunner.runSequentially(SuiteRunner.java:354)
	at org.testng.SuiteRunner.privateRun(SuiteRunner.java:312)
	at org.testng.SuiteRunner.run(SuiteRunner.java:261)
	at org.testng.SuiteRunnerWorker.runSuite(SuiteRunnerWorker.java:52)
	at org.testng.SuiteRunnerWorker.run(SuiteRunnerWorker.java:86)
	at org.testng.TestNG.runSuitesSequentially(TestNG.java:1191)
	at org.testng.TestNG.runSuitesLocally(TestNG.java:1116)
	at org.testng.TestNG.run(TestNG.java:1024)
	at org.testng.remote.RemoteTestNG.run(RemoteTestNG.java:112)
	at org.testng.remote.RemoteTestNG.initAndRun(RemoteTestNG.java:205)
	at org.testng.remote.RemoteTestNG.main(RemoteTestNG.java:176)
</pre></div><a href='#' onClick='toggleBox("stack-trace8157201", this, "Click to show all stack frames", "Click to hide stack frames")'>Click to show all stack frames</a>
<div class='stack-trace' id='stack-trace8157201'><pre>parsertest.ExceptionParser.ConnectionSectionException: Details about the connection are not correct: hallo
	at parsertest.ConnectionSection.ConnectionsDetailsParser.doAction(ConnectionsDetailsParser.java:110)
	at parsertest.StateMachineParser.doAction(StateMachineParser.java:85)
	at parsertest.ConnectionSectionTest.ConnectionsDetailsParserTest.goToInlineAnnotationsParserWithException(ConnectionsDetailsParserTest.java:93)
	at sun.reflect.NativeMethodAccessorImpl.invoke0(Native Method)
	at sun.reflect.NativeMethodAccessorImpl.invoke(Unknown Source)
	at sun.reflect.DelegatingMethodAccessorImpl.invoke(Unknown Source)
	at java.lang.reflect.Method.invoke(Unknown Source)
	at org.testng.internal.MethodInvocationHelper.invokeMethod(MethodInvocationHelper.java:85)
	at org.testng.internal.Invoker.invokeMethod(Invoker.java:639)
	at org.testng.internal.Invoker.invokeTestMethod(Invoker.java:816)
	at org.testng.internal.Invoker.invokeTestMethods(Invoker.java:1124)
	at org.testng.internal.TestMethodWorker.invokeTestMethods(TestMethodWorker.java:125)
	at org.testng.internal.TestMethodWorker.run(TestMethodWorker.java:108)
	at org.testng.TestRunner.privateRun(TestRunner.java:774)
	at org.testng.TestRunner.run(TestRunner.java:624)
	at org.testng.SuiteRunner.runTest(SuiteRunner.java:359)
	at org.testng.SuiteRunner.runSequentially(SuiteRunner.java:354)
	at org.testng.SuiteRunner.privateRun(SuiteRunner.java:312)
	at org.testng.SuiteRunner.run(SuiteRunner.java:261)
	at org.testng.SuiteRunnerWorker.runSuite(SuiteRunnerWorker.java:52)
	at org.testng.SuiteRunnerWorker.run(SuiteRunnerWorker.java:86)
	at org.testng.TestNG.runSuitesSequentially(TestNG.java:1191)
	at org.testng.TestNG.runSuitesLocally(TestNG.java:1116)
	at org.testng.TestNG.run(TestNG.java:1024)
	at org.testng.remote.RemoteTestNG.run(RemoteTestNG.java:112)
	at org.testng.remote.RemoteTestNG.initAndRun(RemoteTestNG.java:205)
	at org.testng.remote.RemoteTestNG.main(RemoteTestNG.java:176)
</pre></div></td>
<td>0</td>
<td>parsertest.ConnectionSectionTest.ConnectionsDetailsParserTest@1c78c0b</td></tr>
<tr>
<td title='parsertest.SimplePolymersSectionTest.SimplePolymersNotationParserTest.goToRepeatingMonomerParser()'><b>goToRepeatingMonomerParser</b><br>Test class: parsertest.SimplePolymersSectionTest.SimplePolymersNotationParserTest</td>
<td></td>
<td>0</td>
<td>parsertest.SimplePolymersSectionTest.SimplePolymersNotationParserTest@13f5a29</td></tr>
<tr>
<td title='parsertest.SimplePolymersSectionTest.SimplePolymersNotationParserTest.goToRepeatingMonomerParserWithException()'><b>goToRepeatingMonomerParserWithException</b><br>Test class: parsertest.SimplePolymersSectionTest.SimplePolymersNotationParserTest</td>
<td><div><pre>parsertest.ExceptionParser.SimplePolymerSectionException: Monomer unit is missing
	at parsertest.SimplePolymersSection.SimplePolymersNotationParser.doAction(SimplePolymersNotationParser.java:138)
	at parsertest.StateMachineParser.doAction(StateMachineParser.java:85)
	at parsertest.SimplePolymersSectionTest.SimplePolymersNotationParserTest.goToRepeatingMonomerParserWithException(SimplePolymersNotationParserTest.java:156)
	at sun.reflect.NativeMethodAccessorImpl.invoke0(Native Method)
	at sun.reflect.NativeMethodAccessorImpl.invoke(Unknown Source)
	at sun.reflect.DelegatingMethodAccessorImpl.invoke(Unknown Source)
	at java.lang.reflect.Method.invoke(Unknown Source)
	at org.testng.internal.MethodInvocationHelper.invokeMethod(MethodInvocationHelper.java:85)
	at org.testng.internal.Invoker.invokeMethod(Invoker.java:639)
	at org.testng.internal.Invoker.invokeTestMethod(Invoker.java:816)
	at org.testng.internal.Invoker.invokeTestMethods(Invoker.java:1124)
	at org.testng.internal.TestMethodWorker.invokeTestMethods(TestMethodWorker.java:125)
	at org.testng.internal.TestMethodWorker.run(TestMethodWorker.java:108)
	at org.testng.TestRunner.privateRun(TestRunner.java:774)
	at org.testng.TestRunner.run(TestRunner.java:624)
	at org.testng.SuiteRunner.runTest(SuiteRunner.java:359)
	at org.testng.SuiteRunner.runSequentially(SuiteRunner.java:354)
	at org.testng.SuiteRunner.privateRun(SuiteRunner.java:312)
	at org.testng.SuiteRunner.run(SuiteRunner.java:261)
	at org.testng.SuiteRunnerWorker.runSuite(SuiteRunnerWorker.java:52)
	at org.testng.SuiteRunnerWorker.run(SuiteRunnerWorker.java:86)
	at org.testng.TestNG.runSuitesSequentially(TestNG.java:1191)
	at org.testng.TestNG.runSuitesLocally(TestNG.java:1116)
	at org.testng.TestNG.run(TestNG.java:1024)
	at org.testng.remote.RemoteTestNG.run(RemoteTestNG.java:112)
	at org.testng.remote.RemoteTestNG.initAndRun(RemoteTestNG.java:205)
	at org.testng.remote.RemoteTestNG.main(RemoteTestNG.java:176)
</pre></div><a href='#' onClick='toggleBox("stack-trace17037394", this, "Click to show all stack frames", "Click to hide stack frames")'>Click to show all stack frames</a>
<div class='stack-trace' id='stack-trace17037394'><pre>parsertest.ExceptionParser.SimplePolymerSectionException: Monomer unit is missing
	at parsertest.SimplePolymersSection.SimplePolymersNotationParser.doAction(SimplePolymersNotationParser.java:138)
	at parsertest.StateMachineParser.doAction(StateMachineParser.java:85)
	at parsertest.SimplePolymersSectionTest.SimplePolymersNotationParserTest.goToRepeatingMonomerParserWithException(SimplePolymersNotationParserTest.java:156)
	at sun.reflect.NativeMethodAccessorImpl.invoke0(Native Method)
	at sun.reflect.NativeMethodAccessorImpl.invoke(Unknown Source)
	at sun.reflect.DelegatingMethodAccessorImpl.invoke(Unknown Source)
	at java.lang.reflect.Method.invoke(Unknown Source)
	at org.testng.internal.MethodInvocationHelper.invokeMethod(MethodInvocationHelper.java:85)
	at org.testng.internal.Invoker.invokeMethod(Invoker.java:639)
	at org.testng.internal.Invoker.invokeTestMethod(Invoker.java:816)
	at org.testng.internal.Invoker.invokeTestMethods(Invoker.java:1124)
	at org.testng.internal.TestMethodWorker.invokeTestMethods(TestMethodWorker.java:125)
	at org.testng.internal.TestMethodWorker.run(TestMethodWorker.java:108)
	at org.testng.TestRunner.privateRun(TestRunner.java:774)
	at org.testng.TestRunner.run(TestRunner.java:624)
	at org.testng.SuiteRunner.runTest(SuiteRunner.java:359)
	at org.testng.SuiteRunner.runSequentially(SuiteRunner.java:354)
	at org.testng.SuiteRunner.privateRun(SuiteRunner.java:312)
	at org.testng.SuiteRunner.run(SuiteRunner.java:261)
	at org.testng.SuiteRunnerWorker.runSuite(SuiteRunnerWorker.java:52)
	at org.testng.SuiteRunnerWorker.run(SuiteRunnerWorker.java:86)
	at org.testng.TestNG.runSuitesSequentially(TestNG.java:1191)
	at org.testng.TestNG.runSuitesLocally(TestNG.java:1116)
	at org.testng.TestNG.run(TestNG.java:1024)
	at org.testng.remote.RemoteTestNG.run(RemoteTestNG.java:112)
	at org.testng.remote.RemoteTestNG.initAndRun(RemoteTestNG.java:205)
	at org.testng.remote.RemoteTestNG.main(RemoteTestNG.java:176)
</pre></div></td>
<td>0</td>
<td>parsertest.SimplePolymersSectionTest.SimplePolymersNotationParserTest@13f5a29</td></tr>
<tr>
<td title='parsertest.SimplePolymersSectionTest.BetweenInlineMonomerParser.goToSimplePolymerNotationParser()'><b>goToSimplePolymerNotationParser</b><br>Test class: parsertest.SimplePolymersSectionTest.BetweenInlineMonomerParser</td>
<td></td>
<td>0</td>
<td>parsertest.SimplePolymersSectionTest.BetweenInlineMonomerParser@1fb3ab6</td></tr>
<tr>
<td title='parsertest.SimplePolymersSectionTest.BetweenMonomerParserTest.goToSimplePolymerNotationParser()'><b>goToSimplePolymerNotationParser</b><br>Test class: parsertest.SimplePolymersSectionTest.BetweenMonomerParserTest</td>
<td></td>
<td>0</td>
<td>parsertest.SimplePolymersSectionTest.BetweenMonomerParserTest@1afa04c</td></tr>
<tr>
<td title='parsertest.InlineAnnotationsParserTest.goToSimplePolymersNotationParserParser()'><b>goToSimplePolymersNotationParserParser</b><br>Test class: parsertest.InlineAnnotationsParserTest</td>
<td></td>
<td>0</td>
<td>parsertest.InlineAnnotationsParserTest@b4c3ab</td></tr>
<tr>
<td title='parsertest.SimplePolymersSectionTest.SimplePolymersParserTest.goToSimplePolymersNotationParserTest()'><b>goToSimplePolymersNotationParserTest</b><br>Test class: parsertest.SimplePolymersSectionTest.SimplePolymersParserTest</td>
<td></td>
<td>0</td>
<td>parsertest.SimplePolymersSectionTest.SimplePolymersParserTest@f67b76</td></tr>
<tr>
<td title='parsertest.SimplePolymersSectionTest.SimplePolymersParserTest.goToSimplePolymersNotationParserTestWithException()'><b>goToSimplePolymersNotationParserTestWithException</b><br>Test class: parsertest.SimplePolymersSectionTest.SimplePolymersParserTest</td>
<td><div><pre>parsertest.ExceptionParser.SimplePolymerSectionException: Polymer ID is not correct: 
	at parsertest.SimplePolymersSection.SimplePolymersParser.doAction(SimplePolymersParser.java:99)
	at parsertest.StateMachineParser.doAction(StateMachineParser.java:85)
	at parsertest.SimplePolymersSectionTest.SimplePolymersParserTest.goToSimplePolymersNotationParserTestWithException(SimplePolymersParserTest.java:75)
	at sun.reflect.NativeMethodAccessorImpl.invoke0(Native Method)
	at sun.reflect.NativeMethodAccessorImpl.invoke(Unknown Source)
	at sun.reflect.DelegatingMethodAccessorImpl.invoke(Unknown Source)
	at java.lang.reflect.Method.invoke(Unknown Source)
	at org.testng.internal.MethodInvocationHelper.invokeMethod(MethodInvocationHelper.java:85)
	at org.testng.internal.Invoker.invokeMethod(Invoker.java:639)
	at org.testng.internal.Invoker.invokeTestMethod(Invoker.java:816)
	at org.testng.internal.Invoker.invokeTestMethods(Invoker.java:1124)
	at org.testng.internal.TestMethodWorker.invokeTestMethods(TestMethodWorker.java:125)
	at org.testng.internal.TestMethodWorker.run(TestMethodWorker.java:108)
	at org.testng.TestRunner.privateRun(TestRunner.java:774)
	at org.testng.TestRunner.run(TestRunner.java:624)
	at org.testng.SuiteRunner.runTest(SuiteRunner.java:359)
	at org.testng.SuiteRunner.runSequentially(SuiteRunner.java:354)
	at org.testng.SuiteRunner.privateRun(SuiteRunner.java:312)
	at org.testng.SuiteRunner.run(SuiteRunner.java:261)
	at org.testng.SuiteRunnerWorker.runSuite(SuiteRunnerWorker.java:52)
	at org.testng.SuiteRunnerWorker.run(SuiteRunnerWorker.java:86)
	at org.testng.TestNG.runSuitesSequentially(TestNG.java:1191)
	at org.testng.TestNG.runSuitesLocally(TestNG.java:1116)
	at org.testng.TestNG.run(TestNG.java:1024)
	at org.testng.remote.RemoteTestNG.run(RemoteTestNG.java:112)
	at org.testng.remote.RemoteTestNG.initAndRun(RemoteTestNG.java:205)
	at org.testng.remote.RemoteTestNG.main(RemoteTestNG.java:176)
</pre></div><a href='#' onClick='toggleBox("stack-trace10499488", this, "Click to show all stack frames", "Click to hide stack frames")'>Click to show all stack frames</a>
<div class='stack-trace' id='stack-trace10499488'><pre>parsertest.ExceptionParser.SimplePolymerSectionException: Polymer ID is not correct: 
	at parsertest.SimplePolymersSection.SimplePolymersParser.doAction(SimplePolymersParser.java:99)
	at parsertest.StateMachineParser.doAction(StateMachineParser.java:85)
	at parsertest.SimplePolymersSectionTest.SimplePolymersParserTest.goToSimplePolymersNotationParserTestWithException(SimplePolymersParserTest.java:75)
	at sun.reflect.NativeMethodAccessorImpl.invoke0(Native Method)
	at sun.reflect.NativeMethodAccessorImpl.invoke(Unknown Source)
	at sun.reflect.DelegatingMethodAccessorImpl.invoke(Unknown Source)
	at java.lang.reflect.Method.invoke(Unknown Source)
	at org.testng.internal.MethodInvocationHelper.invokeMethod(MethodInvocationHelper.java:85)
	at org.testng.internal.Invoker.invokeMethod(Invoker.java:639)
	at org.testng.internal.Invoker.invokeTestMethod(Invoker.java:816)
	at org.testng.internal.Invoker.invokeTestMethods(Invoker.java:1124)
	at org.testng.internal.TestMethodWorker.invokeTestMethods(TestMethodWorker.java:125)
	at org.testng.internal.TestMethodWorker.run(TestMethodWorker.java:108)
	at org.testng.TestRunner.privateRun(TestRunner.java:774)
	at org.testng.TestRunner.run(TestRunner.java:624)
	at org.testng.SuiteRunner.runTest(SuiteRunner.java:359)
	at org.testng.SuiteRunner.runSequentially(SuiteRunner.java:354)
	at org.testng.SuiteRunner.privateRun(SuiteRunner.java:312)
	at org.testng.SuiteRunner.run(SuiteRunner.java:261)
	at org.testng.SuiteRunnerWorker.runSuite(SuiteRunnerWorker.java:52)
	at org.testng.SuiteRunnerWorker.run(SuiteRunnerWorker.java:86)
	at org.testng.TestNG.runSuitesSequentially(TestNG.java:1191)
	at org.testng.TestNG.runSuitesLocally(TestNG.java:1116)
	at org.testng.TestNG.run(TestNG.java:1024)
	at org.testng.remote.RemoteTestNG.run(RemoteTestNG.java:112)
	at org.testng.remote.RemoteTestNG.initAndRun(RemoteTestNG.java:205)
	at org.testng.remote.RemoteTestNG.main(RemoteTestNG.java:176)
</pre></div></td>
<td>0</td>
<td>parsertest.SimplePolymersSectionTest.SimplePolymersParserTest@f67b76</td></tr>
<tr>
<td title='parsertest.SimplePolymersSectionTest.BetweenParserTest.goToSimplePolymersParser()'><b>goToSimplePolymersParser</b><br>Test class: parsertest.SimplePolymersSectionTest.BetweenParserTest</td>
<td></td>
<td>0</td>
<td>parsertest.SimplePolymersSectionTest.BetweenParserTest@56dfcb</td></tr>
<tr>
<td title='parsertest.SimplePolymersSectionTest.BetweenInlineMonomerParser.goToWithException()'><b>goToWithException</b><br>Test class: parsertest.SimplePolymersSectionTest.BetweenInlineMonomerParser</td>
<td><div><pre>parsertest.ExceptionParser.SimplePolymerSectionException: Error in the simple polymers notation section:
	at parsertest.SimplePolymersSection.BetweenMonomerParser.doAction(BetweenMonomerParser.java:78)
	at parsertest.StateMachineParser.doAction(StateMachineParser.java:85)
	at parsertest.SimplePolymersSectionTest.BetweenInlineMonomerParser.goToWithException(BetweenInlineMonomerParser.java:70)
	at sun.reflect.NativeMethodAccessorImpl.invoke0(Native Method)
	at sun.reflect.NativeMethodAccessorImpl.invoke(Unknown Source)
	at sun.reflect.DelegatingMethodAccessorImpl.invoke(Unknown Source)
	at java.lang.reflect.Method.invoke(Unknown Source)
	at org.testng.internal.MethodInvocationHelper.invokeMethod(MethodInvocationHelper.java:85)
	at org.testng.internal.Invoker.invokeMethod(Invoker.java:639)
	at org.testng.internal.Invoker.invokeTestMethod(Invoker.java:816)
	at org.testng.internal.Invoker.invokeTestMethods(Invoker.java:1124)
	at org.testng.internal.TestMethodWorker.invokeTestMethods(TestMethodWorker.java:125)
	at org.testng.internal.TestMethodWorker.run(TestMethodWorker.java:108)
	at org.testng.TestRunner.privateRun(TestRunner.java:774)
	at org.testng.TestRunner.run(TestRunner.java:624)
	at org.testng.SuiteRunner.runTest(SuiteRunner.java:359)
	at org.testng.SuiteRunner.runSequentially(SuiteRunner.java:354)
	at org.testng.SuiteRunner.privateRun(SuiteRunner.java:312)
	at org.testng.SuiteRunner.run(SuiteRunner.java:261)
	at org.testng.SuiteRunnerWorker.runSuite(SuiteRunnerWorker.java:52)
	at org.testng.SuiteRunnerWorker.run(SuiteRunnerWorker.java:86)
	at org.testng.TestNG.runSuitesSequentially(TestNG.java:1191)
	at org.testng.TestNG.runSuitesLocally(TestNG.java:1116)
	at org.testng.TestNG.run(TestNG.java:1024)
	at org.testng.remote.RemoteTestNG.run(RemoteTestNG.java:112)
	at org.testng.remote.RemoteTestNG.initAndRun(RemoteTestNG.java:205)
	at org.testng.remote.RemoteTestNG.main(RemoteTestNG.java:176)
</pre></div><a href='#' onClick='toggleBox("stack-trace31644035", this, "Click to show all stack frames", "Click to hide stack frames")'>Click to show all stack frames</a>
<div class='stack-trace' id='stack-trace31644035'><pre>parsertest.ExceptionParser.SimplePolymerSectionException: Error in the simple polymers notation section:
	at parsertest.SimplePolymersSection.BetweenMonomerParser.doAction(BetweenMonomerParser.java:78)
	at parsertest.StateMachineParser.doAction(StateMachineParser.java:85)
	at parsertest.SimplePolymersSectionTest.BetweenInlineMonomerParser.goToWithException(BetweenInlineMonomerParser.java:70)
	at sun.reflect.NativeMethodAccessorImpl.invoke0(Native Method)
	at sun.reflect.NativeMethodAccessorImpl.invoke(Unknown Source)
	at sun.reflect.DelegatingMethodAccessorImpl.invoke(Unknown Source)
	at java.lang.reflect.Method.invoke(Unknown Source)
	at org.testng.internal.MethodInvocationHelper.invokeMethod(MethodInvocationHelper.java:85)
	at org.testng.internal.Invoker.invokeMethod(Invoker.java:639)
	at org.testng.internal.Invoker.invokeTestMethod(Invoker.java:816)
	at org.testng.internal.Invoker.invokeTestMethods(Invoker.java:1124)
	at org.testng.internal.TestMethodWorker.invokeTestMethods(TestMethodWorker.java:125)
	at org.testng.internal.TestMethodWorker.run(TestMethodWorker.java:108)
	at org.testng.TestRunner.privateRun(TestRunner.java:774)
	at org.testng.TestRunner.run(TestRunner.java:624)
	at org.testng.SuiteRunner.runTest(SuiteRunner.java:359)
	at org.testng.SuiteRunner.runSequentially(SuiteRunner.java:354)
	at org.testng.SuiteRunner.privateRun(SuiteRunner.java:312)
	at org.testng.SuiteRunner.run(SuiteRunner.java:261)
	at org.testng.SuiteRunnerWorker.runSuite(SuiteRunnerWorker.java:52)
	at org.testng.SuiteRunnerWorker.run(SuiteRunnerWorker.java:86)
	at org.testng.TestNG.runSuitesSequentially(TestNG.java:1191)
	at org.testng.TestNG.runSuitesLocally(TestNG.java:1116)
	at org.testng.TestNG.run(TestNG.java:1024)
	at org.testng.remote.RemoteTestNG.run(RemoteTestNG.java:112)
	at org.testng.remote.RemoteTestNG.initAndRun(RemoteTestNG.java:205)
	at org.testng.remote.RemoteTestNG.main(RemoteTestNG.java:176)
</pre></div></td>
<td>0</td>
<td>parsertest.SimplePolymersSectionTest.BetweenInlineMonomerParser@1fb3ab6</td></tr>
<tr>
<td title='parsertest.SimplePolymersSectionTest.BetweenMonomerParserTest.goToWithException()'><b>goToWithException</b><br>Test class: parsertest.SimplePolymersSectionTest.BetweenMonomerParserTest</td>
<td><div><pre>parsertest.ExceptionParser.SimplePolymerSectionException: Error in the simple polymers notation section:
	at parsertest.SimplePolymersSection.BetweenMonomerParser.doAction(BetweenMonomerParser.java:78)
	at parsertest.StateMachineParser.doAction(StateMachineParser.java:85)
	at parsertest.SimplePolymersSectionTest.BetweenMonomerParserTest.goToWithException(BetweenMonomerParserTest.java:76)
	at sun.reflect.NativeMethodAccessorImpl.invoke0(Native Method)
	at sun.reflect.NativeMethodAccessorImpl.invoke(Unknown Source)
	at sun.reflect.DelegatingMethodAccessorImpl.invoke(Unknown Source)
	at java.lang.reflect.Method.invoke(Unknown Source)
	at org.testng.internal.MethodInvocationHelper.invokeMethod(MethodInvocationHelper.java:85)
	at org.testng.internal.Invoker.invokeMethod(Invoker.java:639)
	at org.testng.internal.Invoker.invokeTestMethod(Invoker.java:816)
	at org.testng.internal.Invoker.invokeTestMethods(Invoker.java:1124)
	at org.testng.internal.TestMethodWorker.invokeTestMethods(TestMethodWorker.java:125)
	at org.testng.internal.TestMethodWorker.run(TestMethodWorker.java:108)
	at org.testng.TestRunner.privateRun(TestRunner.java:774)
	at org.testng.TestRunner.run(TestRunner.java:624)
	at org.testng.SuiteRunner.runTest(SuiteRunner.java:359)
	at org.testng.SuiteRunner.runSequentially(SuiteRunner.java:354)
	at org.testng.SuiteRunner.privateRun(SuiteRunner.java:312)
	at org.testng.SuiteRunner.run(SuiteRunner.java:261)
	at org.testng.SuiteRunnerWorker.runSuite(SuiteRunnerWorker.java:52)
	at org.testng.SuiteRunnerWorker.run(SuiteRunnerWorker.java:86)
	at org.testng.TestNG.runSuitesSequentially(TestNG.java:1191)
	at org.testng.TestNG.runSuitesLocally(TestNG.java:1116)
	at org.testng.TestNG.run(TestNG.java:1024)
	at org.testng.remote.RemoteTestNG.run(RemoteTestNG.java:112)
	at org.testng.remote.RemoteTestNG.initAndRun(RemoteTestNG.java:205)
	at org.testng.remote.RemoteTestNG.main(RemoteTestNG.java:176)
</pre></div><a href='#' onClick='toggleBox("stack-trace20488710", this, "Click to show all stack frames", "Click to hide stack frames")'>Click to show all stack frames</a>
<div class='stack-trace' id='stack-trace20488710'><pre>parsertest.ExceptionParser.SimplePolymerSectionException: Error in the simple polymers notation section:
	at parsertest.SimplePolymersSection.BetweenMonomerParser.doAction(BetweenMonomerParser.java:78)
	at parsertest.StateMachineParser.doAction(StateMachineParser.java:85)
	at parsertest.SimplePolymersSectionTest.BetweenMonomerParserTest.goToWithException(BetweenMonomerParserTest.java:76)
	at sun.reflect.NativeMethodAccessorImpl.invoke0(Native Method)
	at sun.reflect.NativeMethodAccessorImpl.invoke(Unknown Source)
	at sun.reflect.DelegatingMethodAccessorImpl.invoke(Unknown Source)
	at java.lang.reflect.Method.invoke(Unknown Source)
	at org.testng.internal.MethodInvocationHelper.invokeMethod(MethodInvocationHelper.java:85)
	at org.testng.internal.Invoker.invokeMethod(Invoker.java:639)
	at org.testng.internal.Invoker.invokeTestMethod(Invoker.java:816)
	at org.testng.internal.Invoker.invokeTestMethods(Invoker.java:1124)
	at org.testng.internal.TestMethodWorker.invokeTestMethods(TestMethodWorker.java:125)
	at org.testng.internal.TestMethodWorker.run(TestMethodWorker.java:108)
	at org.testng.TestRunner.privateRun(TestRunner.java:774)
	at org.testng.TestRunner.run(TestRunner.java:624)
	at org.testng.SuiteRunner.runTest(SuiteRunner.java:359)
	at org.testng.SuiteRunner.runSequentially(SuiteRunner.java:354)
	at org.testng.SuiteRunner.privateRun(SuiteRunner.java:312)
	at org.testng.SuiteRunner.run(SuiteRunner.java:261)
	at org.testng.SuiteRunnerWorker.runSuite(SuiteRunnerWorker.java:52)
	at org.testng.SuiteRunnerWorker.run(SuiteRunnerWorker.java:86)
	at org.testng.TestNG.runSuitesSequentially(TestNG.java:1191)
	at org.testng.TestNG.runSuitesLocally(TestNG.java:1116)
	at org.testng.TestNG.run(TestNG.java:1024)
	at org.testng.remote.RemoteTestNG.run(RemoteTestNG.java:112)
	at org.testng.remote.RemoteTestNG.initAndRun(RemoteTestNG.java:205)
	at org.testng.remote.RemoteTestNG.main(RemoteTestNG.java:176)
</pre></div></td>
<td>0</td>
<td>parsertest.SimplePolymersSectionTest.BetweenMonomerParserTest@1afa04c</td></tr>
<tr>
<td title='parsertest.SimplePolymersSectionTest.SimplePolymersNotationParserTest.initalizeThisStateTest()'><b>initalizeThisStateTest</b><br>Test class: parsertest.SimplePolymersSectionTest.SimplePolymersNotationParserTest</td>
<td></td>
<td>0</td>
<td>parsertest.SimplePolymersSectionTest.SimplePolymersNotationParserTest@13f5a29</td></tr>
<tr>
<td title='parsertest.SimplePolymersSectionTest.SimplePolymersNotationParserTest.initalizeThisStateTestWithException()'><b>initalizeThisStateTestWithException</b><br>Test class: parsertest.SimplePolymersSectionTest.SimplePolymersNotationParserTest</td>
<td><div><pre>parsertest.ExceptionParser.SimplePolymerSectionException: Monomer unit is missing: 
	at parsertest.SimplePolymersSection.SimplePolymersNotationParser.doAction(SimplePolymersNotationParser.java:104)
	at parsertest.StateMachineParser.doAction(StateMachineParser.java:85)
	at parsertest.SimplePolymersSectionTest.SimplePolymersNotationParserTest.initalizeThisStateTestWithException(SimplePolymersNotationParserTest.java:71)
	at sun.reflect.NativeMethodAccessorImpl.invoke0(Native Method)
	at sun.reflect.NativeMethodAccessorImpl.invoke(Unknown Source)
	at sun.reflect.DelegatingMethodAccessorImpl.invoke(Unknown Source)
	at java.lang.reflect.Method.invoke(Unknown Source)
	at org.testng.internal.MethodInvocationHelper.invokeMethod(MethodInvocationHelper.java:85)
	at org.testng.internal.Invoker.invokeMethod(Invoker.java:639)
	at org.testng.internal.Invoker.invokeTestMethod(Invoker.java:816)
	at org.testng.internal.Invoker.invokeTestMethods(Invoker.java:1124)
	at org.testng.internal.TestMethodWorker.invokeTestMethods(TestMethodWorker.java:125)
	at org.testng.internal.TestMethodWorker.run(TestMethodWorker.java:108)
	at org.testng.TestRunner.privateRun(TestRunner.java:774)
	at org.testng.TestRunner.run(TestRunner.java:624)
	at org.testng.SuiteRunner.runTest(SuiteRunner.java:359)
	at org.testng.SuiteRunner.runSequentially(SuiteRunner.java:354)
	at org.testng.SuiteRunner.privateRun(SuiteRunner.java:312)
	at org.testng.SuiteRunner.run(SuiteRunner.java:261)
	at org.testng.SuiteRunnerWorker.runSuite(SuiteRunnerWorker.java:52)
	at org.testng.SuiteRunnerWorker.run(SuiteRunnerWorker.java:86)
	at org.testng.TestNG.runSuitesSequentially(TestNG.java:1191)
	at org.testng.TestNG.runSuitesLocally(TestNG.java:1116)
	at org.testng.TestNG.run(TestNG.java:1024)
	at org.testng.remote.RemoteTestNG.run(RemoteTestNG.java:112)
	at org.testng.remote.RemoteTestNG.initAndRun(RemoteTestNG.java:205)
	at org.testng.remote.RemoteTestNG.main(RemoteTestNG.java:176)
</pre></div><a href='#' onClick='toggleBox("stack-trace27365147", this, "Click to show all stack frames", "Click to hide stack frames")'>Click to show all stack frames</a>
<div class='stack-trace' id='stack-trace27365147'><pre>parsertest.ExceptionParser.SimplePolymerSectionException: Monomer unit is missing: 
	at parsertest.SimplePolymersSection.SimplePolymersNotationParser.doAction(SimplePolymersNotationParser.java:104)
	at parsertest.StateMachineParser.doAction(StateMachineParser.java:85)
	at parsertest.SimplePolymersSectionTest.SimplePolymersNotationParserTest.initalizeThisStateTestWithException(SimplePolymersNotationParserTest.java:71)
	at sun.reflect.NativeMethodAccessorImpl.invoke0(Native Method)
	at sun.reflect.NativeMethodAccessorImpl.invoke(Unknown Source)
	at sun.reflect.DelegatingMethodAccessorImpl.invoke(Unknown Source)
	at java.lang.reflect.Method.invoke(Unknown Source)
	at org.testng.internal.MethodInvocationHelper.invokeMethod(MethodInvocationHelper.java:85)
	at org.testng.internal.Invoker.invokeMethod(Invoker.java:639)
	at org.testng.internal.Invoker.invokeTestMethod(Invoker.java:816)
	at org.testng.internal.Invoker.invokeTestMethods(Invoker.java:1124)
	at org.testng.internal.TestMethodWorker.invokeTestMethods(TestMethodWorker.java:125)
	at org.testng.internal.TestMethodWorker.run(TestMethodWorker.java:108)
	at org.testng.TestRunner.privateRun(TestRunner.java:774)
	at org.testng.TestRunner.run(TestRunner.java:624)
	at org.testng.SuiteRunner.runTest(SuiteRunner.java:359)
	at org.testng.SuiteRunner.runSequentially(SuiteRunner.java:354)
	at org.testng.SuiteRunner.privateRun(SuiteRunner.java:312)
	at org.testng.SuiteRunner.run(SuiteRunner.java:261)
	at org.testng.SuiteRunnerWorker.runSuite(SuiteRunnerWorker.java:52)
	at org.testng.SuiteRunnerWorker.run(SuiteRunnerWorker.java:86)
	at org.testng.TestNG.runSuitesSequentially(TestNG.java:1191)
	at org.testng.TestNG.runSuitesLocally(TestNG.java:1116)
	at org.testng.TestNG.run(TestNG.java:1024)
	at org.testng.remote.RemoteTestNG.run(RemoteTestNG.java:112)
	at org.testng.remote.RemoteTestNG.initAndRun(RemoteTestNG.java:205)
	at org.testng.remote.RemoteTestNG.main(RemoteTestNG.java:176)
</pre></div></td>
<td>0</td>
<td>parsertest.SimplePolymersSectionTest.SimplePolymersNotationParserTest@13f5a29</td></tr>
<tr>
<td title='parsertest.AnnotationSectionTest.AnnotationParserTest.keepThisState()'><b>keepThisState</b><br>Test class: parsertest.AnnotationSectionTest.AnnotationParserTest</td>
<td></td>
<td>0</td>
<td>parsertest.AnnotationSectionTest.AnnotationParserTest@14bef66</td></tr>
<tr>
<td title='parsertest.InlineAnnotationsParserTest.keepThisState()'><b>keepThisState</b><br>Test class: parsertest.InlineAnnotationsParserTest</td>
<td></td>
<td>0</td>
<td>parsertest.InlineAnnotationsParserTest@b4c3ab</td></tr>
<tr>
<td title='parsertest.ConnectionSectionTest.ConnectionsDetailsParserTest.keepThisState()'><b>keepThisState</b><br>Test class: parsertest.ConnectionSectionTest.ConnectionsDetailsParserTest</td>
<td></td>
<td>0</td>
<td>parsertest.ConnectionSectionTest.ConnectionsDetailsParserTest@1c78c0b</td></tr>
<tr>
<td title='parsertest.GroupingSectionTest.GroupingDetailedInformationParserTest.keepThisState()'><b>keepThisState</b><br>Test class: parsertest.GroupingSectionTest.GroupingDetailedInformationParserTest</td>
<td></td>
<td>0</td>
<td>parsertest.GroupingSectionTest.GroupingDetailedInformationParserTest@1a57a3b</td></tr>
<tr>
<td title='parsertest.ConnectionSectionTest.ConnectionsParserTest.keepThisState()'><b>keepThisState</b><br>Test class: parsertest.ConnectionSectionTest.ConnectionsParserTest</td>
<td></td>
<td>0</td>
<td>parsertest.ConnectionSectionTest.ConnectionsParserTest@1a485d2</td></tr>
<tr>
<td title='parsertest.GroupingSectionTest.GroupingParserTest.keepThisState()'><b>keepThisState</b><br>Test class: parsertest.GroupingSectionTest.GroupingParserTest</td>
<td></td>
<td>0</td>
<td>parsertest.GroupingSectionTest.GroupingParserTest@76ae34</td></tr>
<tr>
<td title='parsertest.SimplePolymersSectionTest.RepeatingMonomerParserTest.keepThisStateTest()'><b>keepThisStateTest</b><br>Test class: parsertest.SimplePolymersSectionTest.RepeatingMonomerParserTest</td>
<td></td>
<td>0</td>
<td>parsertest.SimplePolymersSectionTest.RepeatingMonomerParserTest@61f5df</td></tr>
<tr>
<td title='parsertest.SimplePolymersSectionTest.SimplePolymersParserTest.keepThisStateTest()'><b>keepThisStateTest</b><br>Test class: parsertest.SimplePolymersSectionTest.SimplePolymersParserTest</td>
<td></td>
<td>0</td>
<td>parsertest.SimplePolymersSectionTest.SimplePolymersParserTest@f67b76</td></tr>
<tr>
<td title='parsertest.SimplePolymersSectionTest.SimplePolymersNotationParserTest.keepThisStateTest()'><b>keepThisStateTest</b><br>Test class: parsertest.SimplePolymersSectionTest.SimplePolymersNotationParserTest</td>
<td></td>
<td>0</td>
<td>parsertest.SimplePolymersSectionTest.SimplePolymersNotationParserTest@13f5a29</td></tr>
<tr>
<td title='parsertest.AnnotationSectionTest.AnnotationParserTest.keepToFinalStateWithException()'><b>keepToFinalStateWithException</b><br>Test class: parsertest.AnnotationSectionTest.AnnotationParserTest</td>
<td><div><pre>parsertest.ExceptionParser.AnnotationSectionException: Annotation section is not valid: H(
	at parsertest.AnnotationSection.AnnotationsParser.doAction(AnnotationsParser.java:87)
	at parsertest.StateMachineParser.doAction(StateMachineParser.java:85)
	at parsertest.AnnotationSectionTest.AnnotationParserTest.keepToFinalStateWithException(AnnotationParserTest.java:56)
	at sun.reflect.NativeMethodAccessorImpl.invoke0(Native Method)
	at sun.reflect.NativeMethodAccessorImpl.invoke(Unknown Source)
	at sun.reflect.DelegatingMethodAccessorImpl.invoke(Unknown Source)
	at java.lang.reflect.Method.invoke(Unknown Source)
	at org.testng.internal.MethodInvocationHelper.invokeMethod(MethodInvocationHelper.java:85)
	at org.testng.internal.Invoker.invokeMethod(Invoker.java:639)
	at org.testng.internal.Invoker.invokeTestMethod(Invoker.java:816)
	at org.testng.internal.Invoker.invokeTestMethods(Invoker.java:1124)
	at org.testng.internal.TestMethodWorker.invokeTestMethods(TestMethodWorker.java:125)
	at org.testng.internal.TestMethodWorker.run(TestMethodWorker.java:108)
	at org.testng.TestRunner.privateRun(TestRunner.java:774)
	at org.testng.TestRunner.run(TestRunner.java:624)
	at org.testng.SuiteRunner.runTest(SuiteRunner.java:359)
	at org.testng.SuiteRunner.runSequentially(SuiteRunner.java:354)
	at org.testng.SuiteRunner.privateRun(SuiteRunner.java:312)
	at org.testng.SuiteRunner.run(SuiteRunner.java:261)
	at org.testng.SuiteRunnerWorker.runSuite(SuiteRunnerWorker.java:52)
	at org.testng.SuiteRunnerWorker.run(SuiteRunnerWorker.java:86)
	at org.testng.TestNG.runSuitesSequentially(TestNG.java:1191)
	at org.testng.TestNG.runSuitesLocally(TestNG.java:1116)
	at org.testng.TestNG.run(TestNG.java:1024)
	at org.testng.remote.RemoteTestNG.run(RemoteTestNG.java:112)
	at org.testng.remote.RemoteTestNG.initAndRun(RemoteTestNG.java:205)
	at org.testng.remote.RemoteTestNG.main(RemoteTestNG.java:176)
</pre></div><a href='#' onClick='toggleBox("stack-trace13901038", this, "Click to show all stack frames", "Click to hide stack frames")'>Click to show all stack frames</a>
<div class='stack-trace' id='stack-trace13901038'><pre>parsertest.ExceptionParser.AnnotationSectionException: Annotation section is not valid: H(
	at parsertest.AnnotationSection.AnnotationsParser.doAction(AnnotationsParser.java:87)
	at parsertest.StateMachineParser.doAction(StateMachineParser.java:85)
	at parsertest.AnnotationSectionTest.AnnotationParserTest.keepToFinalStateWithException(AnnotationParserTest.java:56)
	at sun.reflect.NativeMethodAccessorImpl.invoke0(Native Method)
	at sun.reflect.NativeMethodAccessorImpl.invoke(Unknown Source)
	at sun.reflect.DelegatingMethodAccessorImpl.invoke(Unknown Source)
	at java.lang.reflect.Method.invoke(Unknown Source)
	at org.testng.internal.MethodInvocationHelper.invokeMethod(MethodInvocationHelper.java:85)
	at org.testng.internal.Invoker.invokeMethod(Invoker.java:639)
	at org.testng.internal.Invoker.invokeTestMethod(Invoker.java:816)
	at org.testng.internal.Invoker.invokeTestMethods(Invoker.java:1124)
	at org.testng.internal.TestMethodWorker.invokeTestMethods(TestMethodWorker.java:125)
	at org.testng.internal.TestMethodWorker.run(TestMethodWorker.java:108)
	at org.testng.TestRunner.privateRun(TestRunner.java:774)
	at org.testng.TestRunner.run(TestRunner.java:624)
	at org.testng.SuiteRunner.runTest(SuiteRunner.java:359)
	at org.testng.SuiteRunner.runSequentially(SuiteRunner.java:354)
	at org.testng.SuiteRunner.privateRun(SuiteRunner.java:312)
	at org.testng.SuiteRunner.run(SuiteRunner.java:261)
	at org.testng.SuiteRunnerWorker.runSuite(SuiteRunnerWorker.java:52)
	at org.testng.SuiteRunnerWorker.run(SuiteRunnerWorker.java:86)
	at org.testng.TestNG.runSuitesSequentially(TestNG.java:1191)
	at org.testng.TestNG.runSuitesLocally(TestNG.java:1116)
	at org.testng.TestNG.run(TestNG.java:1024)
	at org.testng.remote.RemoteTestNG.run(RemoteTestNG.java:112)
	at org.testng.remote.RemoteTestNG.initAndRun(RemoteTestNG.java:205)
	at org.testng.remote.RemoteTestNG.main(RemoteTestNG.java:176)
</pre></div></td>
<td>0</td>
<td>parsertest.AnnotationSectionTest.AnnotationParserTest@14bef66</td></tr>
<tr>
<td title='parsertest.ConverterHELM1ToHELM2Test.simpleHELM1StringTest()'><b>simpleHELM1StringTest</b><br>Test class: parsertest.ConverterHELM1ToHELM2Test</td>
<td></td>
<td>0</td>
<td>parsertest.ConverterHELM1ToHELM2Test@af6cff</td></tr>
<tr>
<td title='NotationTest.Annotation.AnnotationNotationTest.testAnnotationConstructor()'><b>testAnnotationConstructor</b><br>Test class: NotationTest.Annotation.AnnotationNotationTest</td>
<td></td>
<td>0</td>
<td>NotationTest.Annotation.AnnotationNotationTest@9711b</td></tr>
<tr>
<td title='NotationTest.AnnotationNotationTest.testAnnotationNotation()'><b>testAnnotationNotation</b><br>Test class: NotationTest.AnnotationNotationTest</td>
<td></td>
<td>0</td>
<td>NotationTest.AnnotationNotationTest@197c004</td></tr>
<tr>
<td title='NotationTest.JSONTest.testAnnotationNotation()'><b>testAnnotationNotation</b><br>Test class: NotationTest.JSONTest</td>
<td></td>
<td>0</td>
<td>NotationTest.JSONTest@144fc66</td></tr>
<tr>
<td title='NotationTest.ConnectionNotationTest.testConnectionGrouping()'><b>testConnectionGrouping</b><br>Test class: NotationTest.ConnectionNotationTest</td>
<td></td>
<td>0</td>
<td>NotationTest.ConnectionNotationTest@843fce</td></tr>
<tr>
<td title='parsertest.ConnectionSectionTest.TestInputConnectionSection.testConnectionMonomer()'><b>testConnectionMonomer</b><br>Test class: parsertest.ConnectionSectionTest.TestInputConnectionSection</td>
<td></td>
<td>0</td>
<td>parsertest.ConnectionSectionTest.TestInputConnectionSection@1f70c54</td></tr>
<tr>
<td title='parsertest.ConnectionSectionTest.TestInputConnectionSection.testConnectionMonomerAmbiguity()'><b>testConnectionMonomerAmbiguity</b><br>Test class: parsertest.ConnectionSectionTest.TestInputConnectionSection</td>
<td></td>
<td>0</td>
<td>parsertest.ConnectionSectionTest.TestInputConnectionSection@1f70c54</td></tr>
<tr>
<td title='parsertest.ConnectionSectionTest.TestInputConnectionSection.testConnectionMonomerAmbiguityNoInformation()'><b>testConnectionMonomerAmbiguityNoInformation</b><br>Test class: parsertest.ConnectionSectionTest.TestInputConnectionSection</td>
<td></td>
<td>0</td>
<td>parsertest.ConnectionSectionTest.TestInputConnectionSection@1f70c54</td></tr>
<tr>
<td title='parsertest.ConnectionSectionTest.TestInputConnectionSection.testConnectionMonomerAmbiguityPartlyInformation()'><b>testConnectionMonomerAmbiguityPartlyInformation</b><br>Test class: parsertest.ConnectionSectionTest.TestInputConnectionSection</td>
<td></td>
<td>0</td>
<td>parsertest.ConnectionSectionTest.TestInputConnectionSection@1f70c54</td></tr>
<tr>
<td title='NotationTest.ConnectionNotationTest.testConnectionNotation()'><b>testConnectionNotation</b><br>Test class: NotationTest.ConnectionNotationTest</td>
<td></td>
<td>0</td>
<td>NotationTest.ConnectionNotationTest@843fce</td></tr>
<tr>
<td title='NotationTest.ConnectionNotationTest.testConnectionNotationTwo()'><b>testConnectionNotationTwo</b><br>Test class: NotationTest.ConnectionNotationTest</td>
<td></td>
<td>0</td>
<td>NotationTest.ConnectionNotationTest@843fce</td></tr>
<tr>
<td title='parsertest.ConnectionSectionTest.TestInputConnectionSection.testConnectionStatisticalBinding()'><b>testConnectionStatisticalBinding</b><br>Test class: parsertest.ConnectionSectionTest.TestInputConnectionSection</td>
<td></td>
<td>0</td>
<td>parsertest.ConnectionSectionTest.TestInputConnectionSection@1f70c54</td></tr>
<tr>
<td title='parsertest.ConnectionSectionTest.TestInputConnectionSection.testConnectionUnknownBinding()'><b>testConnectionUnknownBinding</b><br>Test class: parsertest.ConnectionSectionTest.TestInputConnectionSection</td>
<td></td>
<td>0</td>
<td>parsertest.ConnectionSectionTest.TestInputConnectionSection@1f70c54</td></tr>
<tr>
<td title='NotationTest.Grouping.GroupingNotationTest.testConstructor()'><b>testConstructor</b><br>Test class: NotationTest.Grouping.GroupingNotationTest</td>
<td></td>
<td>0</td>
<td>NotationTest.Grouping.GroupingNotationTest@135b478</td></tr>
<tr>
<td title='NotationTest.Polymer.MonomerNotationGroupGroupElementTest.testConstructor()'><b>testConstructor</b><br>Test class: NotationTest.Polymer.MonomerNotationGroupGroupElementTest</td>
<td></td>
<td>0</td>
<td>NotationTest.Polymer.MonomerNotationGroupGroupElementTest@17996a0</td></tr>
<tr>
<td title='NotationTest.Grouping.GroupingElementTest.testConstructor()'><b>testConstructor</b><br>Test class: NotationTest.Grouping.GroupingElementTest</td>
<td></td>
<td>0</td>
<td>NotationTest.Grouping.GroupingElementTest@f8360d</td></tr>
<tr>
<td title='NotationTest.Grouping.GroupingNotationTest.testConstructorAmbiguityAND()'><b>testConstructorAmbiguityAND</b><br>Test class: NotationTest.Grouping.GroupingNotationTest</td>
<td></td>
<td>0</td>
<td>NotationTest.Grouping.GroupingNotationTest@135b478</td></tr>
<tr>
<td title='NotationTest.Grouping.GroupingNotationTest.testConstructorAmbiguityOR()'><b>testConstructorAmbiguityOR</b><br>Test class: NotationTest.Grouping.GroupingNotationTest</td>
<td></td>
<td>0</td>
<td>NotationTest.Grouping.GroupingNotationTest@135b478</td></tr>
<tr>
<td title='NotationTest.Polymer.PolymerElementsTest.testConstructorList()'><b>testConstructorList</b><br>Test class: NotationTest.Polymer.PolymerElementsTest</td>
<td></td>
<td>0</td>
<td>NotationTest.Polymer.PolymerElementsTest@18ad742</td></tr>
<tr>
<td title='NotationTest.Polymer.MonomerNotationGroupGroupElementTest.testConstructorRange()'><b>testConstructorRange</b><br>Test class: NotationTest.Polymer.MonomerNotationGroupGroupElementTest</td>
<td></td>
<td>0</td>
<td>NotationTest.Polymer.MonomerNotationGroupGroupElementTest@17996a0</td></tr>
<tr>
<td title='NotationTest.Polymer.PolymerElementsTest.testConstructorSingle()'><b>testConstructorSingle</b><br>Test class: NotationTest.Polymer.PolymerElementsTest</td>
<td><div><pre>parsertest.ExceptionParser.SimplePolymerSectionException: Only one Monomer unit is allowed for CHEM and BLOB
	at parsertest.Notation.Polymer.PolymerSingleElements.addMonomer(PolymerSingleElements.java:64)
	at NotationTest.Polymer.PolymerElementsTest.testConstructorSingle(PolymerElementsTest.java:51)
	at sun.reflect.NativeMethodAccessorImpl.invoke0(Native Method)
	at sun.reflect.NativeMethodAccessorImpl.invoke(Unknown Source)
	at sun.reflect.DelegatingMethodAccessorImpl.invoke(Unknown Source)
	at java.lang.reflect.Method.invoke(Unknown Source)
	at org.testng.internal.MethodInvocationHelper.invokeMethod(MethodInvocationHelper.java:85)
	at org.testng.internal.Invoker.invokeMethod(Invoker.java:639)
	at org.testng.internal.Invoker.invokeTestMethod(Invoker.java:816)
	at org.testng.internal.Invoker.invokeTestMethods(Invoker.java:1124)
	at org.testng.internal.TestMethodWorker.invokeTestMethods(TestMethodWorker.java:125)
	at org.testng.internal.TestMethodWorker.run(TestMethodWorker.java:108)
	at org.testng.TestRunner.privateRun(TestRunner.java:774)
	at org.testng.TestRunner.run(TestRunner.java:624)
	at org.testng.SuiteRunner.runTest(SuiteRunner.java:359)
	at org.testng.SuiteRunner.runSequentially(SuiteRunner.java:354)
	at org.testng.SuiteRunner.privateRun(SuiteRunner.java:312)
	at org.testng.SuiteRunner.run(SuiteRunner.java:261)
	at org.testng.SuiteRunnerWorker.runSuite(SuiteRunnerWorker.java:52)
	at org.testng.SuiteRunnerWorker.run(SuiteRunnerWorker.java:86)
	at org.testng.TestNG.runSuitesSequentially(TestNG.java:1191)
	at org.testng.TestNG.runSuitesLocally(TestNG.java:1116)
	at org.testng.TestNG.run(TestNG.java:1024)
	at org.testng.remote.RemoteTestNG.run(RemoteTestNG.java:112)
	at org.testng.remote.RemoteTestNG.initAndRun(RemoteTestNG.java:205)
	at org.testng.remote.RemoteTestNG.main(RemoteTestNG.java:176)
</pre></div><a href='#' onClick='toggleBox("stack-trace17769585", this, "Click to show all stack frames", "Click to hide stack frames")'>Click to show all stack frames</a>
<div class='stack-trace' id='stack-trace17769585'><pre>parsertest.ExceptionParser.SimplePolymerSectionException: Only one Monomer unit is allowed for CHEM and BLOB
	at parsertest.Notation.Polymer.PolymerSingleElements.addMonomer(PolymerSingleElements.java:64)
	at NotationTest.Polymer.PolymerElementsTest.testConstructorSingle(PolymerElementsTest.java:51)
	at sun.reflect.NativeMethodAccessorImpl.invoke0(Native Method)
	at sun.reflect.NativeMethodAccessorImpl.invoke(Unknown Source)
	at sun.reflect.DelegatingMethodAccessorImpl.invoke(Unknown Source)
	at java.lang.reflect.Method.invoke(Unknown Source)
	at org.testng.internal.MethodInvocationHelper.invokeMethod(MethodInvocationHelper.java:85)
	at org.testng.internal.Invoker.invokeMethod(Invoker.java:639)
	at org.testng.internal.Invoker.invokeTestMethod(Invoker.java:816)
	at org.testng.internal.Invoker.invokeTestMethods(Invoker.java:1124)
	at org.testng.internal.TestMethodWorker.invokeTestMethods(TestMethodWorker.java:125)
	at org.testng.internal.TestMethodWorker.run(TestMethodWorker.java:108)
	at org.testng.TestRunner.privateRun(TestRunner.java:774)
	at org.testng.TestRunner.run(TestRunner.java:624)
	at org.testng.SuiteRunner.runTest(SuiteRunner.java:359)
	at org.testng.SuiteRunner.runSequentially(SuiteRunner.java:354)
	at org.testng.SuiteRunner.privateRun(SuiteRunner.java:312)
	at org.testng.SuiteRunner.run(SuiteRunner.java:261)
	at org.testng.SuiteRunnerWorker.runSuite(SuiteRunnerWorker.java:52)
	at org.testng.SuiteRunnerWorker.run(SuiteRunnerWorker.java:86)
	at org.testng.TestNG.runSuitesSequentially(TestNG.java:1191)
	at org.testng.TestNG.runSuitesLocally(TestNG.java:1116)
	at org.testng.TestNG.run(TestNG.java:1024)
	at org.testng.remote.RemoteTestNG.run(RemoteTestNG.java:112)
	at org.testng.remote.RemoteTestNG.initAndRun(RemoteTestNG.java:205)
	at org.testng.remote.RemoteTestNG.main(RemoteTestNG.java:176)
</pre></div></td>
<td>0</td>
<td>NotationTest.Polymer.PolymerElementsTest@18ad742</td></tr>
<tr>
<td title='NotationTest.Grouping.GroupingElementTest.testConstructorTwo()'><b>testConstructorTwo</b><br>Test class: NotationTest.Grouping.GroupingElementTest</td>
<td></td>
<td>0</td>
<td>NotationTest.Grouping.GroupingElementTest@f8360d</td></tr>
<tr>
<td title='NotationTest.Grouping.GroupingNotationTest.testConstructorWithException()'><b>testConstructorWithException</b><br>Test class: NotationTest.Grouping.GroupingNotationTest</td>
<td><div><pre>parsertest.ExceptionParser.NotationException: Group Id is not correct: 1
	at parsertest.Notation.Grouping.GroupingNotation.&lt;init&gt;(GroupingNotation.java:53)
	at NotationTest.Grouping.GroupingNotationTest.testConstructorWithException(GroupingNotationTest.java:45)
	at sun.reflect.NativeMethodAccessorImpl.invoke0(Native Method)
	at sun.reflect.NativeMethodAccessorImpl.invoke(Unknown Source)
	at sun.reflect.DelegatingMethodAccessorImpl.invoke(Unknown Source)
	at java.lang.reflect.Method.invoke(Unknown Source)
	at org.testng.internal.MethodInvocationHelper.invokeMethod(MethodInvocationHelper.java:85)
	at org.testng.internal.Invoker.invokeMethod(Invoker.java:639)
	at org.testng.internal.Invoker.invokeTestMethod(Invoker.java:816)
	at org.testng.internal.Invoker.invokeTestMethods(Invoker.java:1124)
	at org.testng.internal.TestMethodWorker.invokeTestMethods(TestMethodWorker.java:125)
	at org.testng.internal.TestMethodWorker.run(TestMethodWorker.java:108)
	at org.testng.TestRunner.privateRun(TestRunner.java:774)
	at org.testng.TestRunner.run(TestRunner.java:624)
	at org.testng.SuiteRunner.runTest(SuiteRunner.java:359)
	at org.testng.SuiteRunner.runSequentially(SuiteRunner.java:354)
	at org.testng.SuiteRunner.privateRun(SuiteRunner.java:312)
	at org.testng.SuiteRunner.run(SuiteRunner.java:261)
	at org.testng.SuiteRunnerWorker.runSuite(SuiteRunnerWorker.java:52)
	at org.testng.SuiteRunnerWorker.run(SuiteRunnerWorker.java:86)
	at org.testng.TestNG.runSuitesSequentially(TestNG.java:1191)
	at org.testng.TestNG.runSuitesLocally(TestNG.java:1116)
	at org.testng.TestNG.run(TestNG.java:1024)
	at org.testng.remote.RemoteTestNG.run(RemoteTestNG.java:112)
	at org.testng.remote.RemoteTestNG.initAndRun(RemoteTestNG.java:205)
	at org.testng.remote.RemoteTestNG.main(RemoteTestNG.java:176)
</pre></div><a href='#' onClick='toggleBox("stack-trace26617788", this, "Click to show all stack frames", "Click to hide stack frames")'>Click to show all stack frames</a>
<div class='stack-trace' id='stack-trace26617788'><pre>parsertest.ExceptionParser.NotationException: Group Id is not correct: 1
	at parsertest.Notation.Grouping.GroupingNotation.&lt;init&gt;(GroupingNotation.java:53)
	at NotationTest.Grouping.GroupingNotationTest.testConstructorWithException(GroupingNotationTest.java:45)
	at sun.reflect.NativeMethodAccessorImpl.invoke0(Native Method)
	at sun.reflect.NativeMethodAccessorImpl.invoke(Unknown Source)
	at sun.reflect.DelegatingMethodAccessorImpl.invoke(Unknown Source)
	at java.lang.reflect.Method.invoke(Unknown Source)
	at org.testng.internal.MethodInvocationHelper.invokeMethod(MethodInvocationHelper.java:85)
	at org.testng.internal.Invoker.invokeMethod(Invoker.java:639)
	at org.testng.internal.Invoker.invokeTestMethod(Invoker.java:816)
	at org.testng.internal.Invoker.invokeTestMethods(Invoker.java:1124)
	at org.testng.internal.TestMethodWorker.invokeTestMethods(TestMethodWorker.java:125)
	at org.testng.internal.TestMethodWorker.run(TestMethodWorker.java:108)
	at org.testng.TestRunner.privateRun(TestRunner.java:774)
	at org.testng.TestRunner.run(TestRunner.java:624)
	at org.testng.SuiteRunner.runTest(SuiteRunner.java:359)
	at org.testng.SuiteRunner.runSequentially(SuiteRunner.java:354)
	at org.testng.SuiteRunner.privateRun(SuiteRunner.java:312)
	at org.testng.SuiteRunner.run(SuiteRunner.java:261)
	at org.testng.SuiteRunnerWorker.runSuite(SuiteRunnerWorker.java:52)
	at org.testng.SuiteRunnerWorker.run(SuiteRunnerWorker.java:86)
	at org.testng.TestNG.runSuitesSequentially(TestNG.java:1191)
	at org.testng.TestNG.runSuitesLocally(TestNG.java:1116)
	at org.testng.TestNG.run(TestNG.java:1024)
	at org.testng.remote.RemoteTestNG.run(RemoteTestNG.java:112)
	at org.testng.remote.RemoteTestNG.initAndRun(RemoteTestNG.java:205)
	at org.testng.remote.RemoteTestNG.main(RemoteTestNG.java:176)
</pre></div></td>
<td>0</td>
<td>NotationTest.Grouping.GroupingNotationTest@135b478</td></tr>
<tr>
<td title='NotationTest.Polymer.EntityTest.testEntity()'><b>testEntity</b><br>Test class: NotationTest.Polymer.EntityTest</td>
<td></td>
<td>0</td>
<td>NotationTest.Polymer.EntityTest@1560810</td></tr>
<tr>
<td title='parsertest.SimplePolymersSectionTest.TestInputSimplePolymerSection.testGlycosylation()'><b>testGlycosylation</b><br>Test class: parsertest.SimplePolymersSectionTest.TestInputSimplePolymerSection</td>
<td></td>
<td>0</td>
<td>parsertest.SimplePolymersSectionTest.TestInputSimplePolymerSection@190c9c3</td></tr>
<tr>
<td title='NotationTest.PolymerNotationTest.testGroupRepeating()'><b>testGroupRepeating</b><br>Test class: NotationTest.PolymerNotationTest</td>
<td></td>
<td>0</td>
<td>NotationTest.PolymerNotationTest@17d0578</td></tr>
<tr>
<td title='NotationTest.Grouping.GroupingAmbiguityTest.testGrouping()'><b>testGrouping</b><br>Test class: NotationTest.Grouping.GroupingAmbiguityTest</td>
<td></td>
<td>0</td>
<td>NotationTest.Grouping.GroupingAmbiguityTest@9f9fb0</td></tr>
<tr>
<td title='parsertest.GroupingSectionTest.TestInputGroupingSection.testGroupingAmbiguityAnd()'><b>testGroupingAmbiguityAnd</b><br>Test class: parsertest.GroupingSectionTest.TestInputGroupingSection</td>
<td></td>
<td>0</td>
<td>parsertest.GroupingSectionTest.TestInputGroupingSection@1e84876</td></tr>
<tr>
<td title='parsertest.GroupingSectionTest.TestInputGroupingSection.testGroupingAmbiguityAndRatio()'><b>testGroupingAmbiguityAndRatio</b><br>Test class: parsertest.GroupingSectionTest.TestInputGroupingSection</td>
<td></td>
<td>0</td>
<td>parsertest.GroupingSectionTest.TestInputGroupingSection@1e84876</td></tr>
<tr>
<td title='parsertest.GroupingSectionTest.TestInputGroupingSection.testGroupingAmbiguityAndRatioAndRange()'><b>testGroupingAmbiguityAndRatioAndRange</b><br>Test class: parsertest.GroupingSectionTest.TestInputGroupingSection</td>
<td></td>
<td>0</td>
<td>parsertest.GroupingSectionTest.TestInputGroupingSection@1e84876</td></tr>
<tr>
<td title='parsertest.GroupingSectionTest.TestInputGroupingSection.testGroupingAmbiguityOr()'><b>testGroupingAmbiguityOr</b><br>Test class: parsertest.GroupingSectionTest.TestInputGroupingSection</td>
<td></td>
<td>0</td>
<td>parsertest.GroupingSectionTest.TestInputGroupingSection@1e84876</td></tr>
<tr>
<td title='NotationTest.GroupingNotationTest.testGroupingAndOr()'><b>testGroupingAndOr</b><br>Test class: NotationTest.GroupingNotationTest</td>
<td></td>
<td>0</td>
<td>NotationTest.GroupingNotationTest@c7c2a6</td></tr>
<tr>
<td title='NotationTest.GroupingNotationTest.testGroupingNotationMixture()'><b>testGroupingNotationMixture</b><br>Test class: NotationTest.GroupingNotationTest</td>
<td></td>
<td>0</td>
<td>NotationTest.GroupingNotationTest@c7c2a6</td></tr>
<tr>
<td title='NotationTest.GroupingNotationTest.testGroupingNotationMixtureRange()'><b>testGroupingNotationMixtureRange</b><br>Test class: NotationTest.GroupingNotationTest</td>
<td></td>
<td>0</td>
<td>NotationTest.GroupingNotationTest@c7c2a6</td></tr>
<tr>
<td title='NotationTest.GroupingNotationTest.testGroupingNotationMixtureValue()'><b>testGroupingNotationMixtureValue</b><br>Test class: NotationTest.GroupingNotationTest</td>
<td></td>
<td>0</td>
<td>NotationTest.GroupingNotationTest@c7c2a6</td></tr>
<tr>
<td title='NotationTest.GroupingNotationTest.testGroupingNotationOR()'><b>testGroupingNotationOR</b><br>Test class: NotationTest.GroupingNotationTest</td>
<td></td>
<td>0</td>
<td>NotationTest.GroupingNotationTest@c7c2a6</td></tr>
<tr>
<td title='NotationTest.GroupingNotationTest.testGroupingNotationOrDefaultValue()'><b>testGroupingNotationOrDefaultValue</b><br>Test class: NotationTest.GroupingNotationTest</td>
<td></td>
<td>0</td>
<td>NotationTest.GroupingNotationTest@c7c2a6</td></tr>
<tr>
<td title='parsertest.GroupingSectionTest.TestInputGroupingSection.testGroupingUnknownRatio()'><b>testGroupingUnknownRatio</b><br>Test class: parsertest.GroupingSectionTest.TestInputGroupingSection</td>
<td></td>
<td>0</td>
<td>parsertest.GroupingSectionTest.TestInputGroupingSection@1e84876</td></tr>
<tr>
<td title='NotationTest.OutputWriterTest.testHELM2Output()'><b>testHELM2Output</b><br>Test class: NotationTest.OutputWriterTest</td>
<td></td>
<td>0</td>
<td>NotationTest.OutputWriterTest@69b199</td></tr>
<tr>
<td title='NotationTest.OutputWriterTest.testHELM2OutputExtended()'><b>testHELM2OutputExtended</b><br>Test class: NotationTest.OutputWriterTest</td>
<td></td>
<td>0</td>
<td>NotationTest.OutputWriterTest@69b199</td></tr>
<tr>
<td title='parsertest.ConnectionSectionTest.TestInputConnectionSection.testHydrogenBondInConnectionSection()'><b>testHydrogenBondInConnectionSection</b><br>Test class: parsertest.ConnectionSectionTest.TestInputConnectionSection</td>
<td></td>
<td>0</td>
<td>parsertest.ConnectionSectionTest.TestInputConnectionSection@1f70c54</td></tr>
<tr>
<td title='parsertest.SimplePolymersSectionTest.TestInputSimplePolymerSection.testInlineAnnoationsInBrackets()'><b>testInlineAnnoationsInBrackets</b><br>Test class: parsertest.SimplePolymersSectionTest.TestInputSimplePolymerSection</td>
<td></td>
<td>0</td>
<td>parsertest.SimplePolymersSectionTest.TestInputSimplePolymerSection@190c9c3</td></tr>
<tr>
<td title='parsertest.SimplePolymersSectionTest.TestInputSimplePolymerSection.testInlineAnnoationsWithException()'><b>testInlineAnnoationsWithException</b><br>Test class: parsertest.SimplePolymersSectionTest.TestInputSimplePolymerSection</td>
<td><div><pre>parsertest.ExceptionParser.SimplePolymerSectionException: Error in the simple polymers notation section
	at parsertest.SimplePolymersSection.BetweenInlineMonomerParser.doAction(BetweenInlineMonomerParser.java:72)
	at parsertest.StateMachineParser.doAction(StateMachineParser.java:85)
	at parsertest.ParserHELM2.parse(ParserHELM2.java:58)
	at parsertest.SimplePolymersSectionTest.TestInputSimplePolymerSection.testInlineAnnoationsWithException(TestInputSimplePolymerSection.java:87)
	at sun.reflect.NativeMethodAccessorImpl.invoke0(Native Method)
	at sun.reflect.NativeMethodAccessorImpl.invoke(Unknown Source)
	at sun.reflect.DelegatingMethodAccessorImpl.invoke(Unknown Source)
	at java.lang.reflect.Method.invoke(Unknown Source)
	at org.testng.internal.MethodInvocationHelper.invokeMethod(MethodInvocationHelper.java:85)
	at org.testng.internal.Invoker.invokeMethod(Invoker.java:639)
	at org.testng.internal.Invoker.invokeTestMethod(Invoker.java:816)
	at org.testng.internal.Invoker.invokeTestMethods(Invoker.java:1124)
	at org.testng.internal.TestMethodWorker.invokeTestMethods(TestMethodWorker.java:125)
	at org.testng.internal.TestMethodWorker.run(TestMethodWorker.java:108)
	at org.testng.TestRunner.privateRun(TestRunner.java:774)
	at org.testng.TestRunner.run(TestRunner.java:624)
	at org.testng.SuiteRunner.runTest(SuiteRunner.java:359)
	at org.testng.SuiteRunner.runSequentially(SuiteRunner.java:354)
	at org.testng.SuiteRunner.privateRun(SuiteRunner.java:312)
	at org.testng.SuiteRunner.run(SuiteRunner.java:261)
	at org.testng.SuiteRunnerWorker.runSuite(SuiteRunnerWorker.java:52)
	at org.testng.SuiteRunnerWorker.run(SuiteRunnerWorker.java:86)
	at org.testng.TestNG.runSuitesSequentially(TestNG.java:1191)
	at org.testng.TestNG.runSuitesLocally(TestNG.java:1116)
	at org.testng.TestNG.run(TestNG.java:1024)
	at org.testng.remote.RemoteTestNG.run(RemoteTestNG.java:112)
	at org.testng.remote.RemoteTestNG.initAndRun(RemoteTestNG.java:205)
	at org.testng.remote.RemoteTestNG.main(RemoteTestNG.java:176)
</pre></div><a href='#' onClick='toggleBox("stack-trace17277142", this, "Click to show all stack frames", "Click to hide stack frames")'>Click to show all stack frames</a>
<div class='stack-trace' id='stack-trace17277142'><pre>parsertest.ExceptionParser.SimplePolymerSectionException: Error in the simple polymers notation section
	at parsertest.SimplePolymersSection.BetweenInlineMonomerParser.doAction(BetweenInlineMonomerParser.java:72)
	at parsertest.StateMachineParser.doAction(StateMachineParser.java:85)
	at parsertest.ParserHELM2.parse(ParserHELM2.java:58)
	at parsertest.SimplePolymersSectionTest.TestInputSimplePolymerSection.testInlineAnnoationsWithException(TestInputSimplePolymerSection.java:87)
	at sun.reflect.NativeMethodAccessorImpl.invoke0(Native Method)
	at sun.reflect.NativeMethodAccessorImpl.invoke(Unknown Source)
	at sun.reflect.DelegatingMethodAccessorImpl.invoke(Unknown Source)
	at java.lang.reflect.Method.invoke(Unknown Source)
	at org.testng.internal.MethodInvocationHelper.invokeMethod(MethodInvocationHelper.java:85)
	at org.testng.internal.Invoker.invokeMethod(Invoker.java:639)
	at org.testng.internal.Invoker.invokeTestMethod(Invoker.java:816)
	at org.testng.internal.Invoker.invokeTestMethods(Invoker.java:1124)
	at org.testng.internal.TestMethodWorker.invokeTestMethods(TestMethodWorker.java:125)
	at org.testng.internal.TestMethodWorker.run(TestMethodWorker.java:108)
	at org.testng.TestRunner.privateRun(TestRunner.java:774)
	at org.testng.TestRunner.run(TestRunner.java:624)
	at org.testng.SuiteRunner.runTest(SuiteRunner.java:359)
	at org.testng.SuiteRunner.runSequentially(SuiteRunner.java:354)
	at org.testng.SuiteRunner.privateRun(SuiteRunner.java:312)
	at org.testng.SuiteRunner.run(SuiteRunner.java:261)
	at org.testng.SuiteRunnerWorker.runSuite(SuiteRunnerWorker.java:52)
	at org.testng.SuiteRunnerWorker.run(SuiteRunnerWorker.java:86)
	at org.testng.TestNG.runSuitesSequentially(TestNG.java:1191)
	at org.testng.TestNG.runSuitesLocally(TestNG.java:1116)
	at org.testng.TestNG.run(TestNG.java:1024)
	at org.testng.remote.RemoteTestNG.run(RemoteTestNG.java:112)
	at org.testng.remote.RemoteTestNG.initAndRun(RemoteTestNG.java:205)
	at org.testng.remote.RemoteTestNG.main(RemoteTestNG.java:176)
</pre></div></td>
<td>0</td>
<td>parsertest.SimplePolymersSectionTest.TestInputSimplePolymerSection@190c9c3</td></tr>
<tr>
<td title='parsertest.SimplePolymersSectionTest.TestInputSimplePolymerSection.testInlineAnnotations()'><b>testInlineAnnotations</b><br>Test class: parsertest.SimplePolymersSectionTest.TestInputSimplePolymerSection</td>
<td></td>
<td>0</td>
<td>parsertest.SimplePolymersSectionTest.TestInputSimplePolymerSection@190c9c3</td></tr>
<tr>
<td title='parsertest.ConnectionSectionTest.TestInputConnectionSection.testInlineAnnotationsConnection()'><b>testInlineAnnotationsConnection</b><br>Test class: parsertest.ConnectionSectionTest.TestInputConnectionSection</td>
<td></td>
<td>0</td>
<td>parsertest.ConnectionSectionTest.TestInputConnectionSection@1f70c54</td></tr>
<tr>
<td title='parsertest.ConnectionSectionTest.TestInputConnectionSection.testInlineAnnotationsConnectionWithException()'><b>testInlineAnnotationsConnectionWithException</b><br>Test class: parsertest.ConnectionSectionTest.TestInputConnectionSection</td>
<td><div><pre>parsertest.ExceptionParser.ConnectionSectionException: Details about the connection are not correct: C:R3-1:R1,
	at parsertest.ConnectionSection.ConnectionsDetailsParser.doAction(ConnectionsDetailsParser.java:110)
	at parsertest.StateMachineParser.doAction(StateMachineParser.java:85)
	at parsertest.ParserHELM2.parse(ParserHELM2.java:58)
	at parsertest.ConnectionSectionTest.TestInputConnectionSection.testInlineAnnotationsConnectionWithException(TestInputConnectionSection.java:77)
	at sun.reflect.NativeMethodAccessorImpl.invoke0(Native Method)
	at sun.reflect.NativeMethodAccessorImpl.invoke(Unknown Source)
	at sun.reflect.DelegatingMethodAccessorImpl.invoke(Unknown Source)
	at java.lang.reflect.Method.invoke(Unknown Source)
	at org.testng.internal.MethodInvocationHelper.invokeMethod(MethodInvocationHelper.java:85)
	at org.testng.internal.Invoker.invokeMethod(Invoker.java:639)
	at org.testng.internal.Invoker.invokeTestMethod(Invoker.java:816)
	at org.testng.internal.Invoker.invokeTestMethods(Invoker.java:1124)
	at org.testng.internal.TestMethodWorker.invokeTestMethods(TestMethodWorker.java:125)
	at org.testng.internal.TestMethodWorker.run(TestMethodWorker.java:108)
	at org.testng.TestRunner.privateRun(TestRunner.java:774)
	at org.testng.TestRunner.run(TestRunner.java:624)
	at org.testng.SuiteRunner.runTest(SuiteRunner.java:359)
	at org.testng.SuiteRunner.runSequentially(SuiteRunner.java:354)
	at org.testng.SuiteRunner.privateRun(SuiteRunner.java:312)
	at org.testng.SuiteRunner.run(SuiteRunner.java:261)
	at org.testng.SuiteRunnerWorker.runSuite(SuiteRunnerWorker.java:52)
	at org.testng.SuiteRunnerWorker.run(SuiteRunnerWorker.java:86)
	at org.testng.TestNG.runSuitesSequentially(TestNG.java:1191)
	at org.testng.TestNG.runSuitesLocally(TestNG.java:1116)
	at org.testng.TestNG.run(TestNG.java:1024)
	at org.testng.remote.RemoteTestNG.run(RemoteTestNG.java:112)
	at org.testng.remote.RemoteTestNG.initAndRun(RemoteTestNG.java:205)
	at org.testng.remote.RemoteTestNG.main(RemoteTestNG.java:176)
</pre></div><a href='#' onClick='toggleBox("stack-trace33224946", this, "Click to show all stack frames", "Click to hide stack frames")'>Click to show all stack frames</a>
<div class='stack-trace' id='stack-trace33224946'><pre>parsertest.ExceptionParser.ConnectionSectionException: Details about the connection are not correct: C:R3-1:R1,
	at parsertest.ConnectionSection.ConnectionsDetailsParser.doAction(ConnectionsDetailsParser.java:110)
	at parsertest.StateMachineParser.doAction(StateMachineParser.java:85)
	at parsertest.ParserHELM2.parse(ParserHELM2.java:58)
	at parsertest.ConnectionSectionTest.TestInputConnectionSection.testInlineAnnotationsConnectionWithException(TestInputConnectionSection.java:77)
	at sun.reflect.NativeMethodAccessorImpl.invoke0(Native Method)
	at sun.reflect.NativeMethodAccessorImpl.invoke(Unknown Source)
	at sun.reflect.DelegatingMethodAccessorImpl.invoke(Unknown Source)
	at java.lang.reflect.Method.invoke(Unknown Source)
	at org.testng.internal.MethodInvocationHelper.invokeMethod(MethodInvocationHelper.java:85)
	at org.testng.internal.Invoker.invokeMethod(Invoker.java:639)
	at org.testng.internal.Invoker.invokeTestMethod(Invoker.java:816)
	at org.testng.internal.Invoker.invokeTestMethods(Invoker.java:1124)
	at org.testng.internal.TestMethodWorker.invokeTestMethods(TestMethodWorker.java:125)
	at org.testng.internal.TestMethodWorker.run(TestMethodWorker.java:108)
	at org.testng.TestRunner.privateRun(TestRunner.java:774)
	at org.testng.TestRunner.run(TestRunner.java:624)
	at org.testng.SuiteRunner.runTest(SuiteRunner.java:359)
	at org.testng.SuiteRunner.runSequentially(SuiteRunner.java:354)
	at org.testng.SuiteRunner.privateRun(SuiteRunner.java:312)
	at org.testng.SuiteRunner.run(SuiteRunner.java:261)
	at org.testng.SuiteRunnerWorker.runSuite(SuiteRunnerWorker.java:52)
	at org.testng.SuiteRunnerWorker.run(SuiteRunnerWorker.java:86)
	at org.testng.TestNG.runSuitesSequentially(TestNG.java:1191)
	at org.testng.TestNG.runSuitesLocally(TestNG.java:1116)
	at org.testng.TestNG.run(TestNG.java:1024)
	at org.testng.remote.RemoteTestNG.run(RemoteTestNG.java:112)
	at org.testng.remote.RemoteTestNG.initAndRun(RemoteTestNG.java:205)
	at org.testng.remote.RemoteTestNG.main(RemoteTestNG.java:176)
</pre></div></td>
<td>0</td>
<td>parsertest.ConnectionSectionTest.TestInputConnectionSection@1f70c54</td></tr>
<tr>
<td title='parsertest.SimplePolymersSectionTest.TestInputSimplePolymerSection.testInlineAnnotationsPolymer()'><b>testInlineAnnotationsPolymer</b><br>Test class: parsertest.SimplePolymersSectionTest.TestInputSimplePolymerSection</td>
<td></td>
<td>0</td>
<td>parsertest.SimplePolymersSectionTest.TestInputSimplePolymerSection@190c9c3</td></tr>
<tr>
<td title='parsertest.SimplePolymersSectionTest.TestInputSimplePolymerSection.testInlineAnnotationsPolymerUnknown()'><b>testInlineAnnotationsPolymerUnknown</b><br>Test class: parsertest.SimplePolymersSectionTest.TestInputSimplePolymerSection</td>
<td></td>
<td>0</td>
<td>parsertest.SimplePolymersSectionTest.TestInputSimplePolymerSection@190c9c3</td></tr>
<tr>
<td title='parsertest.SimplePolymersSectionTest.TestInputSimplePolymerSection.testInlineAnnotationsPolymerWithException()'><b>testInlineAnnotationsPolymerWithException</b><br>Test class: parsertest.SimplePolymersSectionTest.TestInputSimplePolymerSection</td>
<td><div><pre>parsertest.ExceptionParser.SimplePolymerSectionException: Invalid syntax in simple polymer section: P
	at parsertest.SimplePolymersSection.BetweenParser.doAction(BetweenParser.java:85)
	at parsertest.StateMachineParser.doAction(StateMachineParser.java:85)
	at parsertest.ParserHELM2.parse(ParserHELM2.java:58)
	at parsertest.SimplePolymersSectionTest.TestInputSimplePolymerSection.testInlineAnnotationsPolymerWithException(TestInputSimplePolymerSection.java:149)
	at sun.reflect.NativeMethodAccessorImpl.invoke0(Native Method)
	at sun.reflect.NativeMethodAccessorImpl.invoke(Unknown Source)
	at sun.reflect.DelegatingMethodAccessorImpl.invoke(Unknown Source)
	at java.lang.reflect.Method.invoke(Unknown Source)
	at org.testng.internal.MethodInvocationHelper.invokeMethod(MethodInvocationHelper.java:85)
	at org.testng.internal.Invoker.invokeMethod(Invoker.java:639)
	at org.testng.internal.Invoker.invokeTestMethod(Invoker.java:816)
	at org.testng.internal.Invoker.invokeTestMethods(Invoker.java:1124)
	at org.testng.internal.TestMethodWorker.invokeTestMethods(TestMethodWorker.java:125)
	at org.testng.internal.TestMethodWorker.run(TestMethodWorker.java:108)
	at org.testng.TestRunner.privateRun(TestRunner.java:774)
	at org.testng.TestRunner.run(TestRunner.java:624)
	at org.testng.SuiteRunner.runTest(SuiteRunner.java:359)
	at org.testng.SuiteRunner.runSequentially(SuiteRunner.java:354)
	at org.testng.SuiteRunner.privateRun(SuiteRunner.java:312)
	at org.testng.SuiteRunner.run(SuiteRunner.java:261)
	at org.testng.SuiteRunnerWorker.runSuite(SuiteRunnerWorker.java:52)
	at org.testng.SuiteRunnerWorker.run(SuiteRunnerWorker.java:86)
	at org.testng.TestNG.runSuitesSequentially(TestNG.java:1191)
	at org.testng.TestNG.runSuitesLocally(TestNG.java:1116)
	at org.testng.TestNG.run(TestNG.java:1024)
	at org.testng.remote.RemoteTestNG.run(RemoteTestNG.java:112)
	at org.testng.remote.RemoteTestNG.initAndRun(RemoteTestNG.java:205)
	at org.testng.remote.RemoteTestNG.main(RemoteTestNG.java:176)
</pre></div><a href='#' onClick='toggleBox("stack-trace4478505", this, "Click to show all stack frames", "Click to hide stack frames")'>Click to show all stack frames</a>
<div class='stack-trace' id='stack-trace4478505'><pre>parsertest.ExceptionParser.SimplePolymerSectionException: Invalid syntax in simple polymer section: P
	at parsertest.SimplePolymersSection.BetweenParser.doAction(BetweenParser.java:85)
	at parsertest.StateMachineParser.doAction(StateMachineParser.java:85)
	at parsertest.ParserHELM2.parse(ParserHELM2.java:58)
	at parsertest.SimplePolymersSectionTest.TestInputSimplePolymerSection.testInlineAnnotationsPolymerWithException(TestInputSimplePolymerSection.java:149)
	at sun.reflect.NativeMethodAccessorImpl.invoke0(Native Method)
	at sun.reflect.NativeMethodAccessorImpl.invoke(Unknown Source)
	at sun.reflect.DelegatingMethodAccessorImpl.invoke(Unknown Source)
	at java.lang.reflect.Method.invoke(Unknown Source)
	at org.testng.internal.MethodInvocationHelper.invokeMethod(MethodInvocationHelper.java:85)
	at org.testng.internal.Invoker.invokeMethod(Invoker.java:639)
	at org.testng.internal.Invoker.invokeTestMethod(Invoker.java:816)
	at org.testng.internal.Invoker.invokeTestMethods(Invoker.java:1124)
	at org.testng.internal.TestMethodWorker.invokeTestMethods(TestMethodWorker.java:125)
	at org.testng.internal.TestMethodWorker.run(TestMethodWorker.java:108)
	at org.testng.TestRunner.privateRun(TestRunner.java:774)
	at org.testng.TestRunner.run(TestRunner.java:624)
	at org.testng.SuiteRunner.runTest(SuiteRunner.java:359)
	at org.testng.SuiteRunner.runSequentially(SuiteRunner.java:354)
	at org.testng.SuiteRunner.privateRun(SuiteRunner.java:312)
	at org.testng.SuiteRunner.run(SuiteRunner.java:261)
	at org.testng.SuiteRunnerWorker.runSuite(SuiteRunnerWorker.java:52)
	at org.testng.SuiteRunnerWorker.run(SuiteRunnerWorker.java:86)
	at org.testng.TestNG.runSuitesSequentially(TestNG.java:1191)
	at org.testng.TestNG.runSuitesLocally(TestNG.java:1116)
	at org.testng.TestNG.run(TestNG.java:1024)
	at org.testng.remote.RemoteTestNG.run(RemoteTestNG.java:112)
	at org.testng.remote.RemoteTestNG.initAndRun(RemoteTestNG.java:205)
	at org.testng.remote.RemoteTestNG.main(RemoteTestNG.java:176)
</pre></div></td>
<td>0</td>
<td>parsertest.SimplePolymersSectionTest.TestInputSimplePolymerSection@190c9c3</td></tr>
<tr>
<td title='NotationTest.PolymerNotationTest.testInputCount()'><b>testInputCount</b><br>Test class: NotationTest.PolymerNotationTest</td>
<td></td>
<td>0</td>
<td>NotationTest.PolymerNotationTest@17d0578</td></tr>
<tr>
<td title='NotationTest.PolymerNotationTest.testInputGroupMixture()'><b>testInputGroupMixture</b><br>Test class: NotationTest.PolymerNotationTest</td>
<td></td>
<td>0</td>
<td>NotationTest.PolymerNotationTest@17d0578</td></tr>
<tr>
<td title='NotationTest.PolymerNotationTest.testInputGroupOr()'><b>testInputGroupOr</b><br>Test class: NotationTest.PolymerNotationTest</td>
<td></td>
<td>0</td>
<td>NotationTest.PolymerNotationTest@17d0578</td></tr>
<tr>
<td title='parsertest.SimplePolymersSectionTest.TestInputSimplePolymerSection.testLysineThereOrNot()'><b>testLysineThereOrNot</b><br>Test class: parsertest.SimplePolymersSectionTest.TestInputSimplePolymerSection</td>
<td></td>
<td>0</td>
<td>parsertest.SimplePolymersSectionTest.TestInputSimplePolymerSection@190c9c3</td></tr>
<tr>
<td title='NotationTest.Polymer.MonomerNotationTest.testMonomerNotationAnnotation()'><b>testMonomerNotationAnnotation</b><br>Test class: NotationTest.Polymer.MonomerNotationTest</td>
<td></td>
<td>0</td>
<td>NotationTest.Polymer.MonomerNotationTest@174b225</td></tr>
<tr>
<td title='NotationTest.Polymer.MonomerNotationTest.testMonomerNotationCount()'><b>testMonomerNotationCount</b><br>Test class: NotationTest.Polymer.MonomerNotationTest</td>
<td></td>
<td>0</td>
<td>NotationTest.Polymer.MonomerNotationTest@174b225</td></tr>
<tr>
<td title='NotationTest.Polymer.MonomerNotationTest.testMonomerNotationDefaultAnnotation()'><b>testMonomerNotationDefaultAnnotation</b><br>Test class: NotationTest.Polymer.MonomerNotationTest</td>
<td></td>
<td>0</td>
<td>NotationTest.Polymer.MonomerNotationTest@174b225</td></tr>
<tr>
<td title='NotationTest.Polymer.MonomerNotationTest.testMonomerNotationDefaultCount()'><b>testMonomerNotationDefaultCount</b><br>Test class: NotationTest.Polymer.MonomerNotationTest</td>
<td></td>
<td>0</td>
<td>NotationTest.Polymer.MonomerNotationTest@174b225</td></tr>
<tr>
<td title='NotationTest.Polymer.MonomerNotationTest.testMonomerNotationID()'><b>testMonomerNotationID</b><br>Test class: NotationTest.Polymer.MonomerNotationTest</td>
<td></td>
<td>0</td>
<td>NotationTest.Polymer.MonomerNotationTest@174b225</td></tr>
<tr>
<td title='NotationTest.Polymer.MonomerNotationTest.testMonomerNotationIDValue()'><b>testMonomerNotationIDValue</b><br>Test class: NotationTest.Polymer.MonomerNotationTest</td>
<td></td>
<td>0</td>
<td>NotationTest.Polymer.MonomerNotationTest@174b225</td></tr>
<tr>
<td title='NotationTest.Polymer.MonomerNotationTest.testMonomerNotationID_()'><b>testMonomerNotationID_</b><br>Test class: NotationTest.Polymer.MonomerNotationTest</td>
<td></td>
<td>0</td>
<td>NotationTest.Polymer.MonomerNotationTest@174b225</td></tr>
<tr>
<td title='parsertest.SimplePolymersSectionTest.TestInputSimplePolymerSection.testMonomerRepeating()'><b>testMonomerRepeating</b><br>Test class: parsertest.SimplePolymersSectionTest.TestInputSimplePolymerSection</td>
<td></td>
<td>0</td>
<td>parsertest.SimplePolymersSectionTest.TestInputSimplePolymerSection@190c9c3</td></tr>
<tr>
<td title='parsertest.SimplePolymersSectionTest.TestInputSimplePolymerSection.testMonomerRepeatingRange()'><b>testMonomerRepeatingRange</b><br>Test class: parsertest.SimplePolymersSectionTest.TestInputSimplePolymerSection</td>
<td></td>
<td>0</td>
<td>parsertest.SimplePolymersSectionTest.TestInputSimplePolymerSection@190c9c3</td></tr>
<tr>
<td title='parsertest.SimplePolymersSectionTest.TestInputSimplePolymerSection.testMonomerRepeatingUnits()'><b>testMonomerRepeatingUnits</b><br>Test class: parsertest.SimplePolymersSectionTest.TestInputSimplePolymerSection</td>
<td></td>
<td>0</td>
<td>parsertest.SimplePolymersSectionTest.TestInputSimplePolymerSection@190c9c3</td></tr>
<tr>
<td title='parsertest.SimplePolymersSectionTest.TestInputSimplePolymerSection.testMonomerRepeatingUnitsWithException()'><b>testMonomerRepeatingUnitsWithException</b><br>Test class: parsertest.SimplePolymersSectionTest.TestInputSimplePolymerSection</td>
<td><div><pre>parsertest.ExceptionParser.SimplePolymerSectionException: Monomer unit is missing
	at parsertest.SimplePolymersSection.SimplePolymersNotationParser.doAction(SimplePolymersNotationParser.java:138)
	at parsertest.StateMachineParser.doAction(StateMachineParser.java:85)
	at parsertest.ParserHELM2.parse(ParserHELM2.java:58)
	at parsertest.SimplePolymersSectionTest.TestInputSimplePolymerSection.testMonomerRepeatingUnitsWithException(TestInputSimplePolymerSection.java:77)
	at sun.reflect.NativeMethodAccessorImpl.invoke0(Native Method)
	at sun.reflect.NativeMethodAccessorImpl.invoke(Unknown Source)
	at sun.reflect.DelegatingMethodAccessorImpl.invoke(Unknown Source)
	at java.lang.reflect.Method.invoke(Unknown Source)
	at org.testng.internal.MethodInvocationHelper.invokeMethod(MethodInvocationHelper.java:85)
	at org.testng.internal.Invoker.invokeMethod(Invoker.java:639)
	at org.testng.internal.Invoker.invokeTestMethod(Invoker.java:816)
	at org.testng.internal.Invoker.invokeTestMethods(Invoker.java:1124)
	at org.testng.internal.TestMethodWorker.invokeTestMethods(TestMethodWorker.java:125)
	at org.testng.internal.TestMethodWorker.run(TestMethodWorker.java:108)
	at org.testng.TestRunner.privateRun(TestRunner.java:774)
	at org.testng.TestRunner.run(TestRunner.java:624)
	at org.testng.SuiteRunner.runTest(SuiteRunner.java:359)
	at org.testng.SuiteRunner.runSequentially(SuiteRunner.java:354)
	at org.testng.SuiteRunner.privateRun(SuiteRunner.java:312)
	at org.testng.SuiteRunner.run(SuiteRunner.java:261)
	at org.testng.SuiteRunnerWorker.runSuite(SuiteRunnerWorker.java:52)
	at org.testng.SuiteRunnerWorker.run(SuiteRunnerWorker.java:86)
	at org.testng.TestNG.runSuitesSequentially(TestNG.java:1191)
	at org.testng.TestNG.runSuitesLocally(TestNG.java:1116)
	at org.testng.TestNG.run(TestNG.java:1024)
	at org.testng.remote.RemoteTestNG.run(RemoteTestNG.java:112)
	at org.testng.remote.RemoteTestNG.initAndRun(RemoteTestNG.java:205)
	at org.testng.remote.RemoteTestNG.main(RemoteTestNG.java:176)
</pre></div><a href='#' onClick='toggleBox("stack-trace8400633", this, "Click to show all stack frames", "Click to hide stack frames")'>Click to show all stack frames</a>
<div class='stack-trace' id='stack-trace8400633'><pre>parsertest.ExceptionParser.SimplePolymerSectionException: Monomer unit is missing
	at parsertest.SimplePolymersSection.SimplePolymersNotationParser.doAction(SimplePolymersNotationParser.java:138)
	at parsertest.StateMachineParser.doAction(StateMachineParser.java:85)
	at parsertest.ParserHELM2.parse(ParserHELM2.java:58)
	at parsertest.SimplePolymersSectionTest.TestInputSimplePolymerSection.testMonomerRepeatingUnitsWithException(TestInputSimplePolymerSection.java:77)
	at sun.reflect.NativeMethodAccessorImpl.invoke0(Native Method)
	at sun.reflect.NativeMethodAccessorImpl.invoke(Unknown Source)
	at sun.reflect.DelegatingMethodAccessorImpl.invoke(Unknown Source)
	at java.lang.reflect.Method.invoke(Unknown Source)
	at org.testng.internal.MethodInvocationHelper.invokeMethod(MethodInvocationHelper.java:85)
	at org.testng.internal.Invoker.invokeMethod(Invoker.java:639)
	at org.testng.internal.Invoker.invokeTestMethod(Invoker.java:816)
	at org.testng.internal.Invoker.invokeTestMethods(Invoker.java:1124)
	at org.testng.internal.TestMethodWorker.invokeTestMethods(TestMethodWorker.java:125)
	at org.testng.internal.TestMethodWorker.run(TestMethodWorker.java:108)
	at org.testng.TestRunner.privateRun(TestRunner.java:774)
	at org.testng.TestRunner.run(TestRunner.java:624)
	at org.testng.SuiteRunner.runTest(SuiteRunner.java:359)
	at org.testng.SuiteRunner.runSequentially(SuiteRunner.java:354)
	at org.testng.SuiteRunner.privateRun(SuiteRunner.java:312)
	at org.testng.SuiteRunner.run(SuiteRunner.java:261)
	at org.testng.SuiteRunnerWorker.runSuite(SuiteRunnerWorker.java:52)
	at org.testng.SuiteRunnerWorker.run(SuiteRunnerWorker.java:86)
	at org.testng.TestNG.runSuitesSequentially(TestNG.java:1191)
	at org.testng.TestNG.runSuitesLocally(TestNG.java:1116)
	at org.testng.TestNG.run(TestNG.java:1024)
	at org.testng.remote.RemoteTestNG.run(RemoteTestNG.java:112)
	at org.testng.remote.RemoteTestNG.initAndRun(RemoteTestNG.java:205)
	at org.testng.remote.RemoteTestNG.main(RemoteTestNG.java:176)
</pre></div></td>
<td>0</td>
<td>parsertest.SimplePolymersSectionTest.TestInputSimplePolymerSection@190c9c3</td></tr>
<tr>
<td title='NotationTest.NotationTest.testNegativeInput()'><b>testNegativeInput</b><br>Test class: NotationTest.NotationTest</td>
<td><div><pre>parsertest.ExceptionParser.ExceptionState: 
	at NotationTest.NotationTest.testNegativeInput(NotationTest.java:108)
	at sun.reflect.NativeMethodAccessorImpl.invoke0(Native Method)
	at sun.reflect.NativeMethodAccessorImpl.invoke(Unknown Source)
	at sun.reflect.DelegatingMethodAccessorImpl.invoke(Unknown Source)
	at java.lang.reflect.Method.invoke(Unknown Source)
	at org.testng.internal.MethodInvocationHelper.invokeMethod(MethodInvocationHelper.java:85)
	at org.testng.internal.Invoker.invokeMethod(Invoker.java:639)
	at org.testng.internal.Invoker.invokeTestMethod(Invoker.java:816)
	at org.testng.internal.Invoker.invokeTestMethods(Invoker.java:1124)
	at org.testng.internal.TestMethodWorker.invokeTestMethods(TestMethodWorker.java:125)
	at org.testng.internal.TestMethodWorker.run(TestMethodWorker.java:108)
	at org.testng.TestRunner.privateRun(TestRunner.java:774)
	at org.testng.TestRunner.run(TestRunner.java:624)
	at org.testng.SuiteRunner.runTest(SuiteRunner.java:359)
	at org.testng.SuiteRunner.runSequentially(SuiteRunner.java:354)
	at org.testng.SuiteRunner.privateRun(SuiteRunner.java:312)
	at org.testng.SuiteRunner.run(SuiteRunner.java:261)
	at org.testng.SuiteRunnerWorker.runSuite(SuiteRunnerWorker.java:52)
	at org.testng.SuiteRunnerWorker.run(SuiteRunnerWorker.java:86)
	at org.testng.TestNG.runSuitesSequentially(TestNG.java:1191)
	at org.testng.TestNG.runSuitesLocally(TestNG.java:1116)
	at org.testng.TestNG.run(TestNG.java:1024)
	at org.testng.remote.RemoteTestNG.run(RemoteTestNG.java:112)
	at org.testng.remote.RemoteTestNG.initAndRun(RemoteTestNG.java:205)
	at org.testng.remote.RemoteTestNG.main(RemoteTestNG.java:176)
</pre></div><a href='#' onClick='toggleBox("stack-trace6041804", this, "Click to show all stack frames", "Click to hide stack frames")'>Click to show all stack frames</a>
<div class='stack-trace' id='stack-trace6041804'><pre>parsertest.ExceptionParser.ExceptionState: 
	at NotationTest.NotationTest.testNegativeInput(NotationTest.java:108)
	at sun.reflect.NativeMethodAccessorImpl.invoke0(Native Method)
	at sun.reflect.NativeMethodAccessorImpl.invoke(Unknown Source)
	at sun.reflect.DelegatingMethodAccessorImpl.invoke(Unknown Source)
	at java.lang.reflect.Method.invoke(Unknown Source)
	at org.testng.internal.MethodInvocationHelper.invokeMethod(MethodInvocationHelper.java:85)
	at org.testng.internal.Invoker.invokeMethod(Invoker.java:639)
	at org.testng.internal.Invoker.invokeTestMethod(Invoker.java:816)
	at org.testng.internal.Invoker.invokeTestMethods(Invoker.java:1124)
	at org.testng.internal.TestMethodWorker.invokeTestMethods(TestMethodWorker.java:125)
	at org.testng.internal.TestMethodWorker.run(TestMethodWorker.java:108)
	at org.testng.TestRunner.privateRun(TestRunner.java:774)
	at org.testng.TestRunner.run(TestRunner.java:624)
	at org.testng.SuiteRunner.runTest(SuiteRunner.java:359)
	at org.testng.SuiteRunner.runSequentially(SuiteRunner.java:354)
	at org.testng.SuiteRunner.privateRun(SuiteRunner.java:312)
	at org.testng.SuiteRunner.run(SuiteRunner.java:261)
	at org.testng.SuiteRunnerWorker.runSuite(SuiteRunnerWorker.java:52)
	at org.testng.SuiteRunnerWorker.run(SuiteRunnerWorker.java:86)
	at org.testng.TestNG.runSuitesSequentially(TestNG.java:1191)
	at org.testng.TestNG.runSuitesLocally(TestNG.java:1116)
	at org.testng.TestNG.run(TestNG.java:1024)
	at org.testng.remote.RemoteTestNG.run(RemoteTestNG.java:112)
	at org.testng.remote.RemoteTestNG.initAndRun(RemoteTestNG.java:205)
	at org.testng.remote.RemoteTestNG.main(RemoteTestNG.java:176)
</pre></div></td>
<td>0</td>
<td>NotationTest.NotationTest@a48474</td></tr>
<tr>
<td title='parsertest.SimplePolymersSectionTest.TestInputSimplePolymerSection.testNewSimplePolymerType()'><b>testNewSimplePolymerType</b><br>Test class: parsertest.SimplePolymersSectionTest.TestInputSimplePolymerSection</td>
<td></td>
<td>0</td>
<td>parsertest.SimplePolymersSectionTest.TestInputSimplePolymerSection@190c9c3</td></tr>
<tr>
<td title='NotationTest.Polymer.PolymerNotationTest.testPolymerNotationAnnotation()'><b>testPolymerNotationAnnotation</b><br>Test class: NotationTest.Polymer.PolymerNotationTest</td>
<td></td>
<td>0</td>
<td>NotationTest.Polymer.PolymerNotationTest@146e1f4</td></tr>
<tr>
<td title='NotationTest.Polymer.PolymerNotationTest.testPolymerNotationIDBLOB()'><b>testPolymerNotationIDBLOB</b><br>Test class: NotationTest.Polymer.PolymerNotationTest</td>
<td></td>
<td>0</td>
<td>NotationTest.Polymer.PolymerNotationTest@146e1f4</td></tr>
<tr>
<td title='NotationTest.Polymer.PolymerNotationTest.testPolymerNotationIDBLOBWithException()'><b>testPolymerNotationIDBLOBWithException</b><br>Test class: NotationTest.Polymer.PolymerNotationTest</td>
<td><div><pre>parsertest.ExceptionParser.NotationException: ID is wrong: BLO1
	at parsertest.Notation.ValidationMethod.decideWhichEntity(ValidationMethod.java:136)
	at parsertest.Notation.Polymer.PolymerNotation.&lt;init&gt;(PolymerNotation.java:54)
	at NotationTest.Polymer.PolymerNotationTest.testPolymerNotationIDBLOBWithException(PolymerNotationTest.java:77)
	at sun.reflect.NativeMethodAccessorImpl.invoke0(Native Method)
	at sun.reflect.NativeMethodAccessorImpl.invoke(Unknown Source)
	at sun.reflect.DelegatingMethodAccessorImpl.invoke(Unknown Source)
	at java.lang.reflect.Method.invoke(Unknown Source)
	at org.testng.internal.MethodInvocationHelper.invokeMethod(MethodInvocationHelper.java:85)
	at org.testng.internal.Invoker.invokeMethod(Invoker.java:639)
	at org.testng.internal.Invoker.invokeTestMethod(Invoker.java:816)
	at org.testng.internal.Invoker.invokeTestMethods(Invoker.java:1124)
	at org.testng.internal.TestMethodWorker.invokeTestMethods(TestMethodWorker.java:125)
	at org.testng.internal.TestMethodWorker.run(TestMethodWorker.java:108)
	at org.testng.TestRunner.privateRun(TestRunner.java:774)
	at org.testng.TestRunner.run(TestRunner.java:624)
	at org.testng.SuiteRunner.runTest(SuiteRunner.java:359)
	at org.testng.SuiteRunner.runSequentially(SuiteRunner.java:354)
	at org.testng.SuiteRunner.privateRun(SuiteRunner.java:312)
	at org.testng.SuiteRunner.run(SuiteRunner.java:261)
	at org.testng.SuiteRunnerWorker.runSuite(SuiteRunnerWorker.java:52)
	at org.testng.SuiteRunnerWorker.run(SuiteRunnerWorker.java:86)
	at org.testng.TestNG.runSuitesSequentially(TestNG.java:1191)
	at org.testng.TestNG.runSuitesLocally(TestNG.java:1116)
	at org.testng.TestNG.run(TestNG.java:1024)
	at org.testng.remote.RemoteTestNG.run(RemoteTestNG.java:112)
	at org.testng.remote.RemoteTestNG.initAndRun(RemoteTestNG.java:205)
	at org.testng.remote.RemoteTestNG.main(RemoteTestNG.java:176)
</pre></div><a href='#' onClick='toggleBox("stack-trace19767695", this, "Click to show all stack frames", "Click to hide stack frames")'>Click to show all stack frames</a>
<div class='stack-trace' id='stack-trace19767695'><pre>parsertest.ExceptionParser.NotationException: ID is wrong: BLO1
	at parsertest.Notation.ValidationMethod.decideWhichEntity(ValidationMethod.java:136)
	at parsertest.Notation.Polymer.PolymerNotation.&lt;init&gt;(PolymerNotation.java:54)
	at NotationTest.Polymer.PolymerNotationTest.testPolymerNotationIDBLOBWithException(PolymerNotationTest.java:77)
	at sun.reflect.NativeMethodAccessorImpl.invoke0(Native Method)
	at sun.reflect.NativeMethodAccessorImpl.invoke(Unknown Source)
	at sun.reflect.DelegatingMethodAccessorImpl.invoke(Unknown Source)
	at java.lang.reflect.Method.invoke(Unknown Source)
	at org.testng.internal.MethodInvocationHelper.invokeMethod(MethodInvocationHelper.java:85)
	at org.testng.internal.Invoker.invokeMethod(Invoker.java:639)
	at org.testng.internal.Invoker.invokeTestMethod(Invoker.java:816)
	at org.testng.internal.Invoker.invokeTestMethods(Invoker.java:1124)
	at org.testng.internal.TestMethodWorker.invokeTestMethods(TestMethodWorker.java:125)
	at org.testng.internal.TestMethodWorker.run(TestMethodWorker.java:108)
	at org.testng.TestRunner.privateRun(TestRunner.java:774)
	at org.testng.TestRunner.run(TestRunner.java:624)
	at org.testng.SuiteRunner.runTest(SuiteRunner.java:359)
	at org.testng.SuiteRunner.runSequentially(SuiteRunner.java:354)
	at org.testng.SuiteRunner.privateRun(SuiteRunner.java:312)
	at org.testng.SuiteRunner.run(SuiteRunner.java:261)
	at org.testng.SuiteRunnerWorker.runSuite(SuiteRunnerWorker.java:52)
	at org.testng.SuiteRunnerWorker.run(SuiteRunnerWorker.java:86)
	at org.testng.TestNG.runSuitesSequentially(TestNG.java:1191)
	at org.testng.TestNG.runSuitesLocally(TestNG.java:1116)
	at org.testng.TestNG.run(TestNG.java:1024)
	at org.testng.remote.RemoteTestNG.run(RemoteTestNG.java:112)
	at org.testng.remote.RemoteTestNG.initAndRun(RemoteTestNG.java:205)
	at org.testng.remote.RemoteTestNG.main(RemoteTestNG.java:176)
</pre></div></td>
<td>0</td>
<td>NotationTest.Polymer.PolymerNotationTest@146e1f4</td></tr>
<tr>
<td title='NotationTest.Polymer.PolymerNotationTest.testPolymerNotationIDCHEM()'><b>testPolymerNotationIDCHEM</b><br>Test class: NotationTest.Polymer.PolymerNotationTest</td>
<td></td>
<td>0</td>
<td>NotationTest.Polymer.PolymerNotationTest@146e1f4</td></tr>
<tr>
<td title='NotationTest.Polymer.PolymerNotationTest.testPolymerNotationIDPEPTIDE()'><b>testPolymerNotationIDPEPTIDE</b><br>Test class: NotationTest.Polymer.PolymerNotationTest</td>
<td></td>
<td>0</td>
<td>NotationTest.Polymer.PolymerNotationTest@146e1f4</td></tr>
<tr>
<td title='NotationTest.Polymer.PolymerNotationTest.testPolymerNotationIDRNA()'><b>testPolymerNotationIDRNA</b><br>Test class: NotationTest.Polymer.PolymerNotationTest</td>
<td></td>
<td>0</td>
<td>NotationTest.Polymer.PolymerNotationTest@146e1f4</td></tr>
<tr>
<td title='NotationTest.NotationTest.testPositiveInput()'><b>testPositiveInput</b><br>Test class: NotationTest.NotationTest</td>
<td></td>
<td>0</td>
<td>NotationTest.NotationTest@a48474</td></tr>
<tr>
<td title='parsertest.SimplePolymersSectionTest.TestInputSimplePolymerSection.testRepeatedFragments()'><b>testRepeatedFragments</b><br>Test class: parsertest.SimplePolymersSectionTest.TestInputSimplePolymerSection</td>
<td></td>
<td>0</td>
<td>parsertest.SimplePolymersSectionTest.TestInputSimplePolymerSection@190c9c3</td></tr>
<tr>
<td title='parsertest.SimplePolymersSectionTest.TestInputSimplePolymerSection.testRepeatedFragmentsWithException()'><b>testRepeatedFragmentsWithException</b><br>Test class: parsertest.SimplePolymersSectionTest.TestInputSimplePolymerSection</td>
<td><div><pre>parsertest.ExceptionParser.SimplePolymerSectionException: Error in the simple polymers notation section:
	at parsertest.SimplePolymersSection.BetweenMonomerParser.doAction(BetweenMonomerParser.java:78)
	at parsertest.StateMachineParser.doAction(StateMachineParser.java:85)
	at parsertest.ParserHELM2.parse(ParserHELM2.java:58)
	at parsertest.SimplePolymersSectionTest.TestInputSimplePolymerSection.testRepeatedFragmentsWithException(TestInputSimplePolymerSection.java:130)
	at sun.reflect.NativeMethodAccessorImpl.invoke0(Native Method)
	at sun.reflect.NativeMethodAccessorImpl.invoke(Unknown Source)
	at sun.reflect.DelegatingMethodAccessorImpl.invoke(Unknown Source)
	at java.lang.reflect.Method.invoke(Unknown Source)
	at org.testng.internal.MethodInvocationHelper.invokeMethod(MethodInvocationHelper.java:85)
	at org.testng.internal.Invoker.invokeMethod(Invoker.java:639)
	at org.testng.internal.Invoker.invokeTestMethod(Invoker.java:816)
	at org.testng.internal.Invoker.invokeTestMethods(Invoker.java:1124)
	at org.testng.internal.TestMethodWorker.invokeTestMethods(TestMethodWorker.java:125)
	at org.testng.internal.TestMethodWorker.run(TestMethodWorker.java:108)
	at org.testng.TestRunner.privateRun(TestRunner.java:774)
	at org.testng.TestRunner.run(TestRunner.java:624)
	at org.testng.SuiteRunner.runTest(SuiteRunner.java:359)
	at org.testng.SuiteRunner.runSequentially(SuiteRunner.java:354)
	at org.testng.SuiteRunner.privateRun(SuiteRunner.java:312)
	at org.testng.SuiteRunner.run(SuiteRunner.java:261)
	at org.testng.SuiteRunnerWorker.runSuite(SuiteRunnerWorker.java:52)
	at org.testng.SuiteRunnerWorker.run(SuiteRunnerWorker.java:86)
	at org.testng.TestNG.runSuitesSequentially(TestNG.java:1191)
	at org.testng.TestNG.runSuitesLocally(TestNG.java:1116)
	at org.testng.TestNG.run(TestNG.java:1024)
	at org.testng.remote.RemoteTestNG.run(RemoteTestNG.java:112)
	at org.testng.remote.RemoteTestNG.initAndRun(RemoteTestNG.java:205)
	at org.testng.remote.RemoteTestNG.main(RemoteTestNG.java:176)
</pre></div><a href='#' onClick='toggleBox("stack-trace21391978", this, "Click to show all stack frames", "Click to hide stack frames")'>Click to show all stack frames</a>
<div class='stack-trace' id='stack-trace21391978'><pre>parsertest.ExceptionParser.SimplePolymerSectionException: Error in the simple polymers notation section:
	at parsertest.SimplePolymersSection.BetweenMonomerParser.doAction(BetweenMonomerParser.java:78)
	at parsertest.StateMachineParser.doAction(StateMachineParser.java:85)
	at parsertest.ParserHELM2.parse(ParserHELM2.java:58)
	at parsertest.SimplePolymersSectionTest.TestInputSimplePolymerSection.testRepeatedFragmentsWithException(TestInputSimplePolymerSection.java:130)
	at sun.reflect.NativeMethodAccessorImpl.invoke0(Native Method)
	at sun.reflect.NativeMethodAccessorImpl.invoke(Unknown Source)
	at sun.reflect.DelegatingMethodAccessorImpl.invoke(Unknown Source)
	at java.lang.reflect.Method.invoke(Unknown Source)
	at org.testng.internal.MethodInvocationHelper.invokeMethod(MethodInvocationHelper.java:85)
	at org.testng.internal.Invoker.invokeMethod(Invoker.java:639)
	at org.testng.internal.Invoker.invokeTestMethod(Invoker.java:816)
	at org.testng.internal.Invoker.invokeTestMethods(Invoker.java:1124)
	at org.testng.internal.TestMethodWorker.invokeTestMethods(TestMethodWorker.java:125)
	at org.testng.internal.TestMethodWorker.run(TestMethodWorker.java:108)
	at org.testng.TestRunner.privateRun(TestRunner.java:774)
	at org.testng.TestRunner.run(TestRunner.java:624)
	at org.testng.SuiteRunner.runTest(SuiteRunner.java:359)
	at org.testng.SuiteRunner.runSequentially(SuiteRunner.java:354)
	at org.testng.SuiteRunner.privateRun(SuiteRunner.java:312)
	at org.testng.SuiteRunner.run(SuiteRunner.java:261)
	at org.testng.SuiteRunnerWorker.runSuite(SuiteRunnerWorker.java:52)
	at org.testng.SuiteRunnerWorker.run(SuiteRunnerWorker.java:86)
	at org.testng.TestNG.runSuitesSequentially(TestNG.java:1191)
	at org.testng.TestNG.runSuitesLocally(TestNG.java:1116)
	at org.testng.TestNG.run(TestNG.java:1024)
	at org.testng.remote.RemoteTestNG.run(RemoteTestNG.java:112)
	at org.testng.remote.RemoteTestNG.initAndRun(RemoteTestNG.java:205)
	at org.testng.remote.RemoteTestNG.main(RemoteTestNG.java:176)
</pre></div></td>
<td>0</td>
<td>parsertest.SimplePolymersSectionTest.TestInputSimplePolymerSection@190c9c3</td></tr>
<tr>
<td title='parsertest.SimplePolymersSectionTest.SimplePolymersNotationParserTest.testSMILESFunction()'><b>testSMILESFunction</b><br>Test class: parsertest.SimplePolymersSectionTest.SimplePolymersNotationParserTest</td>
<td></td>
<td>0</td>
<td>parsertest.SimplePolymersSectionTest.SimplePolymersNotationParserTest@13f5a29</td></tr>
<tr>
<td title='parsertest.SimplePolymersSectionTest.SimplePolymersNotationParserTest.testSMILESFunctionWithException()'><b>testSMILESFunctionWithException</b><br>Test class: parsertest.SimplePolymersSectionTest.SimplePolymersNotationParserTest</td>
<td><div><pre>parsertest.ExceptionParser.SimplePolymerSectionException: 
	at parsertest.SimplePolymersSectionTest.SimplePolymersNotationParserTest.testSMILESFunctionWithException(SimplePolymersNotationParserTest.java:184)
	at sun.reflect.NativeMethodAccessorImpl.invoke0(Native Method)
	at sun.reflect.NativeMethodAccessorImpl.invoke(Unknown Source)
	at sun.reflect.DelegatingMethodAccessorImpl.invoke(Unknown Source)
	at java.lang.reflect.Method.invoke(Unknown Source)
	at org.testng.internal.MethodInvocationHelper.invokeMethod(MethodInvocationHelper.java:85)
	at org.testng.internal.Invoker.invokeMethod(Invoker.java:639)
	at org.testng.internal.Invoker.invokeTestMethod(Invoker.java:816)
	at org.testng.internal.Invoker.invokeTestMethods(Invoker.java:1124)
	at org.testng.internal.TestMethodWorker.invokeTestMethods(TestMethodWorker.java:125)
	at org.testng.internal.TestMethodWorker.run(TestMethodWorker.java:108)
	at org.testng.TestRunner.privateRun(TestRunner.java:774)
	at org.testng.TestRunner.run(TestRunner.java:624)
	at org.testng.SuiteRunner.runTest(SuiteRunner.java:359)
	at org.testng.SuiteRunner.runSequentially(SuiteRunner.java:354)
	at org.testng.SuiteRunner.privateRun(SuiteRunner.java:312)
	at org.testng.SuiteRunner.run(SuiteRunner.java:261)
	at org.testng.SuiteRunnerWorker.runSuite(SuiteRunnerWorker.java:52)
	at org.testng.SuiteRunnerWorker.run(SuiteRunnerWorker.java:86)
	at org.testng.TestNG.runSuitesSequentially(TestNG.java:1191)
	at org.testng.TestNG.runSuitesLocally(TestNG.java:1116)
	at org.testng.TestNG.run(TestNG.java:1024)
	at org.testng.remote.RemoteTestNG.run(RemoteTestNG.java:112)
	at org.testng.remote.RemoteTestNG.initAndRun(RemoteTestNG.java:205)
	at org.testng.remote.RemoteTestNG.main(RemoteTestNG.java:176)
</pre></div><a href='#' onClick='toggleBox("stack-trace24824628", this, "Click to show all stack frames", "Click to hide stack frames")'>Click to show all stack frames</a>
<div class='stack-trace' id='stack-trace24824628'><pre>parsertest.ExceptionParser.SimplePolymerSectionException: 
	at parsertest.SimplePolymersSectionTest.SimplePolymersNotationParserTest.testSMILESFunctionWithException(SimplePolymersNotationParserTest.java:184)
	at sun.reflect.NativeMethodAccessorImpl.invoke0(Native Method)
	at sun.reflect.NativeMethodAccessorImpl.invoke(Unknown Source)
	at sun.reflect.DelegatingMethodAccessorImpl.invoke(Unknown Source)
	at java.lang.reflect.Method.invoke(Unknown Source)
	at org.testng.internal.MethodInvocationHelper.invokeMethod(MethodInvocationHelper.java:85)
	at org.testng.internal.Invoker.invokeMethod(Invoker.java:639)
	at org.testng.internal.Invoker.invokeTestMethod(Invoker.java:816)
	at org.testng.internal.Invoker.invokeTestMethods(Invoker.java:1124)
	at org.testng.internal.TestMethodWorker.invokeTestMethods(TestMethodWorker.java:125)
	at org.testng.internal.TestMethodWorker.run(TestMethodWorker.java:108)
	at org.testng.TestRunner.privateRun(TestRunner.java:774)
	at org.testng.TestRunner.run(TestRunner.java:624)
	at org.testng.SuiteRunner.runTest(SuiteRunner.java:359)
	at org.testng.SuiteRunner.runSequentially(SuiteRunner.java:354)
	at org.testng.SuiteRunner.privateRun(SuiteRunner.java:312)
	at org.testng.SuiteRunner.run(SuiteRunner.java:261)
	at org.testng.SuiteRunnerWorker.runSuite(SuiteRunnerWorker.java:52)
	at org.testng.SuiteRunnerWorker.run(SuiteRunnerWorker.java:86)
	at org.testng.TestNG.runSuitesSequentially(TestNG.java:1191)
	at org.testng.TestNG.runSuitesLocally(TestNG.java:1116)
	at org.testng.TestNG.run(TestNG.java:1024)
	at org.testng.remote.RemoteTestNG.run(RemoteTestNG.java:112)
	at org.testng.remote.RemoteTestNG.initAndRun(RemoteTestNG.java:205)
	at org.testng.remote.RemoteTestNG.main(RemoteTestNG.java:176)
</pre></div></td>
<td>0</td>
<td>parsertest.SimplePolymersSectionTest.SimplePolymersNotationParserTest@13f5a29</td></tr>
<tr>
<td title='NotationTest.PolymerNotationTest.testSimpleInput()'><b>testSimpleInput</b><br>Test class: NotationTest.PolymerNotationTest</td>
<td></td>
<td>0</td>
<td>NotationTest.PolymerNotationTest@17d0578</td></tr>
<tr>
<td title='parsertest.SimplePolymersSectionTest.TestInputSimplePolymerSection.testSimpleInput()'><b>testSimpleInput</b><br>Test class: parsertest.SimplePolymersSectionTest.TestInputSimplePolymerSection</td>
<td></td>
<td>0</td>
<td>parsertest.SimplePolymersSectionTest.TestInputSimplePolymerSection@190c9c3</td></tr>
<tr>
<td title='parsertest.AnnotationSectionTest.TestInputAnnotationSection.testSimpleInput()'><b>testSimpleInput</b><br>Test class: parsertest.AnnotationSectionTest.TestInputAnnotationSection</td>
<td></td>
<td>0</td>
<td>parsertest.AnnotationSectionTest.TestInputAnnotationSection@e6e9c3</td></tr>
</table><p>
</body>
</html>