<!DOCTYPE html PUBLIC "-//W3C//DTD XHTML 1.1//EN" "http://www.w3.org/TR/xhtml11/DTD/xhtml11.dtd">
<html xmlns="http://www.w3.org/1999/xhtml"><head><title>TestNG Report</title><style type="text/css">table {margin-bottom:10px;border-collapse:collapse;empty-cells:show}th,td {border:1px solid #009;padding:.25em .5em}th {vertical-align:bottom}td {vertical-align:top}table a {font-weight:bold}.stripe td {background-color: #E6EBF9}.num {text-align:right}.passedodd td {background-color: #3F3}.passedeven td {background-color: #0A0}.skippedodd td {background-color: #DDD}.skippedeven td {background-color: #CCC}.failedodd td,.attn {background-color: #F33}.failedeven td,.stripe .attn {background-color: #D00}.stacktrace {white-space:pre;font-family:monospace}.totop {font-size:85%;text-align:center;border-bottom:2px solid #000}</style></head><body><table><tr><th>Test</th><th># Passed</th><th># Skipped</th><th># Failed</th><th>Time (ms)</th><th>Included Groups</th><th>Excluded Groups</th></tr><tr><th colspan="7">Default suite</th></tr><tr><td><a href="#t0">Default test</a></td><td class="num">154</td><td class="num">0</td><td class="num">0</td><td class="num">1.080</td><td></td><td></td></tr></table><table><thead><tr><th>Class</th><th>Method</th><th>Start</th><th>Time (ms)</th></tr></thead><tbody><tr><th colspan="4">Default suite</th></tr></tbody><tbody id="t0"><tr><th colspan="4">Default test &#8212; passed</th></tr><tr class="passedeven"><td rowspan="1">org.helm.notation2.parser.AnnotationNotationTest</td><td><a href="#m0">testAnnotationNotation</a></td><td rowspan="1">1449222425747</td><td rowspan="1">4</td></tr><tr class="passedodd"><td rowspan="3">org.helm.notation2.parser.ConnectionNotationTest</td><td><a href="#m1">testConnectionGrouping</a></td><td rowspan="1">1449222426374</td><td rowspan="1">9</td></tr><tr class="passedodd"><td><a href="#m2">testConnectionNotation</a></td><td rowspan="1">1449222426384</td><td rowspan="1">9</td></tr><tr class="passedodd"><td><a href="#m3">testConnectionNotationTwo</a></td><td rowspan="1">1449222426393</td><td rowspan="1">9</td></tr><tr class="passedeven"><td rowspan="6">org.helm.notation2.parser.GroupingNotationTest</td><td><a href="#m4">testGroupingAndOr</a></td><td rowspan="1">1449222426312</td><td rowspan="1">9</td></tr><tr class="passedeven"><td><a href="#m5">testGroupingNotationMixture</a></td><td rowspan="1">1449222426322</td><td rowspan="1">8</td></tr><tr class="passedeven"><td><a href="#m6">testGroupingNotationMixtureRange</a></td><td rowspan="1">1449222426331</td><td rowspan="1">9</td></tr><tr class="passedeven"><td><a href="#m7">testGroupingNotationMixtureValue</a></td><td rowspan="1">1449222426340</td><td rowspan="1">9</td></tr><tr class="passedeven"><td><a href="#m8">testGroupingNotationOR</a></td><td rowspan="1">1449222426349</td><td rowspan="1">8</td></tr><tr class="passedeven"><td><a href="#m9">testGroupingNotationOrDefaultValue</a></td><td rowspan="1">1449222426357</td><td rowspan="1">9</td></tr><tr class="passedodd"><td rowspan="2">org.helm.notation2.parser.JSONTest</td><td><a href="#m10">testJSONTest</a></td><td rowspan="1">1449222425543</td><td rowspan="1">171</td></tr><tr class="passedodd"><td><a href="#m11">testJSONTest2</a></td><td rowspan="1">1449222425714</td><td rowspan="1">5</td></tr><tr class="passedeven"><td rowspan="2">org.helm.notation2.parser.NotationTest</td><td><a href="#m12">testNegativeInput</a></td><td rowspan="1">1449222425769</td><td rowspan="1">29</td></tr><tr class="passedeven"><td><a href="#m13">testPositiveInput</a></td><td rowspan="1">1449222425798</td><td rowspan="1">428</td></tr><tr class="passedodd"><td rowspan="2">org.helm.notation2.parser.OutputWriterTest</td><td><a href="#m14">testHELM2Output</a></td><td rowspan="1">1449222425752</td><td rowspan="1">9</td></tr><tr class="passedodd"><td><a href="#m15">testHELM2OutputExtended</a></td><td rowspan="1">1449222425762</td><td rowspan="1">6</td></tr><tr class="passedeven"><td rowspan="5">org.helm.notation2.parser.PolymerNotationTest</td><td><a href="#m16">testGroupRepeating</a></td><td rowspan="1">1449222425720</td><td rowspan="1">0</td></tr><tr class="passedeven"><td><a href="#m17">testInputCount</a></td><td rowspan="1">1449222425720</td><td rowspan="1">2</td></tr><tr class="passedeven"><td><a href="#m18">testInputGroupMixture</a></td><td rowspan="1">1449222425722</td><td rowspan="1">2</td></tr><tr class="passedeven"><td><a href="#m19">testInputGroupOr</a></td><td rowspan="1">1449222425724</td><td rowspan="1">1</td></tr><tr class="passedeven"><td><a href="#m20">testSimpleInput</a></td><td rowspan="1">1449222425726</td><td rowspan="1">15</td></tr><tr class="passedodd"><td rowspan="1">org.helm.notation2.parser.annotation.AnnotationNotationTest</td><td><a href="#m21">testAnnotationConstructor</a></td><td rowspan="1">1449222426305</td><td rowspan="1">0</td></tr><tr class="passedeven"><td rowspan="1">org.helm.notation2.parser.grouping.GroupingAmbiguityTest</td><td><a href="#m22">testGrouping</a></td><td rowspan="1">1449222426246</td><td rowspan="1">0</td></tr><tr class="passedodd"><td rowspan="2">org.helm.notation2.parser.grouping.GroupingElementTest</td><td><a href="#m23">testConstructor</a></td><td rowspan="1">1449222425532</td><td rowspan="1">1</td></tr><tr class="passedodd"><td><a href="#m24">testConstructorTwo</a></td><td rowspan="1">1449222425533</td><td rowspan="1">0</td></tr><tr class="passedeven"><td rowspan="4">org.helm.notation2.parser.grouping.GroupingNotationTest</td><td><a href="#m25">testConstructor</a></td><td rowspan="1">1449222425524</td><td rowspan="1">2</td></tr><tr class="passedeven"><td><a href="#m26">testConstructorAmbiguityAND</a></td><td rowspan="1">1449222425526</td><td rowspan="1">0</td></tr><tr class="passedeven"><td><a href="#m27">testConstructorAmbiguityOR</a></td><td rowspan="1">1449222425527</td><td rowspan="1">0</td></tr><tr class="passedeven"><td><a href="#m28">testConstructorWithException</a></td><td rowspan="1">1449222425528</td><td rowspan="1">0</td></tr><tr class="passedodd"><td rowspan="1">org.helm.notation2.parser.polymer.EntityTest</td><td><a href="#m29">testEntity</a></td><td rowspan="1">1449222426402</td><td rowspan="1">1</td></tr><tr class="passedeven"><td rowspan="2">org.helm.notation2.parser.polymer.MonomerNotationGroupGroupElementTest</td><td><a href="#m30">testConstructor</a></td><td rowspan="1">1449222425746</td><td rowspan="1">0</td></tr><tr class="passedeven"><td><a href="#m31">testConstructorRange</a></td><td rowspan="1">1449222425747</td><td rowspan="1">0</td></tr><tr class="passedodd"><td rowspan="2">org.helm.notation2.parser.polymer.MonomerNotationGroupTest</td><td><a href="#m32">MonomerNotationGroupTestAND</a></td><td rowspan="1">1449222426246</td><td rowspan="1">0</td></tr><tr class="passedodd"><td><a href="#m33">MonomerNotationGroupTestOr</a></td><td rowspan="1">1449222426246</td><td rowspan="1">1</td></tr><tr class="passedeven"><td rowspan="7">org.helm.notation2.parser.polymer.MonomerNotationTest</td><td><a href="#m34">testMonomerNotationAnnotation</a></td><td rowspan="1">1449222426229</td><td rowspan="1">0</td></tr><tr class="passedeven"><td><a href="#m35">testMonomerNotationCount</a></td><td rowspan="1">1449222426229</td><td rowspan="1">0</td></tr><tr class="passedeven"><td><a href="#m36">testMonomerNotationDefaultAnnotation</a></td><td rowspan="1">1449222426229</td><td rowspan="1">1</td></tr><tr class="passedeven"><td><a href="#m37">testMonomerNotationDefaultCount</a></td><td rowspan="1">1449222426230</td><td rowspan="1">0</td></tr><tr class="passedeven"><td><a href="#m38">testMonomerNotationID</a></td><td rowspan="1">1449222426230</td><td rowspan="1">0</td></tr><tr class="passedeven"><td><a href="#m39">testMonomerNotationIDValue</a></td><td rowspan="1">1449222426231</td><td rowspan="1">0</td></tr><tr class="passedeven"><td><a href="#m40">testMonomerNotationID_</a></td><td rowspan="1">1449222426231</td><td rowspan="1">0</td></tr><tr class="passedodd"><td rowspan="9">org.helm.notation2.parser.polymer.MonomerNotationUnitRNATest</td><td><a href="#m41">testMonomerNotationUnitRNA</a></td><td rowspan="1">1449222426403</td><td rowspan="1">0</td></tr><tr class="passedodd"><td><a href="#m42">testMonomerNotationUnitRNAContents</a></td><td rowspan="1">1449222426403</td><td rowspan="1">0</td></tr><tr class="passedodd"><td><a href="#m43">testMonomerNotationUnitRNAContentsSpecial</a></td><td rowspan="1">1449222426403</td><td rowspan="1">1</td></tr><tr class="passedodd"><td><a href="#m44">testMonomerNotationUnitRNAContentsSpecialFive</a></td><td rowspan="1">1449222426404</td><td rowspan="1">0</td></tr><tr class="passedodd"><td><a href="#m45">testMonomerNotationUnitRNAContentsSpecialFour</a></td><td rowspan="1">1449222426404</td><td rowspan="1">0</td></tr><tr class="passedodd"><td><a href="#m46">testMonomerNotationUnitRNAContentsSpecialSeven</a></td><td rowspan="1">1449222426405</td><td rowspan="1">0</td></tr><tr class="passedodd"><td><a href="#m47">testMonomerNotationUnitRNAContentsSpecialSix</a></td><td rowspan="1">1449222426405</td><td rowspan="1">0</td></tr><tr class="passedodd"><td><a href="#m48">testMonomerNotationUnitRNAContentsSpecialThree</a></td><td rowspan="1">1449222426405</td><td rowspan="1">1</td></tr><tr class="passedodd"><td><a href="#m49">testMonomerNotationUnitRNAContentsSpecialTwo</a></td><td rowspan="1">1449222426406</td><td rowspan="1">0</td></tr><tr class="passedeven"><td rowspan="2">org.helm.notation2.parser.polymer.PolymerElementsTest</td><td><a href="#m50">testConstructorList</a></td><td rowspan="1">1449222425751</td><td rowspan="1">0</td></tr><tr class="passedeven"><td><a href="#m51">testConstructorSingle</a></td><td rowspan="1">1449222425752</td><td rowspan="1">0</td></tr><tr class="passedodd"><td rowspan="6">org.helm.notation2.parser.polymer.PolymerNotationTest</td><td><a href="#m52">testPolymerNotationAnnotation</a></td><td rowspan="1">1449222426226</td><td rowspan="1">1</td></tr><tr class="passedodd"><td><a href="#m53">testPolymerNotationIDBLOB</a></td><td rowspan="1">1449222426227</td><td rowspan="1">0</td></tr><tr class="passedodd"><td><a href="#m54">testPolymerNotationIDBLOBWithException</a></td><td rowspan="1">1449222426227</td><td rowspan="1">0</td></tr><tr class="passedodd"><td><a href="#m55">testPolymerNotationIDCHEM</a></td><td rowspan="1">1449222426228</td><td rowspan="1">0</td></tr><tr class="passedodd"><td><a href="#m56">testPolymerNotationIDPEPTIDE</a></td><td rowspan="1">1449222426228</td><td rowspan="1">0</td></tr><tr class="passedodd"><td><a href="#m57">testPolymerNotationIDRNA</a></td><td rowspan="1">1449222426228</td><td rowspan="1">1</td></tr><tr class="passedeven"><td rowspan="2">parsertest.ConverterHELM1ToHELM2Test</td><td><a href="#m58">SMILESTest</a></td><td rowspan="1">1449222426231</td><td rowspan="1">10</td></tr><tr class="passedeven"><td><a href="#m59">simpleHELM1StringTest</a></td><td rowspan="1">1449222426241</td><td rowspan="1">2</td></tr><tr class="passedodd"><td rowspan="1">parsertest.FinalStateTest</td><td><a href="#m60">goToFinalStateWithException</a></td><td rowspan="1">1449222426305</td><td rowspan="1">0</td></tr><tr class="passedeven"><td rowspan="4">parsertest.InlineAnnotationsParserTest</td><td><a href="#m61">goToBetweenInlineConnectionParser</a></td><td rowspan="1">1449222425528</td><td rowspan="1">1</td></tr><tr class="passedeven"><td><a href="#m62">goToBetweenParser</a></td><td rowspan="1">1449222425530</td><td rowspan="1">1</td></tr><tr class="passedeven"><td><a href="#m63">goToSimplePolymersNotationParserParser</a></td><td rowspan="1">1449222425531</td><td rowspan="1">1</td></tr><tr class="passedeven"><td><a href="#m64">keepThisState</a></td><td rowspan="1">1449222425532</td><td rowspan="1">0</td></tr><tr class="passedodd"><td rowspan="3">parsertest.annotationsectiontest.AnnotationParserTest</td><td><a href="#m65">goToFinalState</a></td><td rowspan="1">1449222425512</td><td rowspan="1">0</td></tr><tr class="passedodd"><td><a href="#m66">keepThisState</a></td><td rowspan="1">1449222425512</td><td rowspan="1">1</td></tr><tr class="passedodd"><td><a href="#m67">keepToFinalStateWithException</a></td><td rowspan="1">1449222425513</td><td rowspan="1">1</td></tr><tr class="passedeven"><td rowspan="1">parsertest.annotationsectiontest.TestInputAnnotationSection</td><td><a href="#m68">testSimpleInput</a></td><td rowspan="1">1449222426306</td><td rowspan="1">6</td></tr><tr class="passedodd"><td rowspan="3">parsertest.connectionsectiontest.BetweenInlineConnectionParserTest</td><td><a href="#m69">Reading$WithException</a></td><td rowspan="1">1449222425521</td><td rowspan="1">1</td></tr><tr class="passedodd"><td><a href="#m70">goToConnectionsParser</a></td><td rowspan="1">1449222425523</td><td rowspan="1">0</td></tr><tr class="passedodd"><td><a href="#m71">goToGroupingSection</a></td><td rowspan="1">1449222425524</td><td rowspan="1">0</td></tr><tr class="passedeven"><td rowspan="5">parsertest.connectionsectiontest.ConnectionsDetailsParserTest</td><td><a href="#m72">goToGroupingParser</a></td><td rowspan="1">1449222425742</td><td rowspan="1">0</td></tr><tr class="passedeven"><td><a href="#m73">goToGroupingParserWithException</a></td><td rowspan="1">1449222425743</td><td rowspan="1">0</td></tr><tr class="passedeven"><td><a href="#m74">goToInlineAnnotationsParser</a></td><td rowspan="1">1449222425744</td><td rowspan="1">0</td></tr><tr class="passedeven"><td><a href="#m75">goToInlineAnnotationsParserWithException</a></td><td rowspan="1">1449222425745</td><td rowspan="1">0</td></tr><tr class="passedeven"><td><a href="#m76">keepThisState</a></td><td rowspan="1">1449222425746</td><td rowspan="1">0</td></tr><tr class="passedodd"><td rowspan="5">parsertest.connectionsectiontest.ConnectionsParserTest</td><td><a href="#m77">goToConnectionsReadSecondIDParser</a></td><td rowspan="1">1449222425534</td><td rowspan="1">0</td></tr><tr class="passedodd"><td><a href="#m78">goToConnectionsReadSecondIDParserWithException</a></td><td rowspan="1">1449222425534</td><td rowspan="1">1</td></tr><tr class="passedodd"><td><a href="#m79">goToGroupingParser</a></td><td rowspan="1">1449222425535</td><td rowspan="1">1</td></tr><tr class="passedodd"><td><a href="#m80">goToGroupingParserWithException</a></td><td rowspan="1">1449222425536</td><td rowspan="1">0</td></tr><tr class="passedodd"><td><a href="#m81">keepThisState</a></td><td rowspan="1">1449222425537</td><td rowspan="1">0</td></tr><tr class="passedeven"><td rowspan="2">parsertest.connectionsectiontest.ConnectionsReadSecondIDParserTest</td><td><a href="#m82">goToConnectionsDetailsParser</a></td><td rowspan="1">1449222426366</td><td rowspan="1">1</td></tr><tr class="passedeven"><td><a href="#m83">goToConnectionsDetailsParserWithException</a></td><td rowspan="1">1449222426367</td><td rowspan="1">0</td></tr><tr class="passedodd"><td rowspan="9">parsertest.connectionsectiontest.TestInputConnectionSection</td><td><a href="#m84">testConnectionMonomer</a></td><td rowspan="1">1449222426410</td><td rowspan="1">11</td></tr><tr class="passedodd"><td><a href="#m85">testConnectionMonomerAmbiguity</a></td><td rowspan="1">1449222426421</td><td rowspan="1">10</td></tr><tr class="passedodd"><td><a href="#m86">testConnectionMonomerAmbiguityNoInformation</a></td><td rowspan="1">1449222426431</td><td rowspan="1">9</td></tr><tr class="passedodd"><td><a href="#m87">testConnectionMonomerAmbiguityPartlyInformation</a></td><td rowspan="1">1449222426441</td><td rowspan="1">9</td></tr><tr class="passedodd"><td><a href="#m88">testConnectionStatisticalBinding</a></td><td rowspan="1">1449222426450</td><td rowspan="1">3</td></tr><tr class="passedodd"><td><a href="#m89">testConnectionUnknownBinding</a></td><td rowspan="1">1449222426453</td><td rowspan="1">4</td></tr><tr class="passedodd"><td><a href="#m90">testHydrogenBondInConnectionSection</a></td><td rowspan="1">1449222426457</td><td rowspan="1">3</td></tr><tr class="passedodd"><td><a href="#m91">testInlineAnnotationsConnection</a></td><td rowspan="1">1449222426460</td><td rowspan="1">9</td></tr><tr class="passedodd"><td><a href="#m92">testInlineAnnotationsConnectionWithException</a></td><td rowspan="1">1449222426469</td><td rowspan="1">9</td></tr><tr class="passedeven"><td rowspan="3">parsertest.groupingsectiontest.BetweenGroupingParserTest</td><td><a href="#m93">ReadingWithException</a></td><td rowspan="1">1449222425518</td><td rowspan="1">0</td></tr><tr class="passedeven"><td><a href="#m94">goToAnnotationsParser</a></td><td rowspan="1">1449222425520</td><td rowspan="1">0</td></tr><tr class="passedeven"><td><a href="#m95">goToGroupingParser</a></td><td rowspan="1">1449222425521</td><td rowspan="1">0</td></tr><tr class="passedodd"><td rowspan="3">parsertest.groupingsectiontest.GroupingDetailedInformationParserTest</td><td><a href="#m96">goToBetweenGroupingParser</a></td><td rowspan="1">1449222425515</td><td rowspan="1">1</td></tr><tr class="passedodd"><td><a href="#m97">goToBetweenGroupingParserWithException</a></td><td rowspan="1">1449222425516</td><td rowspan="1">0</td></tr><tr class="passedodd"><td><a href="#m98">keepThisState</a></td><td rowspan="1">1449222425517</td><td rowspan="1">1</td></tr><tr class="passedeven"><td rowspan="5">parsertest.groupingsectiontest.GroupingParserTest</td><td><a href="#m99">goToAnnotaitonsParserWithException</a></td><td rowspan="1">1449222426408</td><td rowspan="1">0</td></tr><tr class="passedeven"><td><a href="#m100">goToAnnotationsParser</a></td><td rowspan="1">1449222426408</td><td rowspan="1">1</td></tr><tr class="passedeven"><td><a href="#m101">goToGroupingDetailedInformationParser</a></td><td rowspan="1">1449222426409</td><td rowspan="1">0</td></tr><tr class="passedeven"><td><a href="#m102">goToGroupingDetailedInformationWithException</a></td><td rowspan="1">1449222426409</td><td rowspan="1">0</td></tr><tr class="passedeven"><td><a href="#m103">keepThisState</a></td><td rowspan="1">1449222426410</td><td rowspan="1">0</td></tr><tr class="passedodd"><td rowspan="5">parsertest.groupingsectiontest.TestInputGroupingSection</td><td><a href="#m104">testGroupingAmbiguityAnd</a></td><td rowspan="1">1449222425419</td><td rowspan="1">34</td></tr><tr class="passedodd"><td><a href="#m105">testGroupingAmbiguityAndRatio</a></td><td rowspan="1">1449222425453</td><td rowspan="1">29</td></tr><tr class="passedodd"><td><a href="#m106">testGroupingAmbiguityAndRatioAndRange</a></td><td rowspan="1">1449222425482</td><td rowspan="1">3</td></tr><tr class="passedodd"><td><a href="#m107">testGroupingAmbiguityOr</a></td><td rowspan="1">1449222425486</td><td rowspan="1">21</td></tr><tr class="passedodd"><td><a href="#m108">testGroupingUnknownRatio</a></td><td rowspan="1">1449222425507</td><td rowspan="1">4</td></tr><tr class="passedeven"><td rowspan="3">parsertest.simplepolymerssectiontest.BetweenInlineMonomerParser</td><td><a href="#m109">goToConnection</a></td><td rowspan="1">1449222426406</td><td rowspan="1">1</td></tr><tr class="passedeven"><td><a href="#m110">goToSimplePolymerNotationParser</a></td><td rowspan="1">1449222426407</td><td rowspan="1">0</td></tr><tr class="passedeven"><td><a href="#m111">goToWithException</a></td><td rowspan="1">1449222426407</td><td rowspan="1">0</td></tr><tr class="passedodd"><td rowspan="4">parsertest.simplepolymerssectiontest.BetweenMonomerParserTest</td><td><a href="#m112">goToBetweenParser</a></td><td rowspan="1">1449222425537</td><td rowspan="1">0</td></tr><tr class="passedodd"><td><a href="#m113">goToInlineAnnotationParser</a></td><td rowspan="1">1449222425538</td><td rowspan="1">0</td></tr><tr class="passedodd"><td><a href="#m114">goToSimplePolymerNotationParser</a></td><td rowspan="1">1449222425538</td><td rowspan="1">0</td></tr><tr class="passedodd"><td><a href="#m115">goToWithException</a></td><td rowspan="1">1449222425539</td><td rowspan="1">0</td></tr><tr class="passedeven"><td rowspan="4">parsertest.simplepolymerssectiontest.BetweenParserTest</td><td><a href="#m116">Reading$WithException</a></td><td rowspan="1">1449222426244</td><td rowspan="1">0</td></tr><tr class="passedeven"><td><a href="#m117">goToConnectionsParser</a></td><td rowspan="1">1449222426244</td><td rowspan="1">0</td></tr><tr class="passedeven"><td><a href="#m118">goToInlineAnnotationsParser</a></td><td rowspan="1">1449222426245</td><td rowspan="1">0</td></tr><tr class="passedeven"><td><a href="#m119">goToSimplePolymersParser</a></td><td rowspan="1">1449222426245</td><td rowspan="1">0</td></tr><tr class="passedodd"><td rowspan="5">parsertest.simplepolymerssectiontest.RepeatingMonomerParserTest</td><td><a href="#m120">goToBetweenParser</a></td><td rowspan="1">1449222425539</td><td rowspan="1">1</td></tr><tr class="passedodd"><td><a href="#m121">goToBetweenParserRange</a></td><td rowspan="1">1449222425540</td><td rowspan="1">1</td></tr><tr class="passedodd"><td><a href="#m122">goToBetweenParserRangeWithException</a></td><td rowspan="1">1449222425541</td><td rowspan="1">1</td></tr><tr class="passedodd"><td><a href="#m123">goToBetweenParserWithException</a></td><td rowspan="1">1449222425542</td><td rowspan="1">0</td></tr><tr class="passedodd"><td><a href="#m124">keepThisStateTest</a></td><td rowspan="1">1449222425543</td><td rowspan="1">0</td></tr><tr class="passedeven"><td rowspan="10">parsertest.simplepolymerssectiontest.SimplePolymersNotationParserTest</td><td><a href="#m125">goToBetweenParser</a></td><td rowspan="1">1449222426368</td><td rowspan="1">0</td></tr><tr class="passedeven"><td><a href="#m126">goToInlineAnnotaitonsParser</a></td><td rowspan="1">1449222426369</td><td rowspan="1">0</td></tr><tr class="passedeven"><td><a href="#m127">goToInlineAnnotaitonsParserWithException</a></td><td rowspan="1">1449222426369</td><td rowspan="1">1</td></tr><tr class="passedeven"><td><a href="#m128">goToRepeatingMonomerParser</a></td><td rowspan="1">1449222426370</td><td rowspan="1">0</td></tr><tr class="passedeven"><td><a href="#m129">goToRepeatingMonomerParserWithException</a></td><td rowspan="1">1449222426370</td><td rowspan="1">1</td></tr><tr class="passedeven"><td><a href="#m130">initalizeThisStateTest</a></td><td rowspan="1">1449222426371</td><td rowspan="1">0</td></tr><tr class="passedeven"><td><a href="#m131">initalizeThisStateTestWithException</a></td><td rowspan="1">1449222426372</td><td rowspan="1">0</td></tr><tr class="passedeven"><td><a href="#m132">keepThisStateTest</a></td><td rowspan="1">1449222426372</td><td rowspan="1">0</td></tr><tr class="passedeven"><td><a href="#m133">testSMILESFunction</a></td><td rowspan="1">1449222426373</td><td rowspan="1">0</td></tr><tr class="passedeven"><td><a href="#m134">testSMILESFunctionWithException</a></td><td rowspan="1">1449222426373</td><td rowspan="1">0</td></tr><tr class="passedodd"><td rowspan="4">parsertest.simplepolymerssectiontest.SimplePolymersParserTest</td><td><a href="#m135">goToConnectionSectionTest</a></td><td rowspan="1">1449222426479</td><td rowspan="1">0</td></tr><tr class="passedodd"><td><a href="#m136">goToSimplePolymersNotationParserTest</a></td><td rowspan="1">1449222426479</td><td rowspan="1">1</td></tr><tr class="passedodd"><td><a href="#m137">goToSimplePolymersNotationParserTestWithException</a></td><td rowspan="1">1449222426480</td><td rowspan="1">0</td></tr><tr class="passedodd"><td><a href="#m138">keepThisStateTest</a></td><td rowspan="1">1449222426481</td><td rowspan="1">0</td></tr><tr class="passedeven"><td rowspan="15">parsertest.simplepolymerssectiontest.TestInputSimplePolymerSection</td><td><a href="#m139">testInlineAnnoationsInBrackets</a></td><td rowspan="1">1449222426248</td><td rowspan="1">1</td></tr><tr class="passedeven"><td><a href="#m140">testInlineAnnoationsWithException</a></td><td rowspan="1">1449222426250</td><td rowspan="1">0</td></tr><tr class="passedeven"><td><a href="#m141">testInlineAnnotations</a></td><td rowspan="1">1449222426251</td><td rowspan="1">5</td></tr><tr class="passedeven"><td><a href="#m142">testInlineAnnotationsPolymer</a></td><td rowspan="1">1449222426256</td><td rowspan="1">9</td></tr><tr class="passedeven"><td><a href="#m143">testInlineAnnotationsPolymerUnknown</a></td><td rowspan="1">1449222426265</td><td rowspan="1">1</td></tr><tr class="passedeven"><td><a href="#m144">testInlineAnnotationsPolymerWithException</a></td><td rowspan="1">1449222426266</td><td rowspan="1">4</td></tr><tr class="passedeven"><td><a href="#m145">testLysineThereOrNot</a></td><td rowspan="1">1449222426271</td><td rowspan="1">8</td></tr><tr class="passedeven"><td><a href="#m146">testMonomerRepeating</a></td><td rowspan="1">1449222426279</td><td rowspan="1">1</td></tr><tr class="passedeven"><td><a href="#m147">testMonomerRepeatingRange</a></td><td rowspan="1">1449222426280</td><td rowspan="1">1</td></tr><tr class="passedeven"><td><a href="#m148">testMonomerRepeatingUnits</a></td><td rowspan="1">1449222426281</td><td rowspan="1">2</td></tr><tr class="passedeven"><td><a href="#m149">testMonomerRepeatingUnitsWithException</a></td><td rowspan="1">1449222426284</td><td rowspan="1">0</td></tr><tr class="passedeven"><td><a href="#m150">testNewSimplePolymerType</a></td><td rowspan="1">1449222426284</td><td rowspan="1">3</td></tr><tr class="passedeven"><td><a href="#m151">testRepeatedFragments</a></td><td rowspan="1">1449222426287</td><td rowspan="1">7</td></tr><tr class="passedeven"><td><a href="#m152">testRepeatedFragmentsWithException</a></td><td rowspan="1">1449222426294</td><td rowspan="1">1</td></tr><tr class="passedeven"><td><a href="#m153">testSimpleInput</a></td><td rowspan="1">1449222426296</td><td rowspan="1">9</td></tr></tbody></table><h2>Default test</h2><h3 id="m0">org.helm.notation2.parser.AnnotationNotationTest#testAnnotationNotation</h3><table class="result"></table><p class="totop"><a href="#summary">back to summary</a></p><h3 id="m1">org.helm.notation2.parser.ConnectionNotationTest#testConnectionGrouping</h3><table class="result"></table><p class="totop"><a href="#summary">back to summary</a></p><h3 id="m2">org.helm.notation2.parser.ConnectionNotationTest#testConnectionNotation</h3><table class="result"></table><p class="totop"><a href="#summary">back to summary</a></p><h3 id="m3">org.helm.notation2.parser.ConnectionNotationTest#testConnectionNotationTwo</h3><table class="result"></table><p class="totop"><a href="#summary">back to summary</a></p><h3 id="m4">org.helm.notation2.parser.GroupingNotationTest#testGroupingAndOr</h3><table class="result"></table><p class="totop"><a href="#summary">back to summary</a></p><h3 id="m5">org.helm.notation2.parser.GroupingNotationTest#testGroupingNotationMixture</h3><table class="result"></table><p class="totop"><a href="#summary">back to summary</a></p><h3 id="m6">org.helm.notation2.parser.GroupingNotationTest#testGroupingNotationMixtureRange</h3><table class="result"></table><p class="totop"><a href="#summary">back to summary</a></p><h3 id="m7">org.helm.notation2.parser.GroupingNotationTest#testGroupingNotationMixtureValue</h3><table class="result"></table><p class="totop"><a href="#summary">back to summary</a></p><h3 id="m8">org.helm.notation2.parser.GroupingNotationTest#testGroupingNotationOR</h3><table class="result"></table><p class="totop"><a href="#summary">back to summary</a></p><h3 id="m9">org.helm.notation2.parser.GroupingNotationTest#testGroupingNotationOrDefaultValue</h3><table class="result"></table><p class="totop"><a href="#summary">back to summary</a></p><h3 id="m10">org.helm.notation2.parser.JSONTest#testJSONTest</h3><table class="result"></table><p class="totop"><a href="#summary">back to summary</a></p><h3 id="m11">org.helm.notation2.parser.JSONTest#testJSONTest2</h3><table class="result"></table><p class="totop"><a href="#summary">back to summary</a></p><h3 id="m12">org.helm.notation2.parser.NotationTest#testNegativeInput</h3><table class="result"><tr><th>Expected Exception</th></tr><tr><td><div class="stacktrace">org.helm.notation2.parser.exceptionparser.ExceptionState: 
	at org.helm.notation2.parser.NotationTest.testNegativeInput(NotationTest.java:109)
	at sun.reflect.NativeMethodAccessorImpl.invoke0(Native Method)
	at sun.reflect.NativeMethodAccessorImpl.invoke(Unknown Source)
	at sun.reflect.DelegatingMethodAccessorImpl.invoke(Unknown Source)
	at java.lang.reflect.Method.invoke(Unknown Source)
	at org.testng.internal.MethodInvocationHelper.invokeMethod(MethodInvocationHelper.java:85)
	at org.testng.internal.Invoker.invokeMethod(Invoker.java:639)
	at org.testng.internal.Invoker.invokeTestMethod(Invoker.java:816)
	at org.testng.internal.Invoker.invokeTestMethods(Invoker.java:1124)
	at org.testng.internal.TestMethodWorker.invokeTestMethods(TestMethodWorker.java:125)
	at org.testng.internal.TestMethodWorker.run(TestMethodWorker.java:108)
	at org.testng.TestRunner.privateRun(TestRunner.java:774)
	at org.testng.TestRunner.run(TestRunner.java:624)
	at org.testng.SuiteRunner.runTest(SuiteRunner.java:359)
	at org.testng.SuiteRunner.runSequentially(SuiteRunner.java:354)
	at org.testng.SuiteRunner.privateRun(SuiteRunner.java:312)
	at org.testng.SuiteRunner.run(SuiteRunner.java:261)
	at org.testng.SuiteRunnerWorker.runSuite(SuiteRunnerWorker.java:52)
	at org.testng.SuiteRunnerWorker.run(SuiteRunnerWorker.java:86)
	at org.testng.TestNG.runSuitesSequentially(TestNG.java:1191)
	at org.testng.TestNG.runSuitesLocally(TestNG.java:1116)
	at org.testng.TestNG.run(TestNG.java:1024)
	at org.testng.remote.RemoteTestNG.run(RemoteTestNG.java:112)
	at org.testng.remote.RemoteTestNG.initAndRun(RemoteTestNG.java:205)
	at org.testng.remote.RemoteTestNG.main(RemoteTestNG.java:176)
</div></td></tr></table><p class="totop"><a href="#summary">back to summary</a></p><h3 id="m13">org.helm.notation2.parser.NotationTest#testPositiveInput</h3><table class="result"></table><p class="totop"><a href="#summary">back to summary</a></p><h3 id="m14">org.helm.notation2.parser.OutputWriterTest#testHELM2Output</h3><table class="result"></table><p class="totop"><a href="#summary">back to summary</a></p><h3 id="m15">org.helm.notation2.parser.OutputWriterTest#testHELM2OutputExtended</h3><table class="result"></table><p class="totop"><a href="#summary">back to summary</a></p><h3 id="m16">org.helm.notation2.parser.PolymerNotationTest#testGroupRepeating</h3><table class="result"></table><p class="totop"><a href="#summary">back to summary</a></p><h3 id="m17">org.helm.notation2.parser.PolymerNotationTest#testInputCount</h3><table class="result"></table><p class="totop"><a href="#summary">back to summary</a></p><h3 id="m18">org.helm.notation2.parser.PolymerNotationTest#testInputGroupMixture</h3><table class="result"></table><p class="totop"><a href="#summary">back to summary</a></p><h3 id="m19">org.helm.notation2.parser.PolymerNotationTest#testInputGroupOr</h3><table class="result"></table><p class="totop"><a href="#summary">back to summary</a></p><h3 id="m20">org.helm.notation2.parser.PolymerNotationTest#testSimpleInput</h3><table class="result"></table><p class="totop"><a href="#summary">back to summary</a></p><h3 id="m21">org.helm.notation2.parser.annotation.AnnotationNotationTest#testAnnotationConstructor</h3><table class="result"></table><p class="totop"><a href="#summary">back to summary</a></p><h3 id="m22">org.helm.notation2.parser.grouping.GroupingAmbiguityTest#testGrouping</h3><table class="result"></table><p class="totop"><a href="#summary">back to summary</a></p><h3 id="m23">org.helm.notation2.parser.grouping.GroupingElementTest#testConstructor</h3><table class="result"></table><p class="totop"><a href="#summary">back to summary</a></p><h3 id="m24">org.helm.notation2.parser.grouping.GroupingElementTest#testConstructorTwo</h3><table class="result"></table><p class="totop"><a href="#summary">back to summary</a></p><h3 id="m25">org.helm.notation2.parser.grouping.GroupingNotationTest#testConstructor</h3><table class="result"></table><p class="totop"><a href="#summary">back to summary</a></p><h3 id="m26">org.helm.notation2.parser.grouping.GroupingNotationTest#testConstructorAmbiguityAND</h3><table class="result"></table><p class="totop"><a href="#summary">back to summary</a></p><h3 id="m27">org.helm.notation2.parser.grouping.GroupingNotationTest#testConstructorAmbiguityOR</h3><table class="result"></table><p class="totop"><a href="#summary">back to summary</a></p><h3 id="m28">org.helm.notation2.parser.grouping.GroupingNotationTest#testConstructorWithException</h3><table class="result"><tr><th>Expected Exception</th></tr><tr><td><div class="stacktrace">org.helm.notation2.parser.exceptionparser.NotationException: Group Id is not correct: 1
	at org.helm.notation2.parser.notation.grouping.GroupingNotation.&lt;init&gt;(GroupingNotation.java:53)
	at org.helm.notation2.parser.grouping.GroupingNotationTest.testConstructorWithException(GroupingNotationTest.java:45)
	at sun.reflect.NativeMethodAccessorImpl.invoke0(Native Method)
	at sun.reflect.NativeMethodAccessorImpl.invoke(Unknown Source)
	at sun.reflect.DelegatingMethodAccessorImpl.invoke(Unknown Source)
	at java.lang.reflect.Method.invoke(Unknown Source)
	at org.testng.internal.MethodInvocationHelper.invokeMethod(MethodInvocationHelper.java:85)
	at org.testng.internal.Invoker.invokeMethod(Invoker.java:639)
	at org.testng.internal.Invoker.invokeTestMethod(Invoker.java:816)
	at org.testng.internal.Invoker.invokeTestMethods(Invoker.java:1124)
	at org.testng.internal.TestMethodWorker.invokeTestMethods(TestMethodWorker.java:125)
	at org.testng.internal.TestMethodWorker.run(TestMethodWorker.java:108)
	at org.testng.TestRunner.privateRun(TestRunner.java:774)
	at org.testng.TestRunner.run(TestRunner.java:624)
	at org.testng.SuiteRunner.runTest(SuiteRunner.java:359)
	at org.testng.SuiteRunner.runSequentially(SuiteRunner.java:354)
	at org.testng.SuiteRunner.privateRun(SuiteRunner.java:312)
	at org.testng.SuiteRunner.run(SuiteRunner.java:261)
	at org.testng.SuiteRunnerWorker.runSuite(SuiteRunnerWorker.java:52)
	at org.testng.SuiteRunnerWorker.run(SuiteRunnerWorker.java:86)
	at org.testng.TestNG.runSuitesSequentially(TestNG.java:1191)
	at org.testng.TestNG.runSuitesLocally(TestNG.java:1116)
	at org.testng.TestNG.run(TestNG.java:1024)
	at org.testng.remote.RemoteTestNG.run(RemoteTestNG.java:112)
	at org.testng.remote.RemoteTestNG.initAndRun(RemoteTestNG.java:205)
	at org.testng.remote.RemoteTestNG.main(RemoteTestNG.java:176)
</div></td></tr></table><p class="totop"><a href="#summary">back to summary</a></p><h3 id="m29">org.helm.notation2.parser.polymer.EntityTest#testEntity</h3><table class="result"></table><p class="totop"><a href="#summary">back to summary</a></p><h3 id="m30">org.helm.notation2.parser.polymer.MonomerNotationGroupGroupElementTest#testConstructor</h3><table class="result"></table><p class="totop"><a href="#summary">back to summary</a></p><h3 id="m31">org.helm.notation2.parser.polymer.MonomerNotationGroupGroupElementTest#testConstructorRange</h3><table class="result"></table><p class="totop"><a href="#summary">back to summary</a></p><h3 id="m32">org.helm.notation2.parser.polymer.MonomerNotationGroupTest#MonomerNotationGroupTestAND</h3><table class="result"></table><p class="totop"><a href="#summary">back to summary</a></p><h3 id="m33">org.helm.notation2.parser.polymer.MonomerNotationGroupTest#MonomerNotationGroupTestOr</h3><table class="result"></table><p class="totop"><a href="#summary">back to summary</a></p><h3 id="m34">org.helm.notation2.parser.polymer.MonomerNotationTest#testMonomerNotationAnnotation</h3><table class="result"></table><p class="totop"><a href="#summary">back to summary</a></p><h3 id="m35">org.helm.notation2.parser.polymer.MonomerNotationTest#testMonomerNotationCount</h3><table class="result"></table><p class="totop"><a href="#summary">back to summary</a></p><h3 id="m36">org.helm.notation2.parser.polymer.MonomerNotationTest#testMonomerNotationDefaultAnnotation</h3><table class="result"></table><p class="totop"><a href="#summary">back to summary</a></p><h3 id="m37">org.helm.notation2.parser.polymer.MonomerNotationTest#testMonomerNotationDefaultCount</h3><table class="result"></table><p class="totop"><a href="#summary">back to summary</a></p><h3 id="m38">org.helm.notation2.parser.polymer.MonomerNotationTest#testMonomerNotationID</h3><table class="result"></table><p class="totop"><a href="#summary">back to summary</a></p><h3 id="m39">org.helm.notation2.parser.polymer.MonomerNotationTest#testMonomerNotationIDValue</h3><table class="result"></table><p class="totop"><a href="#summary">back to summary</a></p><h3 id="m40">org.helm.notation2.parser.polymer.MonomerNotationTest#testMonomerNotationID_</h3><table class="result"></table><p class="totop"><a href="#summary">back to summary</a></p><h3 id="m41">org.helm.notation2.parser.polymer.MonomerNotationUnitRNATest#testMonomerNotationUnitRNA</h3><table class="result"></table><p class="totop"><a href="#summary">back to summary</a></p><h3 id="m42">org.helm.notation2.parser.polymer.MonomerNotationUnitRNATest#testMonomerNotationUnitRNAContents</h3><table class="result"></table><p class="totop"><a href="#summary">back to summary</a></p><h3 id="m43">org.helm.notation2.parser.polymer.MonomerNotationUnitRNATest#testMonomerNotationUnitRNAContentsSpecial</h3><table class="result"></table><p class="totop"><a href="#summary">back to summary</a></p><h3 id="m44">org.helm.notation2.parser.polymer.MonomerNotationUnitRNATest#testMonomerNotationUnitRNAContentsSpecialFive</h3><table class="result"></table><p class="totop"><a href="#summary">back to summary</a></p><h3 id="m45">org.helm.notation2.parser.polymer.MonomerNotationUnitRNATest#testMonomerNotationUnitRNAContentsSpecialFour</h3><table class="result"></table><p class="totop"><a href="#summary">back to summary</a></p><h3 id="m46">org.helm.notation2.parser.polymer.MonomerNotationUnitRNATest#testMonomerNotationUnitRNAContentsSpecialSeven</h3><table class="result"></table><p class="totop"><a href="#summary">back to summary</a></p><h3 id="m47">org.helm.notation2.parser.polymer.MonomerNotationUnitRNATest#testMonomerNotationUnitRNAContentsSpecialSix</h3><table class="result"></table><p class="totop"><a href="#summary">back to summary</a></p><h3 id="m48">org.helm.notation2.parser.polymer.MonomerNotationUnitRNATest#testMonomerNotationUnitRNAContentsSpecialThree</h3><table class="result"></table><p class="totop"><a href="#summary">back to summary</a></p><h3 id="m49">org.helm.notation2.parser.polymer.MonomerNotationUnitRNATest#testMonomerNotationUnitRNAContentsSpecialTwo</h3><table class="result"></table><p class="totop"><a href="#summary">back to summary</a></p><h3 id="m50">org.helm.notation2.parser.polymer.PolymerElementsTest#testConstructorList</h3><table class="result"></table><p class="totop"><a href="#summary">back to summary</a></p><h3 id="m51">org.helm.notation2.parser.polymer.PolymerElementsTest#testConstructorSingle</h3><table class="result"><tr><th>Expected Exception</th></tr><tr><td><div class="stacktrace">org.helm.notation2.parser.exceptionparser.SimplePolymerSectionException: Only one Monomer unit is allowed for CHEM and BLOB
	at org.helm.notation2.parser.notation.polymer.PolymerSingleElements.addMonomerNotation(PolymerSingleElements.java:72)
	at org.helm.notation2.parser.polymer.PolymerElementsTest.testConstructorSingle(PolymerElementsTest.java:58)
	at sun.reflect.NativeMethodAccessorImpl.invoke0(Native Method)
	at sun.reflect.NativeMethodAccessorImpl.invoke(Unknown Source)
	at sun.reflect.DelegatingMethodAccessorImpl.invoke(Unknown Source)
	at java.lang.reflect.Method.invoke(Unknown Source)
	at org.testng.internal.MethodInvocationHelper.invokeMethod(MethodInvocationHelper.java:85)
	at org.testng.internal.Invoker.invokeMethod(Invoker.java:639)
	at org.testng.internal.Invoker.invokeTestMethod(Invoker.java:816)
	at org.testng.internal.Invoker.invokeTestMethods(Invoker.java:1124)
	at org.testng.internal.TestMethodWorker.invokeTestMethods(TestMethodWorker.java:125)
	at org.testng.internal.TestMethodWorker.run(TestMethodWorker.java:108)
	at org.testng.TestRunner.privateRun(TestRunner.java:774)
	at org.testng.TestRunner.run(TestRunner.java:624)
	at org.testng.SuiteRunner.runTest(SuiteRunner.java:359)
	at org.testng.SuiteRunner.runSequentially(SuiteRunner.java:354)
	at org.testng.SuiteRunner.privateRun(SuiteRunner.java:312)
	at org.testng.SuiteRunner.run(SuiteRunner.java:261)
	at org.testng.SuiteRunnerWorker.runSuite(SuiteRunnerWorker.java:52)
	at org.testng.SuiteRunnerWorker.run(SuiteRunnerWorker.java:86)
	at org.testng.TestNG.runSuitesSequentially(TestNG.java:1191)
	at org.testng.TestNG.runSuitesLocally(TestNG.java:1116)
	at org.testng.TestNG.run(TestNG.java:1024)
	at org.testng.remote.RemoteTestNG.run(RemoteTestNG.java:112)
	at org.testng.remote.RemoteTestNG.initAndRun(RemoteTestNG.java:205)
	at org.testng.remote.RemoteTestNG.main(RemoteTestNG.java:176)
</div></td></tr></table><p class="totop"><a href="#summary">back to summary</a></p><h3 id="m52">org.helm.notation2.parser.polymer.PolymerNotationTest#testPolymerNotationAnnotation</h3><table class="result"></table><p class="totop"><a href="#summary">back to summary</a></p><h3 id="m53">org.helm.notation2.parser.polymer.PolymerNotationTest#testPolymerNotationIDBLOB</h3><table class="result"></table><p class="totop"><a href="#summary">back to summary</a></p><h3 id="m54">org.helm.notation2.parser.polymer.PolymerNotationTest#testPolymerNotationIDBLOBWithException</h3><table class="result"><tr><th>Expected Exception</th></tr><tr><td><div class="stacktrace">org.helm.notation2.parser.exceptionparser.NotationException: ID is wrong: BLO1
	at org.helm.notation2.parser.notation.ValidationMethod.decideWhichEntity(ValidationMethod.java:175)
	at org.helm.notation2.parser.notation.polymer.PolymerNotation.&lt;init&gt;(PolymerNotation.java:65)
	at org.helm.notation2.parser.polymer.PolymerNotationTest.testPolymerNotationIDBLOBWithException(PolymerNotationTest.java:77)
	at sun.reflect.NativeMethodAccessorImpl.invoke0(Native Method)
	at sun.reflect.NativeMethodAccessorImpl.invoke(Unknown Source)
	at sun.reflect.DelegatingMethodAccessorImpl.invoke(Unknown Source)
	at java.lang.reflect.Method.invoke(Unknown Source)
	at org.testng.internal.MethodInvocationHelper.invokeMethod(MethodInvocationHelper.java:85)
	at org.testng.internal.Invoker.invokeMethod(Invoker.java:639)
	at org.testng.internal.Invoker.invokeTestMethod(Invoker.java:816)
	at org.testng.internal.Invoker.invokeTestMethods(Invoker.java:1124)
	at org.testng.internal.TestMethodWorker.invokeTestMethods(TestMethodWorker.java:125)
	at org.testng.internal.TestMethodWorker.run(TestMethodWorker.java:108)
	at org.testng.TestRunner.privateRun(TestRunner.java:774)
	at org.testng.TestRunner.run(TestRunner.java:624)
	at org.testng.SuiteRunner.runTest(SuiteRunner.java:359)
	at org.testng.SuiteRunner.runSequentially(SuiteRunner.java:354)
	at org.testng.SuiteRunner.privateRun(SuiteRunner.java:312)
	at org.testng.SuiteRunner.run(SuiteRunner.java:261)
	at org.testng.SuiteRunnerWorker.runSuite(SuiteRunnerWorker.java:52)
	at org.testng.SuiteRunnerWorker.run(SuiteRunnerWorker.java:86)
	at org.testng.TestNG.runSuitesSequentially(TestNG.java:1191)
	at org.testng.TestNG.runSuitesLocally(TestNG.java:1116)
	at org.testng.TestNG.run(TestNG.java:1024)
	at org.testng.remote.RemoteTestNG.run(RemoteTestNG.java:112)
	at org.testng.remote.RemoteTestNG.initAndRun(RemoteTestNG.java:205)
	at org.testng.remote.RemoteTestNG.main(RemoteTestNG.java:176)
</div></td></tr></table><p class="totop"><a href="#summary">back to summary</a></p><h3 id="m55">org.helm.notation2.parser.polymer.PolymerNotationTest#testPolymerNotationIDCHEM</h3><table class="result"></table><p class="totop"><a href="#summary">back to summary</a></p><h3 id="m56">org.helm.notation2.parser.polymer.PolymerNotationTest#testPolymerNotationIDPEPTIDE</h3><table class="result"></table><p class="totop"><a href="#summary">back to summary</a></p><h3 id="m57">org.helm.notation2.parser.polymer.PolymerNotationTest#testPolymerNotationIDRNA</h3><table class="result"></table><p class="totop"><a href="#summary">back to summary</a></p><h3 id="m58">parsertest.ConverterHELM1ToHELM2Test#SMILESTest</h3><table class="result"></table><p class="totop"><a href="#summary">back to summary</a></p><h3 id="m59">parsertest.ConverterHELM1ToHELM2Test#simpleHELM1StringTest</h3><table class="result"></table><p class="totop"><a href="#summary">back to summary</a></p><h3 id="m60">parsertest.FinalStateTest#goToFinalStateWithException</h3><table class="result"><tr><th>Expected Exception</th></tr><tr><td><div class="stacktrace">org.helm.notation2.parser.exceptionparser.FinalStateException: Additional characters after the final $
	at org.helm.notation2.parser.FinalState.doAction(FinalState.java:57)
	at org.helm.notation2.parser.StateMachineParser.doAction(StateMachineParser.java:86)
	at parsertest.FinalStateTest.goToFinalStateWithException(FinalStateTest.java:55)
	at sun.reflect.NativeMethodAccessorImpl.invoke0(Native Method)
	at sun.reflect.NativeMethodAccessorImpl.invoke(Unknown Source)
	at sun.reflect.DelegatingMethodAccessorImpl.invoke(Unknown Source)
	at java.lang.reflect.Method.invoke(Unknown Source)
	at org.testng.internal.MethodInvocationHelper.invokeMethod(MethodInvocationHelper.java:85)
	at org.testng.internal.Invoker.invokeMethod(Invoker.java:639)
	at org.testng.internal.Invoker.invokeTestMethod(Invoker.java:816)
	at org.testng.internal.Invoker.invokeTestMethods(Invoker.java:1124)
	at org.testng.internal.TestMethodWorker.invokeTestMethods(TestMethodWorker.java:125)
	at org.testng.internal.TestMethodWorker.run(TestMethodWorker.java:108)
	at org.testng.TestRunner.privateRun(TestRunner.java:774)
	at org.testng.TestRunner.run(TestRunner.java:624)
	at org.testng.SuiteRunner.runTest(SuiteRunner.java:359)
	at org.testng.SuiteRunner.runSequentially(SuiteRunner.java:354)
	at org.testng.SuiteRunner.privateRun(SuiteRunner.java:312)
	at org.testng.SuiteRunner.run(SuiteRunner.java:261)
	at org.testng.SuiteRunnerWorker.runSuite(SuiteRunnerWorker.java:52)
	at org.testng.SuiteRunnerWorker.run(SuiteRunnerWorker.java:86)
	at org.testng.TestNG.runSuitesSequentially(TestNG.java:1191)
	at org.testng.TestNG.runSuitesLocally(TestNG.java:1116)
	at org.testng.TestNG.run(TestNG.java:1024)
	at org.testng.remote.RemoteTestNG.run(RemoteTestNG.java:112)
	at org.testng.remote.RemoteTestNG.initAndRun(RemoteTestNG.java:205)
	at org.testng.remote.RemoteTestNG.main(RemoteTestNG.java:176)
</div></td></tr></table><p class="totop"><a href="#summary">back to summary</a></p><h3 id="m61">parsertest.InlineAnnotationsParserTest#goToBetweenInlineConnectionParser</h3><table class="result"></table><p class="totop"><a href="#summary">back to summary</a></p><h3 id="m62">parsertest.InlineAnnotationsParserTest#goToBetweenParser</h3><table class="result"></table><p class="totop"><a href="#summary">back to summary</a></p><h3 id="m63">parsertest.InlineAnnotationsParserTest#goToSimplePolymersNotationParserParser</h3><table class="result"></table><p class="totop"><a href="#summary">back to summary</a></p><h3 id="m64">parsertest.InlineAnnotationsParserTest#keepThisState</h3><table class="result"></table><p class="totop"><a href="#summary">back to summary</a></p><h3 id="m65">parsertest.annotationsectiontest.AnnotationParserTest#goToFinalState</h3><table class="result"></table><p class="totop"><a href="#summary">back to summary</a></p><h3 id="m66">parsertest.annotationsectiontest.AnnotationParserTest#keepThisState</h3><table class="result"></table><p class="totop"><a href="#summary">back to summary</a></p><h3 id="m67">parsertest.annotationsectiontest.AnnotationParserTest#keepToFinalStateWithException</h3><table class="result"><tr><th>Expected Exception</th></tr><tr><td><div class="stacktrace">org.helm.notation2.parser.exceptionparser.AnnotationSectionException: Annotation section is not valid: H(
	at org.helm.notation2.parser.annotationsection.AnnotationsParser.doAction(AnnotationsParser.java:80)
	at org.helm.notation2.parser.StateMachineParser.doAction(StateMachineParser.java:86)
	at parsertest.annotationsectiontest.AnnotationParserTest.keepToFinalStateWithException(AnnotationParserTest.java:59)
	at sun.reflect.NativeMethodAccessorImpl.invoke0(Native Method)
	at sun.reflect.NativeMethodAccessorImpl.invoke(Unknown Source)
	at sun.reflect.DelegatingMethodAccessorImpl.invoke(Unknown Source)
	at java.lang.reflect.Method.invoke(Unknown Source)
	at org.testng.internal.MethodInvocationHelper.invokeMethod(MethodInvocationHelper.java:85)
	at org.testng.internal.Invoker.invokeMethod(Invoker.java:639)
	at org.testng.internal.Invoker.invokeTestMethod(Invoker.java:816)
	at org.testng.internal.Invoker.invokeTestMethods(Invoker.java:1124)
	at org.testng.internal.TestMethodWorker.invokeTestMethods(TestMethodWorker.java:125)
	at org.testng.internal.TestMethodWorker.run(TestMethodWorker.java:108)
	at org.testng.TestRunner.privateRun(TestRunner.java:774)
	at org.testng.TestRunner.run(TestRunner.java:624)
	at org.testng.SuiteRunner.runTest(SuiteRunner.java:359)
	at org.testng.SuiteRunner.runSequentially(SuiteRunner.java:354)
	at org.testng.SuiteRunner.privateRun(SuiteRunner.java:312)
	at org.testng.SuiteRunner.run(SuiteRunner.java:261)
	at org.testng.SuiteRunnerWorker.runSuite(SuiteRunnerWorker.java:52)
	at org.testng.SuiteRunnerWorker.run(SuiteRunnerWorker.java:86)
	at org.testng.TestNG.runSuitesSequentially(TestNG.java:1191)
	at org.testng.TestNG.runSuitesLocally(TestNG.java:1116)
	at org.testng.TestNG.run(TestNG.java:1024)
	at org.testng.remote.RemoteTestNG.run(RemoteTestNG.java:112)
	at org.testng.remote.RemoteTestNG.initAndRun(RemoteTestNG.java:205)
	at org.testng.remote.RemoteTestNG.main(RemoteTestNG.java:176)
</div></td></tr></table><p class="totop"><a href="#summary">back to summary</a></p><h3 id="m68">parsertest.annotationsectiontest.TestInputAnnotationSection#testSimpleInput</h3><table class="result"></table><p class="totop"><a href="#summary">back to summary</a></p><h3 id="m69">parsertest.connectionsectiontest.BetweenInlineConnectionParserTest#Reading$WithException</h3><table class="result"><tr><th>Expected Exception</th></tr><tr><td><div class="stacktrace">org.helm.notation2.parser.exceptionparser.ConnectionSectionException: Invalid character after inline annotation in connection section: h
	at org.helm.notation2.parser.connectionsection.BetweenInlineConnectionParser.doAction(BetweenInlineConnectionParser.java:75)
	at org.helm.notation2.parser.StateMachineParser.doAction(StateMachineParser.java:86)
	at parsertest.connectionsectiontest.BetweenInlineConnectionParserTest.Reading$WithException(BetweenInlineConnectionParserTest.java:69)
	at sun.reflect.NativeMethodAccessorImpl.invoke0(Native Method)
	at sun.reflect.NativeMethodAccessorImpl.invoke(Unknown Source)
	at sun.reflect.DelegatingMethodAccessorImpl.invoke(Unknown Source)
	at java.lang.reflect.Method.invoke(Unknown Source)
	at org.testng.internal.MethodInvocationHelper.invokeMethod(MethodInvocationHelper.java:85)
	at org.testng.internal.Invoker.invokeMethod(Invoker.java:639)
	at org.testng.internal.Invoker.invokeTestMethod(Invoker.java:816)
	at org.testng.internal.Invoker.invokeTestMethods(Invoker.java:1124)
	at org.testng.internal.TestMethodWorker.invokeTestMethods(TestMethodWorker.java:125)
	at org.testng.internal.TestMethodWorker.run(TestMethodWorker.java:108)
	at org.testng.TestRunner.privateRun(TestRunner.java:774)
	at org.testng.TestRunner.run(TestRunner.java:624)
	at org.testng.SuiteRunner.runTest(SuiteRunner.java:359)
	at org.testng.SuiteRunner.runSequentially(SuiteRunner.java:354)
	at org.testng.SuiteRunner.privateRun(SuiteRunner.java:312)
	at org.testng.SuiteRunner.run(SuiteRunner.java:261)
	at org.testng.SuiteRunnerWorker.runSuite(SuiteRunnerWorker.java:52)
	at org.testng.SuiteRunnerWorker.run(SuiteRunnerWorker.java:86)
	at org.testng.TestNG.runSuitesSequentially(TestNG.java:1191)
	at org.testng.TestNG.runSuitesLocally(TestNG.java:1116)
	at org.testng.TestNG.run(TestNG.java:1024)
	at org.testng.remote.RemoteTestNG.run(RemoteTestNG.java:112)
	at org.testng.remote.RemoteTestNG.initAndRun(RemoteTestNG.java:205)
	at org.testng.remote.RemoteTestNG.main(RemoteTestNG.java:176)
</div></td></tr></table><p class="totop"><a href="#summary">back to summary</a></p><h3 id="m70">parsertest.connectionsectiontest.BetweenInlineConnectionParserTest#goToConnectionsParser</h3><table class="result"></table><p class="totop"><a href="#summary">back to summary</a></p><h3 id="m71">parsertest.connectionsectiontest.BetweenInlineConnectionParserTest#goToGroupingSection</h3><table class="result"></table><p class="totop"><a href="#summary">back to summary</a></p><h3 id="m72">parsertest.connectionsectiontest.ConnectionsDetailsParserTest#goToGroupingParser</h3><table class="result"></table><p class="totop"><a href="#summary">back to summary</a></p><h3 id="m73">parsertest.connectionsectiontest.ConnectionsDetailsParserTest#goToGroupingParserWithException</h3><table class="result"><tr><th>Expected Exception</th></tr><tr><td><div class="stacktrace">org.helm.notation2.parser.exceptionparser.ConnectionSectionException: Details about the connection are not correct: hallo
	at org.helm.notation2.parser.connectionsection.ConnectionsDetailsParser.doAction(ConnectionsDetailsParser.java:103)
	at org.helm.notation2.parser.StateMachineParser.doAction(StateMachineParser.java:86)
	at parsertest.connectionsectiontest.ConnectionsDetailsParserTest.goToGroupingParserWithException(ConnectionsDetailsParserTest.java:72)
	at sun.reflect.NativeMethodAccessorImpl.invoke0(Native Method)
	at sun.reflect.NativeMethodAccessorImpl.invoke(Unknown Source)
	at sun.reflect.DelegatingMethodAccessorImpl.invoke(Unknown Source)
	at java.lang.reflect.Method.invoke(Unknown Source)
	at org.testng.internal.MethodInvocationHelper.invokeMethod(MethodInvocationHelper.java:85)
	at org.testng.internal.Invoker.invokeMethod(Invoker.java:639)
	at org.testng.internal.Invoker.invokeTestMethod(Invoker.java:816)
	at org.testng.internal.Invoker.invokeTestMethods(Invoker.java:1124)
	at org.testng.internal.TestMethodWorker.invokeTestMethods(TestMethodWorker.java:125)
	at org.testng.internal.TestMethodWorker.run(TestMethodWorker.java:108)
	at org.testng.TestRunner.privateRun(TestRunner.java:774)
	at org.testng.TestRunner.run(TestRunner.java:624)
	at org.testng.SuiteRunner.runTest(SuiteRunner.java:359)
	at org.testng.SuiteRunner.runSequentially(SuiteRunner.java:354)
	at org.testng.SuiteRunner.privateRun(SuiteRunner.java:312)
	at org.testng.SuiteRunner.run(SuiteRunner.java:261)
	at org.testng.SuiteRunnerWorker.runSuite(SuiteRunnerWorker.java:52)
	at org.testng.SuiteRunnerWorker.run(SuiteRunnerWorker.java:86)
	at org.testng.TestNG.runSuitesSequentially(TestNG.java:1191)
	at org.testng.TestNG.runSuitesLocally(TestNG.java:1116)
	at org.testng.TestNG.run(TestNG.java:1024)
	at org.testng.remote.RemoteTestNG.run(RemoteTestNG.java:112)
	at org.testng.remote.RemoteTestNG.initAndRun(RemoteTestNG.java:205)
	at org.testng.remote.RemoteTestNG.main(RemoteTestNG.java:176)
</div></td></tr></table><p class="totop"><a href="#summary">back to summary</a></p><h3 id="m74">parsertest.connectionsectiontest.ConnectionsDetailsParserTest#goToInlineAnnotationsParser</h3><table class="result"></table><p class="totop"><a href="#summary">back to summary</a></p><h3 id="m75">parsertest.connectionsectiontest.ConnectionsDetailsParserTest#goToInlineAnnotationsParserWithException</h3><table class="result"><tr><th>Expected Exception</th></tr><tr><td><div class="stacktrace">org.helm.notation2.parser.exceptionparser.ConnectionSectionException: Details about the connection are not correct: hallo
	at org.helm.notation2.parser.connectionsection.ConnectionsDetailsParser.doAction(ConnectionsDetailsParser.java:122)
	at org.helm.notation2.parser.StateMachineParser.doAction(StateMachineParser.java:86)
	at parsertest.connectionsectiontest.ConnectionsDetailsParserTest.goToInlineAnnotationsParserWithException(ConnectionsDetailsParserTest.java:96)
	at sun.reflect.NativeMethodAccessorImpl.invoke0(Native Method)
	at sun.reflect.NativeMethodAccessorImpl.invoke(Unknown Source)
	at sun.reflect.DelegatingMethodAccessorImpl.invoke(Unknown Source)
	at java.lang.reflect.Method.invoke(Unknown Source)
	at org.testng.internal.MethodInvocationHelper.invokeMethod(MethodInvocationHelper.java:85)
	at org.testng.internal.Invoker.invokeMethod(Invoker.java:639)
	at org.testng.internal.Invoker.invokeTestMethod(Invoker.java:816)
	at org.testng.internal.Invoker.invokeTestMethods(Invoker.java:1124)
	at org.testng.internal.TestMethodWorker.invokeTestMethods(TestMethodWorker.java:125)
	at org.testng.internal.TestMethodWorker.run(TestMethodWorker.java:108)
	at org.testng.TestRunner.privateRun(TestRunner.java:774)
	at org.testng.TestRunner.run(TestRunner.java:624)
	at org.testng.SuiteRunner.runTest(SuiteRunner.java:359)
	at org.testng.SuiteRunner.runSequentially(SuiteRunner.java:354)
	at org.testng.SuiteRunner.privateRun(SuiteRunner.java:312)
	at org.testng.SuiteRunner.run(SuiteRunner.java:261)
	at org.testng.SuiteRunnerWorker.runSuite(SuiteRunnerWorker.java:52)
	at org.testng.SuiteRunnerWorker.run(SuiteRunnerWorker.java:86)
	at org.testng.TestNG.runSuitesSequentially(TestNG.java:1191)
	at org.testng.TestNG.runSuitesLocally(TestNG.java:1116)
	at org.testng.TestNG.run(TestNG.java:1024)
	at org.testng.remote.RemoteTestNG.run(RemoteTestNG.java:112)
	at org.testng.remote.RemoteTestNG.initAndRun(RemoteTestNG.java:205)
	at org.testng.remote.RemoteTestNG.main(RemoteTestNG.java:176)
</div></td></tr></table><p class="totop"><a href="#summary">back to summary</a></p><h3 id="m76">parsertest.connectionsectiontest.ConnectionsDetailsParserTest#keepThisState</h3><table class="result"></table><p class="totop"><a href="#summary">back to summary</a></p><h3 id="m77">parsertest.connectionsectiontest.ConnectionsParserTest#goToConnectionsReadSecondIDParser</h3><table class="result"></table><p class="totop"><a href="#summary">back to summary</a></p><h3 id="m78">parsertest.connectionsectiontest.ConnectionsParserTest#goToConnectionsReadSecondIDParserWithException</h3><table class="result"><tr><th>Expected Exception</th></tr><tr><td><div class="stacktrace">org.helm.notation2.parser.exceptionparser.ConnectionSectionException: Source polymer id is not correct in the connection section: PEPTID
	at org.helm.notation2.parser.connectionsection.ConnectionsParser.doAction(ConnectionsParser.java:88)
	at org.helm.notation2.parser.StateMachineParser.doAction(StateMachineParser.java:86)
	at parsertest.connectionsectiontest.ConnectionsParserTest.goToConnectionsReadSecondIDParserWithException(ConnectionsParserTest.java:96)
	at sun.reflect.NativeMethodAccessorImpl.invoke0(Native Method)
	at sun.reflect.NativeMethodAccessorImpl.invoke(Unknown Source)
	at sun.reflect.DelegatingMethodAccessorImpl.invoke(Unknown Source)
	at java.lang.reflect.Method.invoke(Unknown Source)
	at org.testng.internal.MethodInvocationHelper.invokeMethod(MethodInvocationHelper.java:85)
	at org.testng.internal.Invoker.invokeMethod(Invoker.java:639)
	at org.testng.internal.Invoker.invokeTestMethod(Invoker.java:816)
	at org.testng.internal.Invoker.invokeTestMethods(Invoker.java:1124)
	at org.testng.internal.TestMethodWorker.invokeTestMethods(TestMethodWorker.java:125)
	at org.testng.internal.TestMethodWorker.run(TestMethodWorker.java:108)
	at org.testng.TestRunner.privateRun(TestRunner.java:774)
	at org.testng.TestRunner.run(TestRunner.java:624)
	at org.testng.SuiteRunner.runTest(SuiteRunner.java:359)
	at org.testng.SuiteRunner.runSequentially(SuiteRunner.java:354)
	at org.testng.SuiteRunner.privateRun(SuiteRunner.java:312)
	at org.testng.SuiteRunner.run(SuiteRunner.java:261)
	at org.testng.SuiteRunnerWorker.runSuite(SuiteRunnerWorker.java:52)
	at org.testng.SuiteRunnerWorker.run(SuiteRunnerWorker.java:86)
	at org.testng.TestNG.runSuitesSequentially(TestNG.java:1191)
	at org.testng.TestNG.runSuitesLocally(TestNG.java:1116)
	at org.testng.TestNG.run(TestNG.java:1024)
	at org.testng.remote.RemoteTestNG.run(RemoteTestNG.java:112)
	at org.testng.remote.RemoteTestNG.initAndRun(RemoteTestNG.java:205)
	at org.testng.remote.RemoteTestNG.main(RemoteTestNG.java:176)
</div></td></tr></table><p class="totop"><a href="#summary">back to summary</a></p><h3 id="m79">parsertest.connectionsectiontest.ConnectionsParserTest#goToGroupingParser</h3><table class="result"></table><p class="totop"><a href="#summary">back to summary</a></p><h3 id="m80">parsertest.connectionsectiontest.ConnectionsParserTest#goToGroupingParserWithException</h3><table class="result"><tr><th>Expected Exception</th></tr><tr><td><div class="stacktrace">org.helm.notation2.parser.exceptionparser.ConnectionSectionException: Missing target polymer id: 
	at org.helm.notation2.parser.connectionsection.ConnectionsParser.doAction(ConnectionsParser.java:77)
	at org.helm.notation2.parser.StateMachineParser.doAction(StateMachineParser.java:86)
	at parsertest.connectionsectiontest.ConnectionsParserTest.goToGroupingParserWithException(ConnectionsParserTest.java:70)
	at sun.reflect.NativeMethodAccessorImpl.invoke0(Native Method)
	at sun.reflect.NativeMethodAccessorImpl.invoke(Unknown Source)
	at sun.reflect.DelegatingMethodAccessorImpl.invoke(Unknown Source)
	at java.lang.reflect.Method.invoke(Unknown Source)
	at org.testng.internal.MethodInvocationHelper.invokeMethod(MethodInvocationHelper.java:85)
	at org.testng.internal.Invoker.invokeMethod(Invoker.java:639)
	at org.testng.internal.Invoker.invokeTestMethod(Invoker.java:816)
	at org.testng.internal.Invoker.invokeTestMethods(Invoker.java:1124)
	at org.testng.internal.TestMethodWorker.invokeTestMethods(TestMethodWorker.java:125)
	at org.testng.internal.TestMethodWorker.run(TestMethodWorker.java:108)
	at org.testng.TestRunner.privateRun(TestRunner.java:774)
	at org.testng.TestRunner.run(TestRunner.java:624)
	at org.testng.SuiteRunner.runTest(SuiteRunner.java:359)
	at org.testng.SuiteRunner.runSequentially(SuiteRunner.java:354)
	at org.testng.SuiteRunner.privateRun(SuiteRunner.java:312)
	at org.testng.SuiteRunner.run(SuiteRunner.java:261)
	at org.testng.SuiteRunnerWorker.runSuite(SuiteRunnerWorker.java:52)
	at org.testng.SuiteRunnerWorker.run(SuiteRunnerWorker.java:86)
	at org.testng.TestNG.runSuitesSequentially(TestNG.java:1191)
	at org.testng.TestNG.runSuitesLocally(TestNG.java:1116)
	at org.testng.TestNG.run(TestNG.java:1024)
	at org.testng.remote.RemoteTestNG.run(RemoteTestNG.java:112)
	at org.testng.remote.RemoteTestNG.initAndRun(RemoteTestNG.java:205)
	at org.testng.remote.RemoteTestNG.main(RemoteTestNG.java:176)
</div></td></tr></table><p class="totop"><a href="#summary">back to summary</a></p><h3 id="m81">parsertest.connectionsectiontest.ConnectionsParserTest#keepThisState</h3><table class="result"></table><p class="totop"><a href="#summary">back to summary</a></p><h3 id="m82">parsertest.connectionsectiontest.ConnectionsReadSecondIDParserTest#goToConnectionsDetailsParser</h3><table class="result"></table><p class="totop"><a href="#summary">back to summary</a></p><h3 id="m83">parsertest.connectionsectiontest.ConnectionsReadSecondIDParserTest#goToConnectionsDetailsParserWithException</h3><table class="result"><tr><th>Expected Exception</th></tr><tr><td><div class="stacktrace">org.helm.notation2.parser.exceptionparser.ConnectionSectionException: Target polymer ID is not correct in the connection section: P
	at org.helm.notation2.parser.connectionsection.ConnectionsReadSecondIDParser.doAction(ConnectionsReadSecondIDParser.java:73)
	at org.helm.notation2.parser.StateMachineParser.doAction(StateMachineParser.java:86)
	at parsertest.connectionsectiontest.ConnectionsReadSecondIDParserTest.goToConnectionsDetailsParserWithException(ConnectionsReadSecondIDParserTest.java:60)
	at sun.reflect.NativeMethodAccessorImpl.invoke0(Native Method)
	at sun.reflect.NativeMethodAccessorImpl.invoke(Unknown Source)
	at sun.reflect.DelegatingMethodAccessorImpl.invoke(Unknown Source)
	at java.lang.reflect.Method.invoke(Unknown Source)
	at org.testng.internal.MethodInvocationHelper.invokeMethod(MethodInvocationHelper.java:85)
	at org.testng.internal.Invoker.invokeMethod(Invoker.java:639)
	at org.testng.internal.Invoker.invokeTestMethod(Invoker.java:816)
	at org.testng.internal.Invoker.invokeTestMethods(Invoker.java:1124)
	at org.testng.internal.TestMethodWorker.invokeTestMethods(TestMethodWorker.java:125)
	at org.testng.internal.TestMethodWorker.run(TestMethodWorker.java:108)
	at org.testng.TestRunner.privateRun(TestRunner.java:774)
	at org.testng.TestRunner.run(TestRunner.java:624)
	at org.testng.SuiteRunner.runTest(SuiteRunner.java:359)
	at org.testng.SuiteRunner.runSequentially(SuiteRunner.java:354)
	at org.testng.SuiteRunner.privateRun(SuiteRunner.java:312)
	at org.testng.SuiteRunner.run(SuiteRunner.java:261)
	at org.testng.SuiteRunnerWorker.runSuite(SuiteRunnerWorker.java:52)
	at org.testng.SuiteRunnerWorker.run(SuiteRunnerWorker.java:86)
	at org.testng.TestNG.runSuitesSequentially(TestNG.java:1191)
	at org.testng.TestNG.runSuitesLocally(TestNG.java:1116)
	at org.testng.TestNG.run(TestNG.java:1024)
	at org.testng.remote.RemoteTestNG.run(RemoteTestNG.java:112)
	at org.testng.remote.RemoteTestNG.initAndRun(RemoteTestNG.java:205)
	at org.testng.remote.RemoteTestNG.main(RemoteTestNG.java:176)
</div></td></tr></table><p class="totop"><a href="#summary">back to summary</a></p><h3 id="m84">parsertest.connectionsectiontest.TestInputConnectionSection#testConnectionMonomer</h3><table class="result"></table><p class="totop"><a href="#summary">back to summary</a></p><h3 id="m85">parsertest.connectionsectiontest.TestInputConnectionSection#testConnectionMonomerAmbiguity</h3><table class="result"></table><p class="totop"><a href="#summary">back to summary</a></p><h3 id="m86">parsertest.connectionsectiontest.TestInputConnectionSection#testConnectionMonomerAmbiguityNoInformation</h3><table class="result"></table><p class="totop"><a href="#summary">back to summary</a></p><h3 id="m87">parsertest.connectionsectiontest.TestInputConnectionSection#testConnectionMonomerAmbiguityPartlyInformation</h3><table class="result"></table><p class="totop"><a href="#summary">back to summary</a></p><h3 id="m88">parsertest.connectionsectiontest.TestInputConnectionSection#testConnectionStatisticalBinding</h3><table class="result"></table><p class="totop"><a href="#summary">back to summary</a></p><h3 id="m89">parsertest.connectionsectiontest.TestInputConnectionSection#testConnectionUnknownBinding</h3><table class="result"></table><p class="totop"><a href="#summary">back to summary</a></p><h3 id="m90">parsertest.connectionsectiontest.TestInputConnectionSection#testHydrogenBondInConnectionSection</h3><table class="result"></table><p class="totop"><a href="#summary">back to summary</a></p><h3 id="m91">parsertest.connectionsectiontest.TestInputConnectionSection#testInlineAnnotationsConnection</h3><table class="result"></table><p class="totop"><a href="#summary">back to summary</a></p><h3 id="m92">parsertest.connectionsectiontest.TestInputConnectionSection#testInlineAnnotationsConnectionWithException</h3><table class="result"><tr><th>Expected Exception</th></tr><tr><td><div class="stacktrace">org.helm.notation2.parser.exceptionparser.ConnectionSectionException: Details about the connection are not correct: C:R3-1:R1,
	at org.helm.notation2.parser.connectionsection.ConnectionsDetailsParser.doAction(ConnectionsDetailsParser.java:122)
	at org.helm.notation2.parser.StateMachineParser.doAction(StateMachineParser.java:86)
	at org.helm.notation2.parser.ParserHELM2.parse(ParserHELM2.java:59)
	at parsertest.connectionsectiontest.TestInputConnectionSection.testInlineAnnotationsConnectionWithException(TestInputConnectionSection.java:77)
	at sun.reflect.NativeMethodAccessorImpl.invoke0(Native Method)
	at sun.reflect.NativeMethodAccessorImpl.invoke(Unknown Source)
	at sun.reflect.DelegatingMethodAccessorImpl.invoke(Unknown Source)
	at java.lang.reflect.Method.invoke(Unknown Source)
	at org.testng.internal.MethodInvocationHelper.invokeMethod(MethodInvocationHelper.java:85)
	at org.testng.internal.Invoker.invokeMethod(Invoker.java:639)
	at org.testng.internal.Invoker.invokeTestMethod(Invoker.java:816)
	at org.testng.internal.Invoker.invokeTestMethods(Invoker.java:1124)
	at org.testng.internal.TestMethodWorker.invokeTestMethods(TestMethodWorker.java:125)
	at org.testng.internal.TestMethodWorker.run(TestMethodWorker.java:108)
	at org.testng.TestRunner.privateRun(TestRunner.java:774)
	at org.testng.TestRunner.run(TestRunner.java:624)
	at org.testng.SuiteRunner.runTest(SuiteRunner.java:359)
	at org.testng.SuiteRunner.runSequentially(SuiteRunner.java:354)
	at org.testng.SuiteRunner.privateRun(SuiteRunner.java:312)
	at org.testng.SuiteRunner.run(SuiteRunner.java:261)
	at org.testng.SuiteRunnerWorker.runSuite(SuiteRunnerWorker.java:52)
	at org.testng.SuiteRunnerWorker.run(SuiteRunnerWorker.java:86)
	at org.testng.TestNG.runSuitesSequentially(TestNG.java:1191)
	at org.testng.TestNG.runSuitesLocally(TestNG.java:1116)
	at org.testng.TestNG.run(TestNG.java:1024)
	at org.testng.remote.RemoteTestNG.run(RemoteTestNG.java:112)
	at org.testng.remote.RemoteTestNG.initAndRun(RemoteTestNG.java:205)
	at org.testng.remote.RemoteTestNG.main(RemoteTestNG.java:176)
</div></td></tr></table><p class="totop"><a href="#summary">back to summary</a></p><h3 id="m93">parsertest.groupingsectiontest.BetweenGroupingParserTest#ReadingWithException</h3><table class="result"><tr><th>Expected Exception</th></tr><tr><td><div class="stacktrace">org.helm.notation2.parser.exceptionparser.GroupingSectionException: Group section is not valid: a
	at org.helm.notation2.parser.groupingsection.BetweenGroupingParser.doAction(BetweenGroupingParser.java:74)
	at org.helm.notation2.parser.StateMachineParser.doAction(StateMachineParser.java:86)
	at parsertest.groupingsectiontest.BetweenGroupingParserTest.ReadingWithException(BetweenGroupingParserTest.java:70)
	at sun.reflect.NativeMethodAccessorImpl.invoke0(Native Method)
	at sun.reflect.NativeMethodAccessorImpl.invoke(Unknown Source)
	at sun.reflect.DelegatingMethodAccessorImpl.invoke(Unknown Source)
	at java.lang.reflect.Method.invoke(Unknown Source)
	at org.testng.internal.MethodInvocationHelper.invokeMethod(MethodInvocationHelper.java:85)
	at org.testng.internal.Invoker.invokeMethod(Invoker.java:639)
	at org.testng.internal.Invoker.invokeTestMethod(Invoker.java:816)
	at org.testng.internal.Invoker.invokeTestMethods(Invoker.java:1124)
	at org.testng.internal.TestMethodWorker.invokeTestMethods(TestMethodWorker.java:125)
	at org.testng.internal.TestMethodWorker.run(TestMethodWorker.java:108)
	at org.testng.TestRunner.privateRun(TestRunner.java:774)
	at org.testng.TestRunner.run(TestRunner.java:624)
	at org.testng.SuiteRunner.runTest(SuiteRunner.java:359)
	at org.testng.SuiteRunner.runSequentially(SuiteRunner.java:354)
	at org.testng.SuiteRunner.privateRun(SuiteRunner.java:312)
	at org.testng.SuiteRunner.run(SuiteRunner.java:261)
	at org.testng.SuiteRunnerWorker.runSuite(SuiteRunnerWorker.java:52)
	at org.testng.SuiteRunnerWorker.run(SuiteRunnerWorker.java:86)
	at org.testng.TestNG.runSuitesSequentially(TestNG.java:1191)
	at org.testng.TestNG.runSuitesLocally(TestNG.java:1116)
	at org.testng.TestNG.run(TestNG.java:1024)
	at org.testng.remote.RemoteTestNG.run(RemoteTestNG.java:112)
	at org.testng.remote.RemoteTestNG.initAndRun(RemoteTestNG.java:205)
	at org.testng.remote.RemoteTestNG.main(RemoteTestNG.java:176)
</div></td></tr></table><p class="totop"><a href="#summary">back to summary</a></p><h3 id="m94">parsertest.groupingsectiontest.BetweenGroupingParserTest#goToAnnotationsParser</h3><table class="result"></table><p class="totop"><a href="#summary">back to summary</a></p><h3 id="m95">parsertest.groupingsectiontest.BetweenGroupingParserTest#goToGroupingParser</h3><table class="result"></table><p class="totop"><a href="#summary">back to summary</a></p><h3 id="m96">parsertest.groupingsectiontest.GroupingDetailedInformationParserTest#goToBetweenGroupingParser</h3><table class="result"></table><p class="totop"><a href="#summary">back to summary</a></p><h3 id="m97">parsertest.groupingsectiontest.GroupingDetailedInformationParserTest#goToBetweenGroupingParserWithException</h3><table class="result"><tr><th>Expected Exception</th></tr><tr><td><div class="stacktrace">org.helm.notation2.parser.exceptionparser.GroupingSectionException: Group information is wrong: h
	at org.helm.notation2.parser.groupingsection.GroupingDetailedInformationParser.doAction(GroupingDetailedInformationParser.java:72)
	at org.helm.notation2.parser.StateMachineParser.doAction(StateMachineParser.java:86)
	at parsertest.groupingsectiontest.GroupingDetailedInformationParserTest.goToBetweenGroupingParserWithException(GroupingDetailedInformationParserTest.java:73)
	at sun.reflect.NativeMethodAccessorImpl.invoke0(Native Method)
	at sun.reflect.NativeMethodAccessorImpl.invoke(Unknown Source)
	at sun.reflect.DelegatingMethodAccessorImpl.invoke(Unknown Source)
	at java.lang.reflect.Method.invoke(Unknown Source)
	at org.testng.internal.MethodInvocationHelper.invokeMethod(MethodInvocationHelper.java:85)
	at org.testng.internal.Invoker.invokeMethod(Invoker.java:639)
	at org.testng.internal.Invoker.invokeTestMethod(Invoker.java:816)
	at org.testng.internal.Invoker.invokeTestMethods(Invoker.java:1124)
	at org.testng.internal.TestMethodWorker.invokeTestMethods(TestMethodWorker.java:125)
	at org.testng.internal.TestMethodWorker.run(TestMethodWorker.java:108)
	at org.testng.TestRunner.privateRun(TestRunner.java:774)
	at org.testng.TestRunner.run(TestRunner.java:624)
	at org.testng.SuiteRunner.runTest(SuiteRunner.java:359)
	at org.testng.SuiteRunner.runSequentially(SuiteRunner.java:354)
	at org.testng.SuiteRunner.privateRun(SuiteRunner.java:312)
	at org.testng.SuiteRunner.run(SuiteRunner.java:261)
	at org.testng.SuiteRunnerWorker.runSuite(SuiteRunnerWorker.java:52)
	at org.testng.SuiteRunnerWorker.run(SuiteRunnerWorker.java:86)
	at org.testng.TestNG.runSuitesSequentially(TestNG.java:1191)
	at org.testng.TestNG.runSuitesLocally(TestNG.java:1116)
	at org.testng.TestNG.run(TestNG.java:1024)
	at org.testng.remote.RemoteTestNG.run(RemoteTestNG.java:112)
	at org.testng.remote.RemoteTestNG.initAndRun(RemoteTestNG.java:205)
	at org.testng.remote.RemoteTestNG.main(RemoteTestNG.java:176)
</div></td></tr></table><p class="totop"><a href="#summary">back to summary</a></p><h3 id="m98">parsertest.groupingsectiontest.GroupingDetailedInformationParserTest#keepThisState</h3><table class="result"></table><p class="totop"><a href="#summary">back to summary</a></p><h3 id="m99">parsertest.groupingsectiontest.GroupingParserTest#goToAnnotaitonsParserWithException</h3><table class="result"><tr><th>Expected Exception</th></tr><tr><td><div class="stacktrace">org.helm.notation2.parser.exceptionparser.GroupingSectionException: Missing details about the group: hallo
	at org.helm.notation2.parser.groupingsection.GroupingParser.doAction(GroupingParser.java:71)
	at org.helm.notation2.parser.StateMachineParser.doAction(StateMachineParser.java:86)
	at parsertest.groupingsectiontest.GroupingParserTest.goToAnnotaitonsParserWithException(GroupingParserTest.java:97)
	at sun.reflect.NativeMethodAccessorImpl.invoke0(Native Method)
	at sun.reflect.NativeMethodAccessorImpl.invoke(Unknown Source)
	at sun.reflect.DelegatingMethodAccessorImpl.invoke(Unknown Source)
	at java.lang.reflect.Method.invoke(Unknown Source)
	at org.testng.internal.MethodInvocationHelper.invokeMethod(MethodInvocationHelper.java:85)
	at org.testng.internal.Invoker.invokeMethod(Invoker.java:639)
	at org.testng.internal.Invoker.invokeTestMethod(Invoker.java:816)
	at org.testng.internal.Invoker.invokeTestMethods(Invoker.java:1124)
	at org.testng.internal.TestMethodWorker.invokeTestMethods(TestMethodWorker.java:125)
	at org.testng.internal.TestMethodWorker.run(TestMethodWorker.java:108)
	at org.testng.TestRunner.privateRun(TestRunner.java:774)
	at org.testng.TestRunner.run(TestRunner.java:624)
	at org.testng.SuiteRunner.runTest(SuiteRunner.java:359)
	at org.testng.SuiteRunner.runSequentially(SuiteRunner.java:354)
	at org.testng.SuiteRunner.privateRun(SuiteRunner.java:312)
	at org.testng.SuiteRunner.run(SuiteRunner.java:261)
	at org.testng.SuiteRunnerWorker.runSuite(SuiteRunnerWorker.java:52)
	at org.testng.SuiteRunnerWorker.run(SuiteRunnerWorker.java:86)
	at org.testng.TestNG.runSuitesSequentially(TestNG.java:1191)
	at org.testng.TestNG.runSuitesLocally(TestNG.java:1116)
	at org.testng.TestNG.run(TestNG.java:1024)
	at org.testng.remote.RemoteTestNG.run(RemoteTestNG.java:112)
	at org.testng.remote.RemoteTestNG.initAndRun(RemoteTestNG.java:205)
	at org.testng.remote.RemoteTestNG.main(RemoteTestNG.java:176)
</div></td></tr></table><p class="totop"><a href="#summary">back to summary</a></p><h3 id="m100">parsertest.groupingsectiontest.GroupingParserTest#goToAnnotationsParser</h3><table class="result"></table><p class="totop"><a href="#summary">back to summary</a></p><h3 id="m101">parsertest.groupingsectiontest.GroupingParserTest#goToGroupingDetailedInformationParser</h3><table class="result"></table><p class="totop"><a href="#summary">back to summary</a></p><h3 id="m102">parsertest.groupingsectiontest.GroupingParserTest#goToGroupingDetailedInformationWithException</h3><table class="result"><tr><th>Expected Exception</th></tr><tr><td><div class="stacktrace">org.helm.notation2.parser.exceptionparser.GroupingSectionException: Missing details about the group: hallo
	at org.helm.notation2.parser.groupingsection.GroupingParser.doAction(GroupingParser.java:71)
	at org.helm.notation2.parser.StateMachineParser.doAction(StateMachineParser.java:86)
	at parsertest.groupingsectiontest.GroupingParserTest.goToGroupingDetailedInformationWithException(GroupingParserTest.java:73)
	at sun.reflect.NativeMethodAccessorImpl.invoke0(Native Method)
	at sun.reflect.NativeMethodAccessorImpl.invoke(Unknown Source)
	at sun.reflect.DelegatingMethodAccessorImpl.invoke(Unknown Source)
	at java.lang.reflect.Method.invoke(Unknown Source)
	at org.testng.internal.MethodInvocationHelper.invokeMethod(MethodInvocationHelper.java:85)
	at org.testng.internal.Invoker.invokeMethod(Invoker.java:639)
	at org.testng.internal.Invoker.invokeTestMethod(Invoker.java:816)
	at org.testng.internal.Invoker.invokeTestMethods(Invoker.java:1124)
	at org.testng.internal.TestMethodWorker.invokeTestMethods(TestMethodWorker.java:125)
	at org.testng.internal.TestMethodWorker.run(TestMethodWorker.java:108)
	at org.testng.TestRunner.privateRun(TestRunner.java:774)
	at org.testng.TestRunner.run(TestRunner.java:624)
	at org.testng.SuiteRunner.runTest(SuiteRunner.java:359)
	at org.testng.SuiteRunner.runSequentially(SuiteRunner.java:354)
	at org.testng.SuiteRunner.privateRun(SuiteRunner.java:312)
	at org.testng.SuiteRunner.run(SuiteRunner.java:261)
	at org.testng.SuiteRunnerWorker.runSuite(SuiteRunnerWorker.java:52)
	at org.testng.SuiteRunnerWorker.run(SuiteRunnerWorker.java:86)
	at org.testng.TestNG.runSuitesSequentially(TestNG.java:1191)
	at org.testng.TestNG.runSuitesLocally(TestNG.java:1116)
	at org.testng.TestNG.run(TestNG.java:1024)
	at org.testng.remote.RemoteTestNG.run(RemoteTestNG.java:112)
	at org.testng.remote.RemoteTestNG.initAndRun(RemoteTestNG.java:205)
	at org.testng.remote.RemoteTestNG.main(RemoteTestNG.java:176)
</div></td></tr></table><p class="totop"><a href="#summary">back to summary</a></p><h3 id="m103">parsertest.groupingsectiontest.GroupingParserTest#keepThisState</h3><table class="result"></table><p class="totop"><a href="#summary">back to summary</a></p><h3 id="m104">parsertest.groupingsectiontest.TestInputGroupingSection#testGroupingAmbiguityAnd</h3><table class="result"></table><p class="totop"><a href="#summary">back to summary</a></p><h3 id="m105">parsertest.groupingsectiontest.TestInputGroupingSection#testGroupingAmbiguityAndRatio</h3><table class="result"></table><p class="totop"><a href="#summary">back to summary</a></p><h3 id="m106">parsertest.groupingsectiontest.TestInputGroupingSection#testGroupingAmbiguityAndRatioAndRange</h3><table class="result"></table><p class="totop"><a href="#summary">back to summary</a></p><h3 id="m107">parsertest.groupingsectiontest.TestInputGroupingSection#testGroupingAmbiguityOr</h3><table class="result"></table><p class="totop"><a href="#summary">back to summary</a></p><h3 id="m108">parsertest.groupingsectiontest.TestInputGroupingSection#testGroupingUnknownRatio</h3><table class="result"></table><p class="totop"><a href="#summary">back to summary</a></p><h3 id="m109">parsertest.simplepolymerssectiontest.BetweenInlineMonomerParser#goToConnection</h3><table class="result"></table><p class="totop"><a href="#summary">back to summary</a></p><h3 id="m110">parsertest.simplepolymerssectiontest.BetweenInlineMonomerParser#goToSimplePolymerNotationParser</h3><table class="result"></table><p class="totop"><a href="#summary">back to summary</a></p><h3 id="m111">parsertest.simplepolymerssectiontest.BetweenInlineMonomerParser#goToWithException</h3><table class="result"><tr><th>Expected Exception</th></tr><tr><td><div class="stacktrace">org.helm.notation2.parser.exceptionparser.SimplePolymerSectionException: Error in the simple polymers notation section:
	at org.helm.notation2.parser.simplepolymerssection.BetweenMonomerParser.doAction(BetweenMonomerParser.java:77)
	at org.helm.notation2.parser.StateMachineParser.doAction(StateMachineParser.java:86)
	at parsertest.simplepolymerssectiontest.BetweenInlineMonomerParser.goToWithException(BetweenInlineMonomerParser.java:72)
	at sun.reflect.NativeMethodAccessorImpl.invoke0(Native Method)
	at sun.reflect.NativeMethodAccessorImpl.invoke(Unknown Source)
	at sun.reflect.DelegatingMethodAccessorImpl.invoke(Unknown Source)
	at java.lang.reflect.Method.invoke(Unknown Source)
	at org.testng.internal.MethodInvocationHelper.invokeMethod(MethodInvocationHelper.java:85)
	at org.testng.internal.Invoker.invokeMethod(Invoker.java:639)
	at org.testng.internal.Invoker.invokeTestMethod(Invoker.java:816)
	at org.testng.internal.Invoker.invokeTestMethods(Invoker.java:1124)
	at org.testng.internal.TestMethodWorker.invokeTestMethods(TestMethodWorker.java:125)
	at org.testng.internal.TestMethodWorker.run(TestMethodWorker.java:108)
	at org.testng.TestRunner.privateRun(TestRunner.java:774)
	at org.testng.TestRunner.run(TestRunner.java:624)
	at org.testng.SuiteRunner.runTest(SuiteRunner.java:359)
	at org.testng.SuiteRunner.runSequentially(SuiteRunner.java:354)
	at org.testng.SuiteRunner.privateRun(SuiteRunner.java:312)
	at org.testng.SuiteRunner.run(SuiteRunner.java:261)
	at org.testng.SuiteRunnerWorker.runSuite(SuiteRunnerWorker.java:52)
	at org.testng.SuiteRunnerWorker.run(SuiteRunnerWorker.java:86)
	at org.testng.TestNG.runSuitesSequentially(TestNG.java:1191)
	at org.testng.TestNG.runSuitesLocally(TestNG.java:1116)
	at org.testng.TestNG.run(TestNG.java:1024)
	at org.testng.remote.RemoteTestNG.run(RemoteTestNG.java:112)
	at org.testng.remote.RemoteTestNG.initAndRun(RemoteTestNG.java:205)
	at org.testng.remote.RemoteTestNG.main(RemoteTestNG.java:176)
</div></td></tr></table><p class="totop"><a href="#summary">back to summary</a></p><h3 id="m112">parsertest.simplepolymerssectiontest.BetweenMonomerParserTest#goToBetweenParser</h3><table class="result"></table><p class="totop"><a href="#summary">back to summary</a></p><h3 id="m113">parsertest.simplepolymerssectiontest.BetweenMonomerParserTest#goToInlineAnnotationParser</h3><table class="result"></table><p class="totop"><a href="#summary">back to summary</a></p><h3 id="m114">parsertest.simplepolymerssectiontest.BetweenMonomerParserTest#goToSimplePolymerNotationParser</h3><table class="result"></table><p class="totop"><a href="#summary">back to summary</a></p><h3 id="m115">parsertest.simplepolymerssectiontest.BetweenMonomerParserTest#goToWithException</h3><table class="result"><tr><th>Expected Exception</th></tr><tr><td><div class="stacktrace">org.helm.notation2.parser.exceptionparser.SimplePolymerSectionException: Error in the simple polymers notation section:
	at org.helm.notation2.parser.simplepolymerssection.BetweenMonomerParser.doAction(BetweenMonomerParser.java:77)
	at org.helm.notation2.parser.StateMachineParser.doAction(StateMachineParser.java:86)
	at parsertest.simplepolymerssectiontest.BetweenMonomerParserTest.goToWithException(BetweenMonomerParserTest.java:78)
	at sun.reflect.NativeMethodAccessorImpl.invoke0(Native Method)
	at sun.reflect.NativeMethodAccessorImpl.invoke(Unknown Source)
	at sun.reflect.DelegatingMethodAccessorImpl.invoke(Unknown Source)
	at java.lang.reflect.Method.invoke(Unknown Source)
	at org.testng.internal.MethodInvocationHelper.invokeMethod(MethodInvocationHelper.java:85)
	at org.testng.internal.Invoker.invokeMethod(Invoker.java:639)
	at org.testng.internal.Invoker.invokeTestMethod(Invoker.java:816)
	at org.testng.internal.Invoker.invokeTestMethods(Invoker.java:1124)
	at org.testng.internal.TestMethodWorker.invokeTestMethods(TestMethodWorker.java:125)
	at org.testng.internal.TestMethodWorker.run(TestMethodWorker.java:108)
	at org.testng.TestRunner.privateRun(TestRunner.java:774)
	at org.testng.TestRunner.run(TestRunner.java:624)
	at org.testng.SuiteRunner.runTest(SuiteRunner.java:359)
	at org.testng.SuiteRunner.runSequentially(SuiteRunner.java:354)
	at org.testng.SuiteRunner.privateRun(SuiteRunner.java:312)
	at org.testng.SuiteRunner.run(SuiteRunner.java:261)
	at org.testng.SuiteRunnerWorker.runSuite(SuiteRunnerWorker.java:52)
	at org.testng.SuiteRunnerWorker.run(SuiteRunnerWorker.java:86)
	at org.testng.TestNG.runSuitesSequentially(TestNG.java:1191)
	at org.testng.TestNG.runSuitesLocally(TestNG.java:1116)
	at org.testng.TestNG.run(TestNG.java:1024)
	at org.testng.remote.RemoteTestNG.run(RemoteTestNG.java:112)
	at org.testng.remote.RemoteTestNG.initAndRun(RemoteTestNG.java:205)
	at org.testng.remote.RemoteTestNG.main(RemoteTestNG.java:176)
</div></td></tr></table><p class="totop"><a href="#summary">back to summary</a></p><h3 id="m116">parsertest.simplepolymerssectiontest.BetweenParserTest#Reading$WithException</h3><table class="result"><tr><th>Expected Exception</th></tr><tr><td><div class="stacktrace">org.helm.notation2.parser.exceptionparser.SimplePolymerSectionException: Invalid syntax in simple polymer section: h
	at org.helm.notation2.parser.simplepolymerssection.BetweenParser.doAction(BetweenParser.java:84)
	at org.helm.notation2.parser.StateMachineParser.doAction(StateMachineParser.java:86)
	at parsertest.simplepolymerssectiontest.BetweenParserTest.Reading$WithException(BetweenParserTest.java:80)
	at sun.reflect.NativeMethodAccessorImpl.invoke0(Native Method)
	at sun.reflect.NativeMethodAccessorImpl.invoke(Unknown Source)
	at sun.reflect.DelegatingMethodAccessorImpl.invoke(Unknown Source)
	at java.lang.reflect.Method.invoke(Unknown Source)
	at org.testng.internal.MethodInvocationHelper.invokeMethod(MethodInvocationHelper.java:85)
	at org.testng.internal.Invoker.invokeMethod(Invoker.java:639)
	at org.testng.internal.Invoker.invokeTestMethod(Invoker.java:816)
	at org.testng.internal.Invoker.invokeTestMethods(Invoker.java:1124)
	at org.testng.internal.TestMethodWorker.invokeTestMethods(TestMethodWorker.java:125)
	at org.testng.internal.TestMethodWorker.run(TestMethodWorker.java:108)
	at org.testng.TestRunner.privateRun(TestRunner.java:774)
	at org.testng.TestRunner.run(TestRunner.java:624)
	at org.testng.SuiteRunner.runTest(SuiteRunner.java:359)
	at org.testng.SuiteRunner.runSequentially(SuiteRunner.java:354)
	at org.testng.SuiteRunner.privateRun(SuiteRunner.java:312)
	at org.testng.SuiteRunner.run(SuiteRunner.java:261)
	at org.testng.SuiteRunnerWorker.runSuite(SuiteRunnerWorker.java:52)
	at org.testng.SuiteRunnerWorker.run(SuiteRunnerWorker.java:86)
	at org.testng.TestNG.runSuitesSequentially(TestNG.java:1191)
	at org.testng.TestNG.runSuitesLocally(TestNG.java:1116)
	at org.testng.TestNG.run(TestNG.java:1024)
	at org.testng.remote.RemoteTestNG.run(RemoteTestNG.java:112)
	at org.testng.remote.RemoteTestNG.initAndRun(RemoteTestNG.java:205)
	at org.testng.remote.RemoteTestNG.main(RemoteTestNG.java:176)
</div></td></tr></table><p class="totop"><a href="#summary">back to summary</a></p><h3 id="m117">parsertest.simplepolymerssectiontest.BetweenParserTest#goToConnectionsParser</h3><table class="result"></table><p class="totop"><a href="#summary">back to summary</a></p><h3 id="m118">parsertest.simplepolymerssectiontest.BetweenParserTest#goToInlineAnnotationsParser</h3><table class="result"></table><p class="totop"><a href="#summary">back to summary</a></p><h3 id="m119">parsertest.simplepolymerssectiontest.BetweenParserTest#goToSimplePolymersParser</h3><table class="result"></table><p class="totop"><a href="#summary">back to summary</a></p><h3 id="m120">parsertest.simplepolymerssectiontest.RepeatingMonomerParserTest#goToBetweenParser</h3><table class="result"></table><p class="totop"><a href="#summary">back to summary</a></p><h3 id="m121">parsertest.simplepolymerssectiontest.RepeatingMonomerParserTest#goToBetweenParserRange</h3><table class="result"></table><p class="totop"><a href="#summary">back to summary</a></p><h3 id="m122">parsertest.simplepolymerssectiontest.RepeatingMonomerParserTest#goToBetweenParserRangeWithException</h3><table class="result"><tr><th>Expected Exception</th></tr><tr><td><div class="stacktrace">org.helm.notation2.parser.exceptionparser.SimplePolymerSectionException: Information about repeating is wrong: 3-d
	at org.helm.notation2.parser.simplepolymerssection.RepeatingMonomerParser.doAction(RepeatingMonomerParser.java:87)
	at org.helm.notation2.parser.StateMachineParser.doAction(StateMachineParser.java:86)
	at parsertest.simplepolymerssectiontest.RepeatingMonomerParserTest.goToBetweenParserRangeWithException(RepeatingMonomerParserTest.java:92)
	at sun.reflect.NativeMethodAccessorImpl.invoke0(Native Method)
	at sun.reflect.NativeMethodAccessorImpl.invoke(Unknown Source)
	at sun.reflect.DelegatingMethodAccessorImpl.invoke(Unknown Source)
	at java.lang.reflect.Method.invoke(Unknown Source)
	at org.testng.internal.MethodInvocationHelper.invokeMethod(MethodInvocationHelper.java:85)
	at org.testng.internal.Invoker.invokeMethod(Invoker.java:639)
	at org.testng.internal.Invoker.invokeTestMethod(Invoker.java:816)
	at org.testng.internal.Invoker.invokeTestMethods(Invoker.java:1124)
	at org.testng.internal.TestMethodWorker.invokeTestMethods(TestMethodWorker.java:125)
	at org.testng.internal.TestMethodWorker.run(TestMethodWorker.java:108)
	at org.testng.TestRunner.privateRun(TestRunner.java:774)
	at org.testng.TestRunner.run(TestRunner.java:624)
	at org.testng.SuiteRunner.runTest(SuiteRunner.java:359)
	at org.testng.SuiteRunner.runSequentially(SuiteRunner.java:354)
	at org.testng.SuiteRunner.privateRun(SuiteRunner.java:312)
	at org.testng.SuiteRunner.run(SuiteRunner.java:261)
	at org.testng.SuiteRunnerWorker.runSuite(SuiteRunnerWorker.java:52)
	at org.testng.SuiteRunnerWorker.run(SuiteRunnerWorker.java:86)
	at org.testng.TestNG.runSuitesSequentially(TestNG.java:1191)
	at org.testng.TestNG.runSuitesLocally(TestNG.java:1116)
	at org.testng.TestNG.run(TestNG.java:1024)
	at org.testng.remote.RemoteTestNG.run(RemoteTestNG.java:112)
	at org.testng.remote.RemoteTestNG.initAndRun(RemoteTestNG.java:205)
	at org.testng.remote.RemoteTestNG.main(RemoteTestNG.java:176)
</div></td></tr></table><p class="totop"><a href="#summary">back to summary</a></p><h3 id="m123">parsertest.simplepolymerssectiontest.RepeatingMonomerParserTest#goToBetweenParserWithException</h3><table class="result"><tr><th>Expected Exception</th></tr><tr><td><div class="stacktrace">org.helm.notation2.parser.exceptionparser.SimplePolymerSectionException: Information about repeating is wrong: PEPTIDE1{A
	at org.helm.notation2.parser.simplepolymerssection.RepeatingMonomerParser.doAction(RepeatingMonomerParser.java:87)
	at org.helm.notation2.parser.StateMachineParser.doAction(StateMachineParser.java:86)
	at parsertest.simplepolymerssectiontest.RepeatingMonomerParserTest.goToBetweenParserWithException(RepeatingMonomerParserTest.java:69)
	at sun.reflect.NativeMethodAccessorImpl.invoke0(Native Method)
	at sun.reflect.NativeMethodAccessorImpl.invoke(Unknown Source)
	at sun.reflect.DelegatingMethodAccessorImpl.invoke(Unknown Source)
	at java.lang.reflect.Method.invoke(Unknown Source)
	at org.testng.internal.MethodInvocationHelper.invokeMethod(MethodInvocationHelper.java:85)
	at org.testng.internal.Invoker.invokeMethod(Invoker.java:639)
	at org.testng.internal.Invoker.invokeTestMethod(Invoker.java:816)
	at org.testng.internal.Invoker.invokeTestMethods(Invoker.java:1124)
	at org.testng.internal.TestMethodWorker.invokeTestMethods(TestMethodWorker.java:125)
	at org.testng.internal.TestMethodWorker.run(TestMethodWorker.java:108)
	at org.testng.TestRunner.privateRun(TestRunner.java:774)
	at org.testng.TestRunner.run(TestRunner.java:624)
	at org.testng.SuiteRunner.runTest(SuiteRunner.java:359)
	at org.testng.SuiteRunner.runSequentially(SuiteRunner.java:354)
	at org.testng.SuiteRunner.privateRun(SuiteRunner.java:312)
	at org.testng.SuiteRunner.run(SuiteRunner.java:261)
	at org.testng.SuiteRunnerWorker.runSuite(SuiteRunnerWorker.java:52)
	at org.testng.SuiteRunnerWorker.run(SuiteRunnerWorker.java:86)
	at org.testng.TestNG.runSuitesSequentially(TestNG.java:1191)
	at org.testng.TestNG.runSuitesLocally(TestNG.java:1116)
	at org.testng.TestNG.run(TestNG.java:1024)
	at org.testng.remote.RemoteTestNG.run(RemoteTestNG.java:112)
	at org.testng.remote.RemoteTestNG.initAndRun(RemoteTestNG.java:205)
	at org.testng.remote.RemoteTestNG.main(RemoteTestNG.java:176)
</div></td></tr></table><p class="totop"><a href="#summary">back to summary</a></p><h3 id="m124">parsertest.simplepolymerssectiontest.RepeatingMonomerParserTest#keepThisStateTest</h3><table class="result"></table><p class="totop"><a href="#summary">back to summary</a></p><h3 id="m125">parsertest.simplepolymerssectiontest.SimplePolymersNotationParserTest#goToBetweenParser</h3><table class="result"></table><p class="totop"><a href="#summary">back to summary</a></p><h3 id="m126">parsertest.simplepolymerssectiontest.SimplePolymersNotationParserTest#goToInlineAnnotaitonsParser</h3><table class="result"></table><p class="totop"><a href="#summary">back to summary</a></p><h3 id="m127">parsertest.simplepolymerssectiontest.SimplePolymersNotationParserTest#goToInlineAnnotaitonsParserWithException</h3><table class="result"><tr><th>Expected Exception</th></tr><tr><td><div class="stacktrace">org.helm.notation2.parser.exceptionparser.SimplePolymerSectionException: Polymer ID is not correct: PEPTIDE
	at org.helm.notation2.parser.simplepolymerssection.SimplePolymersParser.doAction(SimplePolymersParser.java:99)
	at org.helm.notation2.parser.StateMachineParser.doAction(StateMachineParser.java:86)
	at parsertest.simplepolymerssectiontest.SimplePolymersNotationParserTest.goToInlineAnnotaitonsParserWithException(SimplePolymersNotationParserTest.java:132)
	at sun.reflect.NativeMethodAccessorImpl.invoke0(Native Method)
	at sun.reflect.NativeMethodAccessorImpl.invoke(Unknown Source)
	at sun.reflect.DelegatingMethodAccessorImpl.invoke(Unknown Source)
	at java.lang.reflect.Method.invoke(Unknown Source)
	at org.testng.internal.MethodInvocationHelper.invokeMethod(MethodInvocationHelper.java:85)
	at org.testng.internal.Invoker.invokeMethod(Invoker.java:639)
	at org.testng.internal.Invoker.invokeTestMethod(Invoker.java:816)
	at org.testng.internal.Invoker.invokeTestMethods(Invoker.java:1124)
	at org.testng.internal.TestMethodWorker.invokeTestMethods(TestMethodWorker.java:125)
	at org.testng.internal.TestMethodWorker.run(TestMethodWorker.java:108)
	at org.testng.TestRunner.privateRun(TestRunner.java:774)
	at org.testng.TestRunner.run(TestRunner.java:624)
	at org.testng.SuiteRunner.runTest(SuiteRunner.java:359)
	at org.testng.SuiteRunner.runSequentially(SuiteRunner.java:354)
	at org.testng.SuiteRunner.privateRun(SuiteRunner.java:312)
	at org.testng.SuiteRunner.run(SuiteRunner.java:261)
	at org.testng.SuiteRunnerWorker.runSuite(SuiteRunnerWorker.java:52)
	at org.testng.SuiteRunnerWorker.run(SuiteRunnerWorker.java:86)
	at org.testng.TestNG.runSuitesSequentially(TestNG.java:1191)
	at org.testng.TestNG.runSuitesLocally(TestNG.java:1116)
	at org.testng.TestNG.run(TestNG.java:1024)
	at org.testng.remote.RemoteTestNG.run(RemoteTestNG.java:112)
	at org.testng.remote.RemoteTestNG.initAndRun(RemoteTestNG.java:205)
	at org.testng.remote.RemoteTestNG.main(RemoteTestNG.java:176)
</div></td></tr></table><p class="totop"><a href="#summary">back to summary</a></p><h3 id="m128">parsertest.simplepolymerssectiontest.SimplePolymersNotationParserTest#goToRepeatingMonomerParser</h3><table class="result"></table><p class="totop"><a href="#summary">back to summary</a></p><h3 id="m129">parsertest.simplepolymerssectiontest.SimplePolymersNotationParserTest#goToRepeatingMonomerParserWithException</h3><table class="result"><tr><th>Expected Exception</th></tr><tr><td><div class="stacktrace">org.helm.notation2.parser.exceptionparser.SimplePolymerSectionException: Monomer unit is missing
	at org.helm.notation2.parser.simplepolymerssection.SimplePolymersNotationParser.doAction(SimplePolymersNotationParser.java:139)
	at org.helm.notation2.parser.StateMachineParser.doAction(StateMachineParser.java:86)
	at parsertest.simplepolymerssectiontest.SimplePolymersNotationParserTest.goToRepeatingMonomerParserWithException(SimplePolymersNotationParserTest.java:158)
	at sun.reflect.NativeMethodAccessorImpl.invoke0(Native Method)
	at sun.reflect.NativeMethodAccessorImpl.invoke(Unknown Source)
	at sun.reflect.DelegatingMethodAccessorImpl.invoke(Unknown Source)
	at java.lang.reflect.Method.invoke(Unknown Source)
	at org.testng.internal.MethodInvocationHelper.invokeMethod(MethodInvocationHelper.java:85)
	at org.testng.internal.Invoker.invokeMethod(Invoker.java:639)
	at org.testng.internal.Invoker.invokeTestMethod(Invoker.java:816)
	at org.testng.internal.Invoker.invokeTestMethods(Invoker.java:1124)
	at org.testng.internal.TestMethodWorker.invokeTestMethods(TestMethodWorker.java:125)
	at org.testng.internal.TestMethodWorker.run(TestMethodWorker.java:108)
	at org.testng.TestRunner.privateRun(TestRunner.java:774)
	at org.testng.TestRunner.run(TestRunner.java:624)
	at org.testng.SuiteRunner.runTest(SuiteRunner.java:359)
	at org.testng.SuiteRunner.runSequentially(SuiteRunner.java:354)
	at org.testng.SuiteRunner.privateRun(SuiteRunner.java:312)
	at org.testng.SuiteRunner.run(SuiteRunner.java:261)
	at org.testng.SuiteRunnerWorker.runSuite(SuiteRunnerWorker.java:52)
	at org.testng.SuiteRunnerWorker.run(SuiteRunnerWorker.java:86)
	at org.testng.TestNG.runSuitesSequentially(TestNG.java:1191)
	at org.testng.TestNG.runSuitesLocally(TestNG.java:1116)
	at org.testng.TestNG.run(TestNG.java:1024)
	at org.testng.remote.RemoteTestNG.run(RemoteTestNG.java:112)
	at org.testng.remote.RemoteTestNG.initAndRun(RemoteTestNG.java:205)
	at org.testng.remote.RemoteTestNG.main(RemoteTestNG.java:176)
</div></td></tr></table><p class="totop"><a href="#summary">back to summary</a></p><h3 id="m130">parsertest.simplepolymerssectiontest.SimplePolymersNotationParserTest#initalizeThisStateTest</h3><table class="result"></table><p class="totop"><a href="#summary">back to summary</a></p><h3 id="m131">parsertest.simplepolymerssectiontest.SimplePolymersNotationParserTest#initalizeThisStateTestWithException</h3><table class="result"><tr><th>Expected Exception</th></tr><tr><td><div class="stacktrace">org.helm.notation2.parser.exceptionparser.SimplePolymerSectionException: Monomer unit is missing: 
	at org.helm.notation2.parser.simplepolymerssection.SimplePolymersNotationParser.doAction(SimplePolymersNotationParser.java:105)
	at org.helm.notation2.parser.StateMachineParser.doAction(StateMachineParser.java:86)
	at parsertest.simplepolymerssectiontest.SimplePolymersNotationParserTest.initalizeThisStateTestWithException(SimplePolymersNotationParserTest.java:73)
	at sun.reflect.NativeMethodAccessorImpl.invoke0(Native Method)
	at sun.reflect.NativeMethodAccessorImpl.invoke(Unknown Source)
	at sun.reflect.DelegatingMethodAccessorImpl.invoke(Unknown Source)
	at java.lang.reflect.Method.invoke(Unknown Source)
	at org.testng.internal.MethodInvocationHelper.invokeMethod(MethodInvocationHelper.java:85)
	at org.testng.internal.Invoker.invokeMethod(Invoker.java:639)
	at org.testng.internal.Invoker.invokeTestMethod(Invoker.java:816)
	at org.testng.internal.Invoker.invokeTestMethods(Invoker.java:1124)
	at org.testng.internal.TestMethodWorker.invokeTestMethods(TestMethodWorker.java:125)
	at org.testng.internal.TestMethodWorker.run(TestMethodWorker.java:108)
	at org.testng.TestRunner.privateRun(TestRunner.java:774)
	at org.testng.TestRunner.run(TestRunner.java:624)
	at org.testng.SuiteRunner.runTest(SuiteRunner.java:359)
	at org.testng.SuiteRunner.runSequentially(SuiteRunner.java:354)
	at org.testng.SuiteRunner.privateRun(SuiteRunner.java:312)
	at org.testng.SuiteRunner.run(SuiteRunner.java:261)
	at org.testng.SuiteRunnerWorker.runSuite(SuiteRunnerWorker.java:52)
	at org.testng.SuiteRunnerWorker.run(SuiteRunnerWorker.java:86)
	at org.testng.TestNG.runSuitesSequentially(TestNG.java:1191)
	at org.testng.TestNG.runSuitesLocally(TestNG.java:1116)
	at org.testng.TestNG.run(TestNG.java:1024)
	at org.testng.remote.RemoteTestNG.run(RemoteTestNG.java:112)
	at org.testng.remote.RemoteTestNG.initAndRun(RemoteTestNG.java:205)
	at org.testng.remote.RemoteTestNG.main(RemoteTestNG.java:176)
</div></td></tr></table><p class="totop"><a href="#summary">back to summary</a></p><h3 id="m132">parsertest.simplepolymerssectiontest.SimplePolymersNotationParserTest#keepThisStateTest</h3><table class="result"></table><p class="totop"><a href="#summary">back to summary</a></p><h3 id="m133">parsertest.simplepolymerssectiontest.SimplePolymersNotationParserTest#testSMILESFunction</h3><table class="result"></table><p class="totop"><a href="#summary">back to summary</a></p><h3 id="m134">parsertest.simplepolymerssectiontest.SimplePolymersNotationParserTest#testSMILESFunctionWithException</h3><table class="result"><tr><th>Expected Exception</th></tr><tr><td><div class="stacktrace">org.helm.notation2.parser.exceptionparser.SimplePolymerSectionException: 
	at parsertest.simplepolymerssectiontest.SimplePolymersNotationParserTest.testSMILESFunctionWithException(SimplePolymersNotationParserTest.java:186)
	at sun.reflect.NativeMethodAccessorImpl.invoke0(Native Method)
	at sun.reflect.NativeMethodAccessorImpl.invoke(Unknown Source)
	at sun.reflect.DelegatingMethodAccessorImpl.invoke(Unknown Source)
	at java.lang.reflect.Method.invoke(Unknown Source)
	at org.testng.internal.MethodInvocationHelper.invokeMethod(MethodInvocationHelper.java:85)
	at org.testng.internal.Invoker.invokeMethod(Invoker.java:639)
	at org.testng.internal.Invoker.invokeTestMethod(Invoker.java:816)
	at org.testng.internal.Invoker.invokeTestMethods(Invoker.java:1124)
	at org.testng.internal.TestMethodWorker.invokeTestMethods(TestMethodWorker.java:125)
	at org.testng.internal.TestMethodWorker.run(TestMethodWorker.java:108)
	at org.testng.TestRunner.privateRun(TestRunner.java:774)
	at org.testng.TestRunner.run(TestRunner.java:624)
	at org.testng.SuiteRunner.runTest(SuiteRunner.java:359)
	at org.testng.SuiteRunner.runSequentially(SuiteRunner.java:354)
	at org.testng.SuiteRunner.privateRun(SuiteRunner.java:312)
	at org.testng.SuiteRunner.run(SuiteRunner.java:261)
	at org.testng.SuiteRunnerWorker.runSuite(SuiteRunnerWorker.java:52)
	at org.testng.SuiteRunnerWorker.run(SuiteRunnerWorker.java:86)
	at org.testng.TestNG.runSuitesSequentially(TestNG.java:1191)
	at org.testng.TestNG.runSuitesLocally(TestNG.java:1116)
	at org.testng.TestNG.run(TestNG.java:1024)
	at org.testng.remote.RemoteTestNG.run(RemoteTestNG.java:112)
	at org.testng.remote.RemoteTestNG.initAndRun(RemoteTestNG.java:205)
	at org.testng.remote.RemoteTestNG.main(RemoteTestNG.java:176)
</div></td></tr></table><p class="totop"><a href="#summary">back to summary</a></p><h3 id="m135">parsertest.simplepolymerssectiontest.SimplePolymersParserTest#goToConnectionSectionTest</h3><table class="result"></table><p class="totop"><a href="#summary">back to summary</a></p><h3 id="m136">parsertest.simplepolymerssectiontest.SimplePolymersParserTest#goToSimplePolymersNotationParserTest</h3><table class="result"></table><p class="totop"><a href="#summary">back to summary</a></p><h3 id="m137">parsertest.simplepolymerssectiontest.SimplePolymersParserTest#goToSimplePolymersNotationParserTestWithException</h3><table class="result"><tr><th>Expected Exception</th></tr><tr><td><div class="stacktrace">org.helm.notation2.parser.exceptionparser.SimplePolymerSectionException: Polymer ID is not correct: 
	at org.helm.notation2.parser.simplepolymerssection.SimplePolymersParser.doAction(SimplePolymersParser.java:99)
	at org.helm.notation2.parser.StateMachineParser.doAction(StateMachineParser.java:86)
	at parsertest.simplepolymerssectiontest.SimplePolymersParserTest.goToSimplePolymersNotationParserTestWithException(SimplePolymersParserTest.java:78)
	at sun.reflect.NativeMethodAccessorImpl.invoke0(Native Method)
	at sun.reflect.NativeMethodAccessorImpl.invoke(Unknown Source)
	at sun.reflect.DelegatingMethodAccessorImpl.invoke(Unknown Source)
	at java.lang.reflect.Method.invoke(Unknown Source)
	at org.testng.internal.MethodInvocationHelper.invokeMethod(MethodInvocationHelper.java:85)
	at org.testng.internal.Invoker.invokeMethod(Invoker.java:639)
	at org.testng.internal.Invoker.invokeTestMethod(Invoker.java:816)
	at org.testng.internal.Invoker.invokeTestMethods(Invoker.java:1124)
	at org.testng.internal.TestMethodWorker.invokeTestMethods(TestMethodWorker.java:125)
	at org.testng.internal.TestMethodWorker.run(TestMethodWorker.java:108)
	at org.testng.TestRunner.privateRun(TestRunner.java:774)
	at org.testng.TestRunner.run(TestRunner.java:624)
	at org.testng.SuiteRunner.runTest(SuiteRunner.java:359)
	at org.testng.SuiteRunner.runSequentially(SuiteRunner.java:354)
	at org.testng.SuiteRunner.privateRun(SuiteRunner.java:312)
	at org.testng.SuiteRunner.run(SuiteRunner.java:261)
	at org.testng.SuiteRunnerWorker.runSuite(SuiteRunnerWorker.java:52)
	at org.testng.SuiteRunnerWorker.run(SuiteRunnerWorker.java:86)
	at org.testng.TestNG.runSuitesSequentially(TestNG.java:1191)
	at org.testng.TestNG.runSuitesLocally(TestNG.java:1116)
	at org.testng.TestNG.run(TestNG.java:1024)
	at org.testng.remote.RemoteTestNG.run(RemoteTestNG.java:112)
	at org.testng.remote.RemoteTestNG.initAndRun(RemoteTestNG.java:205)
	at org.testng.remote.RemoteTestNG.main(RemoteTestNG.java:176)
</div></td></tr></table><p class="totop"><a href="#summary">back to summary</a></p><h3 id="m138">parsertest.simplepolymerssectiontest.SimplePolymersParserTest#keepThisStateTest</h3><table class="result"></table><p class="totop"><a href="#summary">back to summary</a></p><h3 id="m139">parsertest.simplepolymerssectiontest.TestInputSimplePolymerSection#testInlineAnnoationsInBrackets</h3><table class="result"></table><p class="totop"><a href="#summary">back to summary</a></p><h3 id="m140">parsertest.simplepolymerssectiontest.TestInputSimplePolymerSection#testInlineAnnoationsWithException</h3><table class="result"><tr><th>Expected Exception</th></tr><tr><td><div class="stacktrace">org.helm.notation2.parser.exceptionparser.SimplePolymerSectionException: Error in the simple polymers notation section
	at org.helm.notation2.parser.simplepolymerssection.BetweenInlineMonomerParser.doAction(BetweenInlineMonomerParser.java:71)
	at org.helm.notation2.parser.StateMachineParser.doAction(StateMachineParser.java:86)
	at org.helm.notation2.parser.ParserHELM2.parse(ParserHELM2.java:59)
	at parsertest.simplepolymerssectiontest.TestInputSimplePolymerSection.testInlineAnnoationsWithException(TestInputSimplePolymerSection.java:88)
	at sun.reflect.NativeMethodAccessorImpl.invoke0(Native Method)
	at sun.reflect.NativeMethodAccessorImpl.invoke(Unknown Source)
	at sun.reflect.DelegatingMethodAccessorImpl.invoke(Unknown Source)
	at java.lang.reflect.Method.invoke(Unknown Source)
	at org.testng.internal.MethodInvocationHelper.invokeMethod(MethodInvocationHelper.java:85)
	at org.testng.internal.Invoker.invokeMethod(Invoker.java:639)
	at org.testng.internal.Invoker.invokeTestMethod(Invoker.java:816)
	at org.testng.internal.Invoker.invokeTestMethods(Invoker.java:1124)
	at org.testng.internal.TestMethodWorker.invokeTestMethods(TestMethodWorker.java:125)
	at org.testng.internal.TestMethodWorker.run(TestMethodWorker.java:108)
	at org.testng.TestRunner.privateRun(TestRunner.java:774)
	at org.testng.TestRunner.run(TestRunner.java:624)
	at org.testng.SuiteRunner.runTest(SuiteRunner.java:359)
	at org.testng.SuiteRunner.runSequentially(SuiteRunner.java:354)
	at org.testng.SuiteRunner.privateRun(SuiteRunner.java:312)
	at org.testng.SuiteRunner.run(SuiteRunner.java:261)
	at org.testng.SuiteRunnerWorker.runSuite(SuiteRunnerWorker.java:52)
	at org.testng.SuiteRunnerWorker.run(SuiteRunnerWorker.java:86)
	at org.testng.TestNG.runSuitesSequentially(TestNG.java:1191)
	at org.testng.TestNG.runSuitesLocally(TestNG.java:1116)
	at org.testng.TestNG.run(TestNG.java:1024)
	at org.testng.remote.RemoteTestNG.run(RemoteTestNG.java:112)
	at org.testng.remote.RemoteTestNG.initAndRun(RemoteTestNG.java:205)
	at org.testng.remote.RemoteTestNG.main(RemoteTestNG.java:176)
</div></td></tr></table><p class="totop"><a href="#summary">back to summary</a></p><h3 id="m141">parsertest.simplepolymerssectiontest.TestInputSimplePolymerSection#testInlineAnnotations</h3><table class="result"></table><p class="totop"><a href="#summary">back to summary</a></p><h3 id="m142">parsertest.simplepolymerssectiontest.TestInputSimplePolymerSection#testInlineAnnotationsPolymer</h3><table class="result"></table><p class="totop"><a href="#summary">back to summary</a></p><h3 id="m143">parsertest.simplepolymerssectiontest.TestInputSimplePolymerSection#testInlineAnnotationsPolymerUnknown</h3><table class="result"></table><p class="totop"><a href="#summary">back to summary</a></p><h3 id="m144">parsertest.simplepolymerssectiontest.TestInputSimplePolymerSection#testInlineAnnotationsPolymerWithException</h3><table class="result"><tr><th>Expected Exception</th></tr><tr><td><div class="stacktrace">org.helm.notation2.parser.exceptionparser.SimplePolymerSectionException: Invalid syntax in simple polymer section: P
	at org.helm.notation2.parser.simplepolymerssection.BetweenParser.doAction(BetweenParser.java:84)
	at org.helm.notation2.parser.StateMachineParser.doAction(StateMachineParser.java:86)
	at org.helm.notation2.parser.ParserHELM2.parse(ParserHELM2.java:59)
	at parsertest.simplepolymerssectiontest.TestInputSimplePolymerSection.testInlineAnnotationsPolymerWithException(TestInputSimplePolymerSection.java:153)
	at sun.reflect.NativeMethodAccessorImpl.invoke0(Native Method)
	at sun.reflect.NativeMethodAccessorImpl.invoke(Unknown Source)
	at sun.reflect.DelegatingMethodAccessorImpl.invoke(Unknown Source)
	at java.lang.reflect.Method.invoke(Unknown Source)
	at org.testng.internal.MethodInvocationHelper.invokeMethod(MethodInvocationHelper.java:85)
	at org.testng.internal.Invoker.invokeMethod(Invoker.java:639)
	at org.testng.internal.Invoker.invokeTestMethod(Invoker.java:816)
	at org.testng.internal.Invoker.invokeTestMethods(Invoker.java:1124)
	at org.testng.internal.TestMethodWorker.invokeTestMethods(TestMethodWorker.java:125)
	at org.testng.internal.TestMethodWorker.run(TestMethodWorker.java:108)
	at org.testng.TestRunner.privateRun(TestRunner.java:774)
	at org.testng.TestRunner.run(TestRunner.java:624)
	at org.testng.SuiteRunner.runTest(SuiteRunner.java:359)
	at org.testng.SuiteRunner.runSequentially(SuiteRunner.java:354)
	at org.testng.SuiteRunner.privateRun(SuiteRunner.java:312)
	at org.testng.SuiteRunner.run(SuiteRunner.java:261)
	at org.testng.SuiteRunnerWorker.runSuite(SuiteRunnerWorker.java:52)
	at org.testng.SuiteRunnerWorker.run(SuiteRunnerWorker.java:86)
	at org.testng.TestNG.runSuitesSequentially(TestNG.java:1191)
	at org.testng.TestNG.runSuitesLocally(TestNG.java:1116)
	at org.testng.TestNG.run(TestNG.java:1024)
	at org.testng.remote.RemoteTestNG.run(RemoteTestNG.java:112)
	at org.testng.remote.RemoteTestNG.initAndRun(RemoteTestNG.java:205)
	at org.testng.remote.RemoteTestNG.main(RemoteTestNG.java:176)
</div></td></tr></table><p class="totop"><a href="#summary">back to summary</a></p><h3 id="m145">parsertest.simplepolymerssectiontest.TestInputSimplePolymerSection#testLysineThereOrNot</h3><table class="result"></table><p class="totop"><a href="#summary">back to summary</a></p><h3 id="m146">parsertest.simplepolymerssectiontest.TestInputSimplePolymerSection#testMonomerRepeating</h3><table class="result"></table><p class="totop"><a href="#summary">back to summary</a></p><h3 id="m147">parsertest.simplepolymerssectiontest.TestInputSimplePolymerSection#testMonomerRepeatingRange</h3><table class="result"></table><p class="totop"><a href="#summary">back to summary</a></p><h3 id="m148">parsertest.simplepolymerssectiontest.TestInputSimplePolymerSection#testMonomerRepeatingUnits</h3><table class="result"></table><p class="totop"><a href="#summary">back to summary</a></p><h3 id="m149">parsertest.simplepolymerssectiontest.TestInputSimplePolymerSection#testMonomerRepeatingUnitsWithException</h3><table class="result"><tr><th>Expected Exception</th></tr><tr><td><div class="stacktrace">org.helm.notation2.parser.exceptionparser.SimplePolymerSectionException: Monomer unit is missing
	at org.helm.notation2.parser.simplepolymerssection.SimplePolymersNotationParser.doAction(SimplePolymersNotationParser.java:139)
	at org.helm.notation2.parser.StateMachineParser.doAction(StateMachineParser.java:86)
	at org.helm.notation2.parser.ParserHELM2.parse(ParserHELM2.java:59)
	at parsertest.simplepolymerssectiontest.TestInputSimplePolymerSection.testMonomerRepeatingUnitsWithException(TestInputSimplePolymerSection.java:78)
	at sun.reflect.NativeMethodAccessorImpl.invoke0(Native Method)
	at sun.reflect.NativeMethodAccessorImpl.invoke(Unknown Source)
	at sun.reflect.DelegatingMethodAccessorImpl.invoke(Unknown Source)
	at java.lang.reflect.Method.invoke(Unknown Source)
	at org.testng.internal.MethodInvocationHelper.invokeMethod(MethodInvocationHelper.java:85)
	at org.testng.internal.Invoker.invokeMethod(Invoker.java:639)
	at org.testng.internal.Invoker.invokeTestMethod(Invoker.java:816)
	at org.testng.internal.Invoker.invokeTestMethods(Invoker.java:1124)
	at org.testng.internal.TestMethodWorker.invokeTestMethods(TestMethodWorker.java:125)
	at org.testng.internal.TestMethodWorker.run(TestMethodWorker.java:108)
	at org.testng.TestRunner.privateRun(TestRunner.java:774)
	at org.testng.TestRunner.run(TestRunner.java:624)
	at org.testng.SuiteRunner.runTest(SuiteRunner.java:359)
	at org.testng.SuiteRunner.runSequentially(SuiteRunner.java:354)
	at org.testng.SuiteRunner.privateRun(SuiteRunner.java:312)
	at org.testng.SuiteRunner.run(SuiteRunner.java:261)
	at org.testng.SuiteRunnerWorker.runSuite(SuiteRunnerWorker.java:52)
	at org.testng.SuiteRunnerWorker.run(SuiteRunnerWorker.java:86)
	at org.testng.TestNG.runSuitesSequentially(TestNG.java:1191)
	at org.testng.TestNG.runSuitesLocally(TestNG.java:1116)
	at org.testng.TestNG.run(TestNG.java:1024)
	at org.testng.remote.RemoteTestNG.run(RemoteTestNG.java:112)
	at org.testng.remote.RemoteTestNG.initAndRun(RemoteTestNG.java:205)
	at org.testng.remote.RemoteTestNG.main(RemoteTestNG.java:176)
</div></td></tr></table><p class="totop"><a href="#summary">back to summary</a></p><h3 id="m150">parsertest.simplepolymerssectiontest.TestInputSimplePolymerSection#testNewSimplePolymerType</h3><table class="result"></table><p class="totop"><a href="#summary">back to summary</a></p><h3 id="m151">parsertest.simplepolymerssectiontest.TestInputSimplePolymerSection#testRepeatedFragments</h3><table class="result"></table><p class="totop"><a href="#summary">back to summary</a></p><h3 id="m152">parsertest.simplepolymerssectiontest.TestInputSimplePolymerSection#testRepeatedFragmentsWithException</h3><table class="result"><tr><th>Expected Exception</th></tr><tr><td><div class="stacktrace">org.helm.notation2.parser.exceptionparser.SimplePolymerSectionException: Error in the simple polymers notation section:
	at org.helm.notation2.parser.simplepolymerssection.BetweenMonomerParser.doAction(BetweenMonomerParser.java:77)
	at org.helm.notation2.parser.StateMachineParser.doAction(StateMachineParser.java:86)
	at org.helm.notation2.parser.ParserHELM2.parse(ParserHELM2.java:59)
	at parsertest.simplepolymerssectiontest.TestInputSimplePolymerSection.testRepeatedFragmentsWithException(TestInputSimplePolymerSection.java:133)
	at sun.reflect.NativeMethodAccessorImpl.invoke0(Native Method)
	at sun.reflect.NativeMethodAccessorImpl.invoke(Unknown Source)
	at sun.reflect.DelegatingMethodAccessorImpl.invoke(Unknown Source)
	at java.lang.reflect.Method.invoke(Unknown Source)
	at org.testng.internal.MethodInvocationHelper.invokeMethod(MethodInvocationHelper.java:85)
	at org.testng.internal.Invoker.invokeMethod(Invoker.java:639)
	at org.testng.internal.Invoker.invokeTestMethod(Invoker.java:816)
	at org.testng.internal.Invoker.invokeTestMethods(Invoker.java:1124)
	at org.testng.internal.TestMethodWorker.invokeTestMethods(TestMethodWorker.java:125)
	at org.testng.internal.TestMethodWorker.run(TestMethodWorker.java:108)
	at org.testng.TestRunner.privateRun(TestRunner.java:774)
	at org.testng.TestRunner.run(TestRunner.java:624)
	at org.testng.SuiteRunner.runTest(SuiteRunner.java:359)
	at org.testng.SuiteRunner.runSequentially(SuiteRunner.java:354)
	at org.testng.SuiteRunner.privateRun(SuiteRunner.java:312)
	at org.testng.SuiteRunner.run(SuiteRunner.java:261)
	at org.testng.SuiteRunnerWorker.runSuite(SuiteRunnerWorker.java:52)
	at org.testng.SuiteRunnerWorker.run(SuiteRunnerWorker.java:86)
	at org.testng.TestNG.runSuitesSequentially(TestNG.java:1191)
	at org.testng.TestNG.runSuitesLocally(TestNG.java:1116)
	at org.testng.TestNG.run(TestNG.java:1024)
	at org.testng.remote.RemoteTestNG.run(RemoteTestNG.java:112)
	at org.testng.remote.RemoteTestNG.initAndRun(RemoteTestNG.java:205)
	at org.testng.remote.RemoteTestNG.main(RemoteTestNG.java:176)
</div></td></tr></table><p class="totop"><a href="#summary">back to summary</a></p><h3 id="m153">parsertest.simplepolymerssectiontest.TestInputSimplePolymerSection#testSimpleInput</h3><table class="result"></table><p class="totop"><a href="#summary">back to summary</a></p></body></html>